23 2735 7293 1674 168 3783 3879 9068 7643 4247 6677 7924 8428 1395 7389 6779 9727 1920 9183 8842 7272 2199 5706 820
28 6689 2324 1251 5090 656 1106 6336 6698 7837 1391 4767 1461 7266 5692 6459 7177 2851 8885 1916 785 3835 460 8999 7228 4267 9834 1019 6721
23 3090 5971 5710 7446 3566 908 8160 4278 8134 862 7796 909 6522 6678 8048 1654 3023 4726 8837 5949 2593 3134 7049
23 1209 6662 2523 7086 846 5291 8665 2753 8585 6868 7610 5373 4032 3061 5754 9245 440 7242 7069 7751 8517 5647 2271
28 6466 1447 6068 1200 6000 8173 9833 2556 8798 7296 6326 4805 3356 9295 9957 7505 7378 2328 2146 5196 1063 5447 1258 8923 5348 1653 7459 5543
26 5018 3333 8447 5829 5719 5656 6643 156 6659 9077 3498 2607 5305 2636 1695 5492 5772 6781 8608 4737 9005 8503 9025 4364 3043 5063
11 9313 2296 1530 2718 1744 9074 111 5964 6991 2502 3965
28 2519 9733 2143 7574 172 8530 2119 2377 1620 6727 3509 1934 285 2205 5548 3796 9233 7418 3916 4501 6511 9519 5044 7039 6685 8260 4281 4374
21 549 6529 6786 6473 5054 992 2732 5713 8719 628 6732 9597 1877 54 8684 3899 9076 1172 525 4269 1758
30 4525 1883 1489 9144 665 1557 7448 6484 4449 2397 8926 4096 6488 695 2159 9978 3397 7100 2708 5427 4381 2379 6065 5867 1014 3520 1826 1865 3408 8147
19 5934 7455 3024 4875 6984 6305 7912 403 4617 4838 3297 7280 1991 3922 2606 70 4041 8279 1645
27 88 7711 4084 8464 7174 4854 7816 1476 2260 8193 7384 4394 936 4890 9278 4382 1026 3878 8905 4385 620 3109 9865 5296 3887 1038 1510
23 2465 6794 6155 3073 9795 6023 8412 5260 5915 2246 6181 6581 7510 7536 6604 9893 4465 5762 5617 6964 1495 3388 7093
29 7957 9820 3976 533 2235 5495 6313 9900 7697 7361 9319 2383 8064 1668 361 8304 1092 4425 787 2574 4774 9953 2822 2337 2289 4350 8690 8884 7795
27 519 3049 9412 8434 3594 6101 6989 6716 9612 408 6378 5583 1337 2311 9403 4373 3668 3834 5843 5276 9984 5669 5896 535 3080 7783 4133
23 4309 7140 2335 5562 8998 5959 4690 2765 8294 4771 4211 6628 3195 7765 6995 6564 5688 7469 2820 4577 1404 1731 7527
27 5970 1194 5282 2112 6703 6399 629 7513 8843 1960 8547 4060 4620 4000 8478 2871 858 9096 7786 1616 9905 3890 4735 3612 1060 6419 7111
25 4839 6912 5008 9981 3663 6134 6808 2959 8576 8476 4459 7598 6423 8829 217 1567 1648 3001 8206 1812 8174 4231 6958 9184 3883
27 5324 3655 7117 4720 3885 7232 8876 2240 524 9229 6462 4543 4359 9548 3379 9244 2868 8280 4480 7478 427 1479 6717 6585 566 8123 1962
26 606 7186 3176 9633 3666 4652 8742 1189 2072 7971 4472 2417 582 8513 3832 1945 2524 4933 334 7218 9601 6514 1961 1966 234 2322
19 423 4877 9495 9628 1873 7246 8882 1146 7071 9126 132 6592 6673 2637 2908 1938 6955 298 7519
27 1776 3546 5466 7102 6340 8191 2673 3532 4270 7794 1748 3694 6953 5558 5778 3682 4351 2222 6303 4412 6217 926 3185 6492 5499 8375 9304
30 187 3245 6304 9815 6498 5601 8785 1864 4491 2048 9167 9082 5872 4429 242 3360 6660 829 7858 9551 7589 466 7776 3192 3327 5978 9560 9977 9172 2169
27 6663 2589 6004 9487 5477 5187 9134 9263 5899 8014 5372 395 2526 7672 4135 7417 1649 8068 9989 1556 6214 8677 2827 2816 4820 3611 2983
31 1066 7810 9401 6360 6903 7663 380 990 8984 7573 1466 4266 612 9722 2051 3893 4591 6777 5675 7175 2991 9041 8853 9098 3882 1759 6373 6876 7719 4716 4891
26 5335 8029 6239 6409 5303 4659 4607 2652 3930 542 7422 6301 2729 3139 7718 5258 3704 5614 5638 8358 1156 3252 5889 3671 4695 3514
29 8175 9046 513 975 6742 3038 2613 709 3675 4884 4111 3924 3277 4168 3968 6372 5980 3431 5609 8714 9271 2629 2259 6273 8090 4424 6931 5485 8921
27 4758 19 661 839 4613 2178 3970 1862 459 5031 7726 7341 83 678 3593 6692 6755 8886 3889 7470 4760 3683 1128 1473 3543 2019 2509
22 3817 6654 6168 718 7277 6652 4709 2290 7931 1598 8494 8646 6820 3406 7708 4694 2485 6758 3376 3599 7200 3207
26 1560 6189 5517 9926 3740 4615 704 2602 8220 5074 5201 6059 7298 7094 3511 3391 8473 8975 6935 9257 9986 7954 5798 7603 9860 5390
28 3580 1414 2711 1904 1201 6402 7191 2797 6268 1944 202 7935 4718 5379 4388 2414 8889 6532 3736 9895 5546 5946 5246 8341 8156 5318 4286 5244
29 1273 8783 7224 2399 5620 6601 5409 81 5564 2248 3673 4515 9994 9378 9085 90 356 6030 3756 2553 1687 2092 7725 4545 5759 7136 1287 6465 6152
30 7499 3527 6159 2783 4115 100 9737 8667 5567 8159 9000 8871 9778 6165 999 7195 4932 5164 2496 1153 7144 2877 3576 8152 3417 6968 8897 4157 9638 2117
27 7109 8274 615 8682 832 9617 2817 444 3657 9623 4019 1810 320 5734 7520 7914 344 5110 2872 9437 7688 7050 383 7906 2819 6191 86
25 1867 6502 2230 1518 9524 6886 6871 7118 7274 1947 2241 2319 3186 5097 1371 841 7072 8668 752 9903 1575 848 429 7676 2620
27 7965 9166 9503 7876 1963 4139 896 2527 7048 1330 6848 2958 4378 4248 4682 3123 1034 9943 1578 2616 2800 6075 3868 1847 3229 737 6405
22 6822 2603 499 9754 396 1686 928 9110 1786 3684 4612 7897 2097 1103 110 7023 3971 4178 3042 4310 5666 805
28 4679 3119 6669 4807 2937 8506 6120 8692 1071 4856 4985 4395 958 4708 4619 8887 919 3223 3943 312 6045 3369 9669 1161 2312 2200 9176 4124
27 2432 4873 1697 5699 4376 1046 1331 4756 4819 137 9784 6116 9239 8233 6281 9856 8056 6124 3248 5935 2764 8501 7112 2770 325 4909 9430
19 7070 6139 4635 6942 9512 2551 767 2128 4347 6094 1539 1834 3222 4237 1999 4512 8381 668 5071
28 4742 8489 9274 7580 6503 7208 2434 9062 6962 4117 1603 6857 3328 1921 6733 3913 3161 5321 8124 143 7369 8398 2046 1809 316 3652 1699 5020
26 3055 5227 8892 5120 1792 9610 5124 7778 4937 6548 3300 9331 4322 7107 1434 9616 4513 9386 9841 747 9057 3162 9427 13 6665 2597
13 6002 1838 9459 1 2554 731 195 5454 79 1086 868 4185 4348
29 8292 8149 2975 284 164 7840 6570 5994 3843 8028 9160 8446 122 7018 6308 8283 9448 4175 6371 3011 4391 307 3698 4610 540 3405 1312 7881 8718
28 6031 211 881 8542 8953 779 9724 5569 1389 6312 8590 9704 6332 186 1017 963 2894 3060 1928 4229 9922 3914 2196 3041 3335 2227 9131 247
27 672 8630 6741 3066 6771 4024 907 2386 3247 9238 9038 1368 4121 5350 7497 7031 1782 9802 6992 6508 2136 4230 2843 579 750 5953 3569
24 7475 567 6053 4153 1386 3054 7135 2291 3258 1930 196 7222 4988 8958 9447 8347 875 6675 7893 9066 7518 9426 4616 9693
28 8477 696 8548 1908 8093 6927 9276 4300 3373 3146 4062 2622 8326 8284 6774 8442 1469 5401 5648 5418 5378 6097 4192 763 1191 690 8265 9906
21 5235 477 1778 7483 3404 8027 5906 2294 9218 4473 5741 8633 745 192 6193 9794 1726 7722 9525 7053 1367
23 6277 7435 6455 655 3680 5069 7239 8244 8481 5610 1747 8039 4012 3074 3927 5828 3071 9189 401 6911 1614 6096 3097
17 2720 5218 3601 7236 9925 7291 7591 393 2283 5580 5767 1514 6246 1285 1691 1887 4861
21 9409 1228 9666 1260 2825 633 1256 4552 6579 1643 4784 1470 9362 1591 7122 6384 4553 1576 2457 2224 4803
30 2920 1407 874 1830 1729 241 6280 3669 6161 1393 8225 6880 6983 4590 385 6117 4218 9663 6557 3695 8267 7213 4413 6195 6872 8834 3304 4844 6260 5672
17 4094 7864 6377 5475 1292 547 509 5354 3143 5533 7828 2623 3107 1226 5476 1950 1972
22 3629 6485 6875 9640 8940 161 6213 8909 4147 6800 130 7594 9592 6138 6047 6366 2994 2684 9055 5151 9051 6018
26 719 5352 8747 3083 1459 8595 9998 1624 5033 8186 7944 3395 4903 7853 1321 6668 6646 6194 8781 9745 5461 3641 5855 2329 9281 2618
23 677 3708 7926 8228 2808 2438 683 880 1075 2371 2587 1486 8723 4212 5924 1881 6153 1064 6867 667 5399 8877 3643
19 3607 8965 6910 7529 9911 4582 94 1388 6231 4505 5594 4442 9877 860 1788 828 8468 5544 794
28 9679 3918 3461 1655 1755 572 5866 1738 5405 5824 5709 1656 2737 889 3689 1119 3955 6599 2363 2723 7059 8849 4611 6546 2185 1497 6518 4243
31 1097 8932 3865 199 6764 6969 5366 7558 2547 1716 6838 893 1800 2332 3053 1988 3010 6813 2499 337 9161 915 5264 3744 7905 1043 1570 749 778 4750 2163
28 5497 3249 7768 1986 4602 4318 595 9836 8505 9810 3877 9479 742 8813 8325 6531 3187 7279 8349 8142 6209 5096 265 9936 3033 9589 910 7410
28 9752 7687 4112 7602 1272 8236 7019 3261 9812 1048 3691 6699 8492 689 4993 4979 676 9039 2462 9535 3151 4108 3440 555 6788 6323 430 3850
20 6670 4984 8203 9105 1491 7438 9604 826 7769 9741 9838 8334 581 5217 363 6947 5747 2707 1849 8330
31 1757 1384 3773 4207 2245 376 7263 9948 294 2648 1188 8150 2614 37 1402 5243 8107 7706 4026 7851 7670 4900 3179 9875 1425 9129 4554 3518 811 3994 8350
31 5440 9090 4233 6547 7685 5453 9158 3952 2680 7754 9328 754 274 4038 3045 2632 9193 53 1889 569 6624 6310 1070 9660 5239 9781 9014 6434 9918 7161 7058
26 9514 3276 7792 6718 7380 225 7096 3418 7629 7569 1979 4167 9779 6167 6602 9929 7137 4573 7634 1076 4684 5489 3942 9434 8724 6600
31 2571 1170 5189 419 3972 8445 5660 3524 2810 7234 2040 6683 9421 2437 2213 7531 2413 8676 4334 2489 2022 6369 5940 2743 7980 1280 2610 5458 9558 8171 1212
27 6381 666 8493 9132 7883 5879 2057 5486 9697 4899 6975 2175 1056 6651 3678 6166 9197 5928 5467 1825 1585 7977 6317 5150 392 1084 6350
6 9003 9405 4575 4246 2573 5891
6 3549 5615 3202 7813 9921 3733
29 4601 2424 8370 8536 7668 986 6896 1846 3981 9844 9303 3450 2444 8545 4217 2231 8314 6802 7973 8805 1520 5053 604 5051 8369 5368 3898 6603 2516
26 6252 984 8915 4274 1239 8030 9300 3443 8105 7587 3449 8511 5068 5728 5738 8006 8221 6761 8716 5820 9243 6586 8195 623 6840 3289
22 7657 1637 5049 3200 507 7759 8190 2173 2156 163 6680 6187 2956 2299 9718 4946 1329 9695 3649 3587 2083 5578
29 8708 658 965 318 2651 6261 4034 4477 6850 6391 5039 6775 3699 9583 9488 6561 207 3479 6637 2792 6099 5515 9956 3415 5077 4540 4911 295 7036
17 5860 1492 6164 9586 3842 1529 9732 6104 2933 3198 995 1452 2683 5363 1225 2848 170
8 9847 8227 3536 5687 3504 8762 9970 5149
24 2883 5727 4935 4225 7884 8529 7642 9357 636 2272 8624 6605 1772 6325 6226 4262 6180 9124 7423 2807 6207 2133 7524 2814
13 5445 3005 6206 6338 1399 6349 3902 1708 9878 4160 1277 7539 9476
28 9976 3147 3490 4099 1179 3062 2557 5664 9225 5080 1519 3730 8769 8621 551 5796 5468 597 6236 7938 705 937 9714 8327 5449 9635 8414 9334
19 4078 3409 4194 498 4396 3057 1319 1706 3996 1373 664 5749 3040 3273 390 131 5873 3929 8861
29 8310 3294 2957 9696 9743 4544 4541 7941 8257 8296 7488 3295 2375 2137 7440 1516 7217 8247 8656 760 5945 8660 2001 5338 5932 5521 6998 8 8433
27 6916 7028 9267 5777 9871 8609 5952 353 4113 1891 5155 3959 8725 1031 7179 2854 7486 5963 9572 7443 5740 5203 6330 9999 8606 1718 8947
29 4008 6404 9556 7243 9511 6638 127 2675 934 4353 4634 8097 7620 4942 4430 3154 2552 3707 335 227 9892 5115 7841 9465 8867 2583 5413 8581 9677
23 9888 190 2511 3632 8681 6048 7856 374 8869 5967 7370 4282 8627 9800 9351 473 5396 2087 2150 5199 8466 8604 8047
25 6263 3236 4467 6066 3213 7474 261 8669 235 4892 478 2012 6299 8841 347 324 3957 8455 5845 9007 1540 7533 1001 1207 5841
16 1305 3540 4184 3105 9483 5062 434 7955 9955 6505 3681 7288 3797 5505 176 6439
30 1178 1949 3565 1693 146 5724 2921 843 6885 6444 1681 809 6816 9163 449 7201 7584 3089 9531 3706 3183 4755 287 9390 2103 5659 8320 56 3690 2049
29 6815 1784 1030 2605 2639 4645 9647 2045 2558 1364 2645 6999 5102 2344 6025 924 4053 2419 5215 3953 4182 2067 1214 8411 9747 431 9717 1931 1646
28 3307 1512 1588 1240 2570 8937 3775 5400 9652 9720 5635 3776 7615 8593 8437 4036 1253 3659 9173 8202 6335 5146 6019 2730 8352 4813 8185 7467
30 303 2233 4164 9382 8085 9497 5695 369 6333 355 5073 7650 5763 8844 7461 7541 9211 7027 4670 5331 9415 5148 5644 5162 8008 6978 2449 1247 4103 9326
19 4071 9935 873 6319 1322 3201 8010 7815 9404 9529 2655 8201 2886 1095 1419 8818 7335 3126 9668
29 2316 2166 5890 3411 9464 1884 4713 178 5792 6156 402 724 8140 4685 6617 4093 2274 3296 6972 3383 8356 8139 9764 759 6461 7824 5629 4186 626
12 1335 7114 8967 1582 2909 7073 4275 6606 6715 7489 1293 6934
22 2917 7612 7927 8803 7434 4372 9645 4441 1912 8339 2373 8289 5191 8775 5484 7340 2420 4155 6432 6429 940 1545
26 8731 8557 6756 135 4141 6647 5426 2388 5021 4209 8906 3962 9428 850 7354 6709 3658 9973 3548 7526 2249 1663 2138 2286 7017 8019
24 1138 2738 200 3717 6392 2059 3784 6013 6121 5933 3570 8460 4489 7860 3078 3553 4565 8432 2801 1083 3581 2262 6107 1190
21 9619 9649 3989 9297 5511 2927 7916 7633 5764 3782 6389 8872 5976 2062 8270 701 9423 7377 1957 1091 8730
29 2061 8458 4910 439 8791 2981 1725 9950 8182 4675 6451 7599 1622 4831 5165 500 5863 5456 6626 6408 4434 8012 3932 7836 3687 6881 3719 3619 8022
24 5086 8484 530 4920 266 2741 4593 2011 4623 6106 8918 912 5730 1296 4567 870 9788 9122 4765 9491 2070 9451 3559 4530
28 4058 789 7314 6430 8795 529 6132 9284 4249 9644 3323 7734 9400 5921 4461 7942 8215 2549 1829 7251 2643 1288 4402 2847 4197 5265 1559 6185
19 4618 7156 5006 69 1601 9832 9475 6744 8819 2365 4997 2932 5918 1021 7771 1035 3792 3884 707
13 7929 1609 7804 6154 5789 1753 1291 2195 5002 5131 4925 3028 1327
27 5300 6745 208 4101 4123 3315 1660 8617 9884 4832 5072 9902 1926 748 3823 8852 5078 1484 5974 9058 6933 5797 3718 5676 8337 3812 5545
12 1315 817 277 3875 8088 2767 3492 8196 6080 5774 913 962
20 9707 1605 608 3816 9345 475 5853 8101 3622 4070 101 5936 4808 5339 2456 1185 5493 5988 6494 7509
26 7429 2297 9392 821 2945 953 5519 5259 9248 6833 5529 3413 1058 8567 7608 1853 3472 351 1795 885 1437 792 2550 845 6087 2586
31 7861 1323 9320 7000 1460 5751 300 2075 516 987 7624 2601 7009 2116 8361 1824 4076 8241 1621 9853 1574 4169 2588 5822 7055 1059 1890 7165 6482 5253 976
24 4059 3197 7779 3181 4533 151 1911 3896 6530 7132 5216 1116 9093 577 5577 7371 7199 7022 2194 7530 3014 4977 590 1923
28 5192 9402 4255 9353 9164 8546 3905 7301 5041 4747 7998 7189 6131 3912 2336 9725 1971 3171 5726 2890 289 4998 7008 9690 8168 4140 5446 1439
15 5299 8290 8786 7867 8772 8071 301 790 5035 8443 8527 9277 3378 901 1507
25 6783 8024 5369 3544 3319 7253 9842 2406 4858 2898 3862 6437 2089 338 9706 7462 6442 8817 6376 6554 1162 1099 9777 6341 6960
24 7401 1438 4833 3050 506 6648 5088 8300 7715 5099 5289 9987 9534 4407 7101 9250 1165 1965 1361 3497 5365 4131 7225 5478
27 8758 3430 2992 9485 6446 3232 5557 7176 7316 1781 9783 6728 6436 5722 801 5195 116 6812 3131 2392 9145 8949 251 8636 7950 3987 5108
26 2015 2031 2167 4990 5351 1109 4256 9962 8214 9157 2479 4279 6513 6785 5565 6798 5956 9363 2257 2342 3091 6032 8080 6348 3838 3380
18 4855 7287 457 6012 4029 3818 952 9028 7516 7045 5386 7262 3137 6982 6714 1932 996 6517
24 8773 7940 6352 1967 9043 1501 1448 614 9896 4964 9683 5385 8752 1953 4161 4444 9443 3087 7826 197 2098 2697 6453 8612
30 7463 3257 3910 2717 2110 7562 7081 9632 9611 3977 8911 9462 1743 2996 4452 471 6145 2317 2761 5671 9603 2647 7869 1728 6973 7565 1141 1082 1418 1948
21 3167 6150 3779 5816 2442 5799 772 97 6248 3997 7967 4701 7062 7743 7192 4874 4176 7908 3118 5111 7909
27 273 7993 2626 6922 2916 823 46 1583 7457 6179 1532 1264 4496 2400 8793 6362 1858 5506 8180 5750 9010 3349 5311 7300 1573 2926 6533
23 3444 6135 1142 1206 5679 5913 8431 7865 4739 8987 8383 1053 496 7721 3769 6768 4548 7359 7995 9787 5653 1478 8120
23 769 7198 3291 412 4806 5249 1714 1597 9774 4067 9175 8526 8828 2201 1712 7170 5960 4753 1400 998 2243 5697 8674
27 9913 5954 4686 9872 1346 3802 91 7339 280 8148 1612 2042 2923 4265 3873 3374 2678 3303 5781 5283 5 7348 2976 2389 8538 5230 7115
23 563 9636 493 4415 350 8645 5163 9407 1767 3979 8779 125 5911 8318 8405 36 8365 5178 605 9993 2628 7215 4042
21 9305 7108 6630 8079 3829 3547 4561 9136 7106 9541 7966 738 1183 4950 548 4189 7845 4261 4700 3238 8666
27 2247 5387 5089 4830 2787 559 7344 6902 9729 3731 3432 5104 77 6204 7313 9816 27 7388 8286 4341 6766 4580 5812 7079 6433 6113 7460
27 9563 9406 6804 3739 9100 8694 8827 286 9496 21 6386 9490 357 6629 2506 4632 9665 5255 2517 2968 3243 3486 31 8452 4723 1633 6595
16 4377 3579 9316 7557 3583 6182 7684 884 2202 8197 4766 7989 1919 6355 4177 8654
26 2135 1113 9627 4048 3750 3124 7532 397 6996 9547 9185 6483 7549 9522 2615 5739 8702 6828 1462 7052 4795 7163 6981 906 4338 4683
27 6412 3651 1363 4826 1685 1474 4371 7812 6331 76 819 793 9939 8471 723 8162 8709 1749 4240 4534 3727 3934 1354 447 7537 5312 2818
27 713 8302 4196 4482 1430 5437 8500 8800 3854 2804 8007 2882 7798 4902 7397 7330 2522 1241 6428 2347 2148 6534 4570 2604 8311 5047 8374
26 2949 4583 8574 4285 3616 1845 4063 7456 4969 3754 8746 8109 2829 1924 918 1387 6415 260 5360 9442 8922 3382 5007 7775 8924 9359
16 700 8736 9602 6029 8989 7209 8151 7808 4989 550 9324 4340 2129 991 9293 7433
20 8703 1406 2642 989 7698 8854 8118 1023 2533 9398 2795 1659 420 3125 8707 107 7667 5508 1202 6524
26 117 5808 7406 5955 5779 1245 6618 8485 1896 7724 1791 9221 5472 4722 9150 4369 5522 9688 7571 7890 2071 3336 6826 8706 6787 7522
27 3442 3596 8328 1994 3398 3993 1613 9075 711 5221 8901 8534 5694 4569 7820 1450 9835 9899 5114 4738 7644 4313 8754 8880 3702 0 1722
22 6695 5213 1121 4064 4938 5036 1181 9952 1455 4159 3761 275 4002 4608 8883 5052 2719 3446 8584 2687 2102 6753
27 1543 7889 4661 2518 6454 5267 6346 7555 8510 2907 6519 9001 2218 238 4316 9355 2995 6314 5330 8570 8663 1600 1303 9169 2679 4 437
27 6831 7891 9011 6425 2333 3493 1553 9928 8058 121 1709 9006 7237 8169 3907 2567 8812 3337 7030 5028 4422 6535 5056 4860 1665 5404 5646
21 8890 5284 3242 1618 6555 5633 3517 1974 9088 6506 3613 9413 4812 4095 8712 5775 1848 4531 5407 296 8232
29 3156 4387 4624 1233 2982 6024 2385 9156 1338 2568 3561 8826 4085 2063 3159 5309 4276 9083 6055 6229 8839 1028 2050 900 8089 8429 4049 8178 9117
20 6901 7020 3334 8868 2250 102 5043 9195 9019 5190 5438 1851 632 6577 7419 229 1093 2540 1898 4846
23 8518 9347 9282 3108 3116 8379 6719 3434 1004 2846 7392 8551 1702 7552 8833 4423 803 9435 2701 765 8756 5612 2445
29 5769 3311 7546 7572 9450 6705 4605 9234 6098 5451 8416 3127 2599 2947 9967 1145 5357 4572 7838 6215 3764 6723 2929 4179 4519 4172 7436 7011 8618
29 9393 7398 245 1326 8796 5674 3290 4792 3648 4653 9789 7949 6866 8693 4335 2308 6072 4151 5346 8625 1641 1366 5923 8211 1701 6853 406 1150 9472
29 8878 502 2973 1550 2686 657 7762 3133 7515 5700 6898 624 7791 2762 3101 1171 4748 3815 5200 8041 9094 7495 1808 4180 3441 5055 4490 8453 6221
21 7040 3826 206 601 5627 3732 7041 1081 715 4236 3231 7231 5523 736 6873 8855 7098 9111 6267 7240 492
19 3855 8262 8832 1843 7442 2781 6639 9265 1101 2866 1836 6568 3876 2873 7753 7992 5057 669 8726
29 1515 739 481 95 9620 5433 9564 9539 462 4594 7614 3963 7647 6038 1314 1842 2242 6309 9500 3800 7452 9719 2310 598 4927 7219 4951 3255 2897
22 3371 4781 5996 8816 849 6196 7342 2969 2565 193 8691 6642 2021 5313 3212 8532 528 3076 6315 588 9885 9515
23 1992 9864 5756 5678 6380 6270 9458 3609 9687 9894 5140 2027 6388 6847 5745 2010 8255 4462 6233 7450 4390 7182 2090
24 9325 8711 867 5045 5135 2341 1819 7819 6083 8933 3501 4912 2542 5490 2204 7328 5270 5927 2120 8683 7269 879 3903 9770
28 9675 5858 9965 4228 4658 8188 5576 6081 3909 6067 7407 6157 3269 9152 8539 9821 9653 6351 1894 9356 7317 6435 983 702 3591 1939 6458 3618
21 6198 1372 7347 3292 5532 4092 8857 4073 5153 4518 5823 1982 73 4162 3214 5806 3956 1115 7968 391 840
27 7928 1773 9813 8521 4137 415 4344 8851 8266 4086 9141 6375 2154 1307 1154 2451 4529 8845 4193 8393 9854 5800 8095 7151 7985 2172 2544
29 6807 3640 2681 933 3615 3366 9684 4356 9963 8288 6596 8661 1320 6940 6149 9212 2712 2772 8744 5488 6084 1413 2970 7577 8249 5003 8122 5606 9796
30 4435 8425 6410 4088 4957 4007 921 5844 6426 387 536 133 3494 9709 9269 9162 3342 7720 1936 269 8144 6653 2080 9793 58 2113 3093 9577 5408 3528
15 8640 2942 3368 8285 8192 3809 2721 3000 4971 4963 4077 1333 8137 7393 8865
25 3869 8158 209 3199 3220 671 494 7466 5001 8491 384 4144 3299 220 2255 7124 4342 4991 2692 8866 6614 7568 9387 5293 5665
17 4307 3990 9469 1997 7444 9708 855 198 8126 5242 6528 9739 899 3132 8948 8106 4129
19 3253 4693 6200 854 9180 4643 8804 1098 1302 458 2468 2722 1396 1471 7582 1493 3545 3004 6527
26 375 5491 1524 2216 7710 1079 5837 1768 7498 4224 6406 2740 8544 8470 6540 8623 4389 8469 7623 3633 2806 6993 3347 7350 4790 8301
20 8329 3575 2401 2440 1863 233 7630 3521 4263 205 1036 7302 6759 3481 5657 5252 6899 9596 9960 6441
19 474 4208 9255 448 2635 92 8116 674 4879 7564 7366 7120 9155 2596 278 7260 5785 6129 3491
26 5868 7180 4794 4107 9492 8504 2745 5116 2809 5219 3765 9361 1592 5786 7807 3072 6928 1711 9350 2387 9342 7126 8256 2435 2094 5979
26 3696 9109 1634 267 2831 1069 2715 1424 740 4777 9917 7032 4166 8317 8986 2555 2493 3642 8223 5884 371 2321 4418 1878 587 1569
27 7913 7097 2881 1453 9429 7256 649 9228 2760 4221 5670 6211 2190 6061 1770 6525 3888 9932 2162 3630 522 2815 2326 8363 321 6559 4592
29 1040 3148 442 5732 8995 4639 1511 659 8820 3211 2374 6772 1720 456 556 8335 6827 1596 2403 5588 8757 8454 8964 188 6051 4905 3069 9700 8217
21 222 6123 3092 802 9314 422 8806 2790 6925 6751 1199 2345 7403 8115 1298 8354 2617 2895 9883 8387 1140
31 1005 7320 8573 7870 1102 7535 1168 8981 2164 4068 7205 5804 8917 8143 5314 9870 6754 6079 591 7254 2239 4216 8859 1244 7607 7214 7563 5455 7131 3386 1134
23 6403 1977 3915 8554 3326 6089 8023 897 7080 282 7021 2837 9079 1690 5271 735 9315 7578 6841 8474 7981 2168 4483
24 3555 1803 2184 9018 1443 52 7221 6234 1429 7755 3597 1572 9422 985 8778 8060 8322 5197 336 9567 3836 3860 8098 3588
16 7013 9231 7534 3115 3152 4055 5181 5950 1615 6760 2361 1662 3322 9782 246 1542
15 5424 6329 6208 9702 1910 9202 177 4888 1257 7691 4314 9474 9593 9029 2591
20 5693 2641 368 5382 28 6224 687 2863 5274 1927 5084 8755 5595 5010 7878 7311 980 8002 4271 9545
14 84 2536 1002 3685 9837 4470 8687 6043 894 1107 2918 9643 7439 9803
28 9140 1860 2455 6128 3026 3082 2665 5803 8631 3469 9322 8767 2478 1286 4333 4745 5518 3056 4757 5599 5395 6702 3712 818 3734 5029 5865 7223
14 4894 5991 6274 6082 9849 3206 1935 221 7202 3595 2188 1318 2830 9568
20 920 1630 6951 3602 2212 6980 9438 917 30 470 4702 407 5736 9648 2307 8925 9432 4040 3012 6750
18 6706 9463 1995 2425 6141 8112 1381 2088 160 8336 6447 6631 1764 165 4311 4484 1456 8594
28 9799 109 7638 6220 6356 5228 1441 8970 2292 1820 6915 1981 2621 9397 3489 1094 8732 654 2416 1440 4676 4680 4551 5560 9775 9198 6148 8331
30 7956 7129 3396 2305 5012 8615 2404 6359 6243 1875 2 7148 6240 7626 7024 7802 6282 1432 5947 87 426 2266 145 8765 7617 2564 9369 4904 7789 8069
17 2559 3358 1325 40 5805 6103 5784 5703 9772 2139 5269 6074 9591 9296 2492 3631 5179
26 9449 2132 210 6475 6062 993 2525 9882 2875 7654 670 1840 2024 4919 4730 5851 1554 1274 9840 9147 1586 8226 4729 3279 8582 5398
26 5717 1013 8462 780 1797 6512 9364 1412 1299 7894 7508 8963 1420 8291 405 1882 2269 3864 6086 4721 8483 2878 2592 1472 1261 5232
29 2695 4428 6307 2537 7579 6967 3439 1458 847 5134 4046 5587 6858 1783 2016 305 8362 2757 7238 6623 5755 5085 6040 3226 3106 9540 9200 1987 4320
27 961 5743 1869 5686 7686 645 9466 9101 7805 4302 959 3592 1317 4881 5925 682 322 3844 9594 191 4983 1442 4339 9461 3172 9753 4292
22 372 7329 3354 6567 5593 2343 4072 5133 1980 1008 4264 4312 4535 6469 6948 3136 4560 358 3209 3407 9391 2951
28 7952 5948 2147 9104 3036 6216 6247 3901 8407 3271 6064 5715 6609 9988 9114 1796 9091 8438 941 8436 8673 2803 1151 2369 6472 3037 3653 3638
27 24 2079 5295 8991 8128 169 8167 3165 9566 8801 1198 5527 6920 1715 6486 9862 6509 7970 5333 6688 564 5667 4408 2865 6470 6795 2755
24 1105 1111 2997 8421 2470 7503 7187 6223 7857 5256 9103 1383 8616 600 1763 1933 9588 9502 6667 5316 8959 6300 8332 3880
22 4090 5237 3317 9705 7382 9209 2857 9222 8610 777 3308 5176 7007 4487 8049 1857 6734 4754 2971 9285 7868 8596
20 768 8055 7355 6904 5862 1163 8153 3339 1468 6906 4030 4614 3260 3343 1506 3571 2940 3978 7611 7953
27 9084 9473 3947 956 6575 3778 9070 5847 6416 9508 9983 5061 5389 8811 4323 8061 2263 7923 3806 3810 8655 9521 4061 3310 9446 7739 5147
27 2869 726 6192 935 8059 6580 7746 7693 9388 2612 3075 7525 8212 283 8415 9092 3283 4039 9621 1126 4427 4102 2251 1195 3500 2211 4432
25 8962 6849 697 7196 6173 4828 8533 979 7305 2498 78 5278 42 3503 4870 1243 2155 4589 8240 2879 9120 5024 7649 6258 9829
24 2356 2538 9012 5626 6739 7386 4966 2667 8062 9817 1431 7091 8516 5233 510 1769 8931 5119 4576 9108 9235 642 3240 7809
23 9550 3475 2782 4656 7103 7811 5452 5708 8550 239 5210 9333 863 5292 7871 7012 2085 253 6690 4598 4650 2625 4818
11 4637 8020 5480 362 2488 9253 3703 9499 9517 5065 5836
30 4150 699 4109 8823 32 9410 1169 2924 147 7078 3496 9270 2504 214 4547 2354 2752 8172 9201 6354 1754 2450 4010 6844 9771 3741 6294 5720 5415 5504
25 6115 6658 8902 951 7190 7785 9889 252 5009 1051 7490 9671 517 173 8863 2447 505 8680 4306 5236 9600 6817 7310 5811 7937
25 3988 9052 5214 4404 2731 1281 2979 3785 3429 5105 4499 8136 7142 694 3674 4850 1535 4238 6232 7835 8913 3954 5542 6212 3533
28 5885 9920 6296 8133 5234 9138 7387 2095 2630 5481 5992 9533 8199 2563 3820 2381 3355 5624 8389 9063 8515 2301 5204 7416 1892 9937 3264 2225
18 2384 1411 6801 8598 8457 5630 6691 5938 4783 1077 6725 5037 8467 9396 9227 616 9931 8980
23 4379 5358 2118 7874 3420 6078 7595 9151 6907 6864 7987 3610 5262 2443 3973 8081 8498 9959 2545 5275 44 9178 8253
32 7399 4260 7379 8973 560 4862 7984 6379 4787 9859 6114 3256 8873 534 3628 4336 8930 570 6328 5397 9332 5013 5079 8208 5773 2013 5345 2423 3983 6151 6016 5571
24 541 9985 7373 1628 5422 1232 2661 4724 5835 3157 5301 5559 7077 495 4647 2500 6704 4945 9236 5643 764 2258 3452 5254
11 7561 7948 712 6464 5095 7402 3819 9759 4474 914 1704
22 8670 6793 2109 3352 4893 3144 3846 4638 8697 8234 7421 5355 4508 1906 7426 7946 2880 4922 7123 9061 8607 5125
22 3578 7113 4853 6056 3007 3070 3799 5534 5364 3661 1941 5611 8400 4936 451 8771 4609 6095 4288 5972 630 8994
29 4143 7230 9806 5957 2577 5584 2930 6279 4031 8401 890 6036 3463 4843 8903 6846 8729 9866 1237 1505 158 5509 3015 1362 360 8083 1677 8535 939
23 568 9852 1564 5621 1175 8298 2954 6197 10 2710 613 9366 8592 8944 2965 4972 5098 7395 573 9123 5361 6976 3286
20 4494 6199 3068 9349 5597 6655 2960 9639 1682 6363 3604 3766 3180 9494 1174 4057 108 8939 3969 2130
26 8950 8209 5771 2056 611 6244 4872 9822 3421 2989 9056 518 6578 964 8360 2256 4681 3401 4822 9032 5231 373 721 2962 8205 4321
27 6228 1024 8224 6634 4940 1324 9159 8560 377 3986 1283 1073 2431 3389 9933 2427 3419 7559 4183 436 9210 2223 4649 1055 3984 557 2410
20 622 4706 4630 6069 3453 1215 8523 7729 1259 1197 8072 4916 3574 527 7220 5651 3747 370 5705 4301
26 1833 4885 9845 5347 6729 4786 1422 5123 9192 2835 9785 3992 5908 50 5966 2950 6552 9565 2111 9323 1268 9599 8934 6576 8891 6060
27 6541 4546 3510 2896 6523 4485 1537 1942 4871 5323 1638 7866 5092 2142 6142 6225 2584 3365 574 6175 7261 8269 4995 5942 4731 9646 2669
14 6961 2714 5636 4703 4411 9750 3720 8997 1131 8572 706 746 9536 2508
27 29 4414 2198 9575 9064 6026 5169 4433 4802 5340 2861 1275 4549 2560 3960 3777 6091 2733 8305 2575 3726 8032 3100 2888 5581 1751 3737
30 1664 3758 2657 3375 1684 6537 2706 6657 4866 5878 8366 6743 9826 1905 433 9506 8127 8496 5261 5795 9995 7511 8825 5814 2598 4785 3318 9940 136 4955
28 55 9452 9559 6413 3542 66 7278 1415 7829 2393 3710 3425 2670 537 1629 6854 7405 6249 8439 6320 8568 8441 4968 3627 7183 756 5758 5538
25 9523 9128 2074 4666 6526 9127 3098 1110 7604 7415 2191 6830 6897 8258 1485 8495 8045 2466 5696 7705 6661 1149 8251 7784 2862
23 9216 7210 1959 2261 3537 5628 1494 4195 230 4907 8450 2309 4440 6888 256 8993 5849 6318 6736 6497 6001 931 8727
18 9283 8459 1010 9252 3330 5019 7886 1780 167 8423 6954 9898 6250 1837 9831 1740 3048 2993
22 4842 7471 3362 5417 7750 808 5168 9880 6829 3917 2197 4674 4960 9365 2638 7160 5987 8541 2421 1488 9608 5225
29 2576 6110 7648 5663 4291 5642 9165 6374 2477 2122 857 194 5470 6859 5175 2405 4762 9468 8013 4672 9961 7044 4728 9486 9383 4392 9938 2845 7235
22 311 1421 4017 9712 799 4114 4498 3499 6140 3210 4915 6478 1850 1673 7728 9352 1068 9715 6278 9674 1517 641
28 4346 6884 4421 6186 9179 4403 2076 4497 5995 1561 8063 9376 4232 2793 8525 4816 4715 2475 1347 7736 5551 5342 4641 5294 8163 3664 1547 3589
14 1135 3767 2693 1435 4961 6490 2149 5832 1144 1379 2579 7338 4116 2746
27 1888 2357 5748 8146 381 2033 2126 5193 1779 7843 9574 680 8344 7285 7543 972 7047 4438 9455 1049 5209 5869 6177 7057 1698 398 464
22 734 5875 5540 57 9190 8367 3102 4130 3646 4834 9226 1584 4772 7501 1125 9510 4876 9009 9807 162 270 4793
20 4948 2512 3129 3605 4520 6006 4289 3967 6938 3344 1895 5575 5277 3448 3312 3848 5144 9203 4741 8308
14 3149 7704 3188 9947 4297 3636 5082 3760 5813 3359 3771 2252 3274 8569
3 4214 7325 7678
16 7119 6740 5425 7085 1627 6480 578 5064 4734 4539 9299 3282 276 4597 3982 1855
29 157 7512 1177 977 1835 871 7010 1752 6905 215 3845 2535 2532 3808 3568 1901 2876 6037 309 925 3363 6287 6890 2624 4287 2152 5900 3204 5857
16 3654 8345 1541 8051 279 8281 1007 592 2144 9590 3039 9552 7974 9827 2353 6288
21 2986 2123 7248 119 152 2217 2160 6946 508 9346 17 6289 1678 5831 9119 3853 9637 1210 49 4416 4865
29 297 5113 7372 5212 3414 1733 8094 9655 7037 3278 3534 7781 232 7292 1604 7345 1457 7895 1238 4110 4401 7833 1552 5362 7374 8091 2073 2221 2840
17 1978 3208 2495 4202 5539 2105 9394 6593 8780 5907 255 575 8916 3016 6353 7741 3560
27 3103 6493 7975 6550 5503 3721 2578 5951 7014 2025 1104 9330 2931 2580 5000 1011 7674 80 619 7593 5423 4181 1599 635 5443 3975 2441
25 5341 1651 1970 9657 8034 2900 5838 1143 8108 7076 1249 3920 8084 1661 4284 7295 5130 1801 2725 1952 8372 4759 1120 4203 2659
26 2912 627 4848 9254 6438 4595 9232 2505 4584 586 4204 4443 366 7939 7735 2215 3519 2454 4751 5075 8295 6941 5613 2529 3620 9532
27 3281 4959 730 5182 4409 531 8597 4696 1943 1790 7659 6290 5154 3027 1050 3551 2763 9786 1032 1766 7639 236 7074 1482 258 9048 181
20 5716 9996 1955 5711 8155 9537 7988 1480 1282 1871 8125 8935 333 7454 6382 1775 9016 6878 8577 1626
7 6724 1593 5554 9927 4476 1403 710
23 957 7553 3821 7554 4245 751 1968 3746 4397 8237 8562 561 4845 6707 2340 7583 5448 2728 5585 4827 8287 2487 5067
28 445 7116 2566 9757 8768 6809 5170 1475 9031 3811 65 3550 8650 2364 1885 7723 7875 2619 4952 4509 410 9373 5735 6573 8404 1088 6467 8789
22 7862 5377 5712 1496 7732 7282 8316 3867 5211 9460 8293 7016 4486 6130 5186 4252 8340 389 1085 2691 8222 1254
26 2020 2838 150 9804 6034 9576 2355 3531 3228 8662 8017 3436 3948 7507 5167 2237 2911 226 3563 1694 2349 9204 2870 1713 3749 3120
29 3693 6457 720 6021 982 9923 8938 2395 1309 3394 9667 3474 7006 1741 6298 5655 1164 6385 2459 6837 5109 8733 2562 4596 413 1893 5604 2964 4622
17 8395 1984 2539 4733 5783 942 7730 9809 9272 2515 8968 446 12 9115 3871 7485 4022
29 2008 6558 8440 9549 3047 2776 9035 9505 9424 7680 1123 8307 5999 4219 7130 6264 3523 7056 3852 743 8479 2726 9340 1607 469 8735 7001 7714 1359
24 8406 902 3786 417 5107 7682 5279 883 8895 3163 7259 7351 5640 5421 7326 4732 416 8619 3837 602 8888 5563 4220 8507
18 5598 9137 7631 6058 2041 3194 7068 4244 2206 5302 3077 9908 9571 5958 9651 7635 2183 978
29 3030 2788 9543 6645 1365 7777 2394 1523 9516 5998 2104 576 2768 2004 9017 7294 4210 625 2002 6501 4837 8919 5846 7818 2277 9614 9736 2273 5586
30 3471 8376 3403 7737 2754 8176 4503 6832 5070 8721 7004 1513 4660 877 7099 7921 4849 4187 1807 7979 5691 3600 7158 4908 810 3804 1581 8396 4451 4929
26 7141 8586 128 4050 2352 4171 4326 3203 584 2796 2151 7368 9863 5032 7090 7945 3018 8528 3822 6411 4226 5015 5753 5637 1087 8044
27 8102 8848 9078 9680 8042 3477 3513 5087 4857 4689 7806 8268 8974 3470 1235 450 1463 5132 9471 5223 8894 6028 5623 4697 1909 2300 7825
31 8840 3951 6765 4705 7628 7203 9846 1062 388 698 8031 8299 3841 213 9730 6027 6697 2510 1155 8066 6011 3348 8639 2703 7748 8321 7166 6789 3724 8710 3985
29 585 3138 6450 1186 5662 4764 3364 1937 2972 1096 5247 5180 4290 4368 9142 9946 1671 5802 6545 804 2823 3460 8130 4556 8386 4506 6257 8847 7404
14 268 8435 8198 6710 2000 5287 8243 4699 2035 7143 2288 4337 4332 7834
18 4495 4511 248 8637 2663 8403 2044 546 1246 4361 4678 7964 7888 7496 4383 5973 4047 3945
13 1353 2006 3541 5566 3936 7854 8946 4363 7917 5977 5439 6693 3931
12 5406 6747 8309 9769 3270 5091 6644 2030 9196 3713 3346 4393
10 8342 3608 9072 399 2884 1417 3660 2841 4800 7632
27 7640 8739 1267 3795 3051 8353 8378 6283 8686 7592 6345 6722 4824 7757 1057 4454 4360 3582 878 4526 2674 4304 8011 6275 2734 2391 3870
29 1528 5990 9385 1252 9538 2585 6893 3227 5619 6562 7164 6824 8745 1606 331 1262 7997 179 6701 3423 6007 2914 7035 8043 4315 7772 5854 3562 3021
24 583 2748 9030 9562 6076 1721 4798 1568 5462 4654 6713 2955 112 4770 1789 9509 4023 9501 9808 5202 6158 6994 9354 4446
27 2941 2026 5307 5156 6584 5690 2115 1504 2315 1590 4033 22 7646 3013 806 441 1611 5392 1806 9713 7487 7669 8647 2698 5931 3825 795
10 8204 2436 409 7312 476 8397 7304 4817 7133 4399
25 3025 8021 332 7787 4587 8259 9742 461 8945 9881 8502 5306 4365 8009 155 2003 2676 6945 33 6144 1133 6417 6070 1118 2134
12 1735 2899 5983 932 4118 4492 5159 1976 1823 4799 3035 124
29 5304 4537 1054 7226 9116 1587 9381 5550 3621 9106 8952 9230 3141 4075 4251 3262 1989 2682 1925 7244 7625 8053 3745 9154 9909 3422 5819 9573 2208
17 741 864 3603 4016 8575 5371 7139 703 4671 5257 7038 2953 9439 762 7476 1868 8046
26 5381 5359 2690 290 9819 8671 4958 6971 6188 1589 8099 5556 1042 3856 1351 5930 3590 4122 5325 4563 4886 5661 8424 9749 2055 5848
28 9979 3196 8207 1580 3807 660 2802 691 5526 8638 7381 9433 2452 9205 6102 2785 1358 3801 5997 5912 5328 7859 3715 1350 6073 1137 6613 3617
30 8559 6877 6202 1500 4953 8951 3205 3624 7817 15 3722 4669 3748 5183 8165 1265 9275 3670 4222 7596 8408 4956 2127 7412 7717 2458 637 6266 6819 1006
27 3743 6735 8784 5888 7494 4986 3345 1521 5465 4924 6821 4768 3266 6977 1072 3738 7333 5677 5336 3306 9414 4599 4516 5011 9711 8701 5376
27 9581 8699 9869 8614 5650 8273 1746 4213 6882 3874 8760 9934 5026 618 3573 6712 6778 6414 5525 824 1856 8679 6108 8797 4005 1341 2664
28 1269 5393 5025 2497 9477 9375 1311 7150 2264 3372 6641 7547 543 8166 9456 2662 8016 8809 6835 6046 4303 8893 9307 1290 1958 4296 5280 4120
24 8520 1874 2209 3370 6357 8688 6163 6932 4457 9480 4043 2936 503 673 2849 2066 2101 1703 6621 4600 4542 8685 1306 3950
26 3457 5818 4815 7567 378 1902 8695 7066 8075 7727 3757 3174 67 3316 8748 6862 1266 5880 2236 905 8561 4174 2096 18 7899 3402
14 8728 1090 4867 4011 9798 8132 5897 1793 1356 4054 662 5435 8463 4305
30 5649 3468 8324 596 1369 4327 7830 1297 716 7566 6730 5308 9554 6176 6504 8015 6471 2303 3485 8912 1039 5450 4283 4447 8096 7437 2794 7042 6748 3032
27 4687 5034 482 3585 2077 9761 6407 175 3798 9992 7493 4566 4125 776 6396 126 7960 257 1270 7431 3944 9339 6390 1158 4896 6598 89
27 3564 842 5205 3921 9182 3435 3759 1700 118 6909 2893 2561 7788 7651 3455 3897 7447 2367 6949 988 6797 6468 4797 8929 9097 263 8480
24 580 2791 5887 7934 2464 9242 5701 7761 1016 5317 6622 487 154 5430 9582 5319 6295 2779 5776 411 432 4606 994 8910
29 6649 6752 2780 3445 6985 7245 7425 8263 599 9089 947 7900 3847 8591 7570 1065 6205 7839 3437 5016 288 9857 1122 5185 8836 8391 8482 9214 6127
26 61 8104 5535 4558 1222 7901 3530 5782 5725 6726 4014 5139 2634 6679 4188 1822 2988 1990 3158 8846 4015 4367 2521 8183 2821 807
18 4788 4437 4507 8766 9738 6009 3729 3926 4926 954 7597 5048 7673 4978 8275 3662 2786 2114
27 5161 5572 4836 7882 1509 9273 5962 1831 9054 800 3894 11 72 5561 6184 8643 1765 4380 7054 8497 7343 8282 5591 1147 1204 3723 8131
18 6456 7104 1208 1416 2966 1444 5220 9208 968 201 6077 5326 4460 264 784 9069 1579 2145
21 8179 9685 41 950 4205 6762 8990 949 1271 1692 8814 9321 594 9767 9416 3805 7844 532 2005 3063 9910
25 6952 9246 825 3554 2181 4749 3482 106 7764 3476 6806 7689 2935 3009 1078 4100 1816 9389 6988 5895 1658 1683 1602 1652 5790
10 7877 400 4665 3938 7492 7284 2486 5272 2253 7281
27 7799 945 6003 35 1465 348 643 2407 3851 2234 484 5023 3241 9026 4746 973 4082 631 5266 1044 2946 9294 302 8622 9004 8054 9776
29 489 1734 9805 1503 2999 8642 8761 382 5941 7749 9022 7842 8749 3130 2789 3244 6337 5993 5315 8388 960 7128 4668 9585 1234 6088 9818 8057 5173
25 9207 4648 4502 9289 607 3215 7043 2702 8864 2402 9444 1761 1217 9879 6608 2582 8914 681 8751 323 2131 3128 9067 4324 7146
27 8420 9974 3991 2036 8831 3190 5622 1595 2906 8033 7542 9298 3606 639 1870 4562 7321 3714 9153 2668 3552 6477 4242 6635 6481 7758 8740
16 4829 5815 4119 2368 4688 9440 1394 538 9699 5496 9726 4239 9309 8634 1445 5573
26 8675 7451 1218 6474 3502 2473 115 9027 7915 3859 3751 5625 5349 7538 7800 45 3142 6014 9791 8790 3529 4931 7303 6569 9215 9146
29 6424 9544 8346 4003 2409 8037 8652 5861 6746 463 8620 8960 1814 5512 9630 1502 9969 7961 7420 3567 8522 8900 438 2656 5874 1230 9317 5273 9329
19 6160 6924 8040 3614 6397 9701 1382 2325 9618 3387 3081 1157 7767 4996 3094 3456 6210 2905 5536
28 1866 5744 4154 6749 6966 1352 7134 74 9980 7822 5380 5658 684 1525 5605 5639 888 8315 9206 452 9746 8589 7660 259 9773 3892 4145 1343
24 3692 7846 5541 7172 1667 9710 1250 8245 2439 3625 243 5157 153 5905 634 558 2858 6448 9642 2594 1301 6 6650 2658
26 5245 315 5507 2856 895 552 159 2275 4895 5910 1774 1756 3392 5600 6823 5943 5383 2699 8465 9991 861 7390 204 1427 8087 1705
26 1993 8323 3426 2338 354 7276 120 2270 4677 1433 3752 9080 6810 3650 5103 4631 5066 5327 5673 5787 2170 4458 6322 1377 343 7986
28 3239 3384 3017 9613 7847 7477 3623 8486 9073 8373 9436 1236 5681 5524 5552 7449 2903 5850 6611 891 6553 9336 2157 8384 5494 8870 4662 8377
29 9901 3160 8382 1777 8110 1294 9561 4355 6865 2366 1907 7178 2390 26 2358 7265 6539 7652 7480 9344 2889 7544 650 9887 6005 1983 796 1304 5501
22 7911 8566 4080 9557 761 141 3770 4006 8753 8899 526 8036 5030 644 3019 1408 9308 3858 4354 4308 9876 3110
20 6039 4965 4714 1531 4343 4357 4009 5320 7898 1650 4025 2646 7408 6520 927 2855 5883 1680 5460 5714
29 9411 5112 7637 4657 753 5375 6956 7445 4775 3044 2052 8741 9292 6970 4173 9372 7264 6990 7185 9587 6394 6291 3872 1483 1279 3400 3535 8862 638
27 4882 2426 7249 4973 8035 2304 1644 9288 3466 7712 3031 1876 5172 6339 2633 1538 3881 5893 367 5206 8451 5251 16 5817 2608 5224 7472
26 5902 2106 4761 2382 2060 4880 1436 7275 6297 1464 2268 686 5793 359 4097 4954 9904 3096 7029 140 1398 5683 3923 831 8278 231
21 8184 313 5684 6921 105 3507 5864 5419 8050 2226 2860 798 3911 6136 2704 4079 562 4568 2238 9915 4018
11 6321 9579 4898 974 1152 1549 185 5707 1216 9099 7105
11 7229 8449 1804 306 4811 8141 6358 3184 5788 9850 3153
27 4066 1635 9874 3191 3112 2696 7171 6237 523 9370 1392 9219 3672 866 8264 5520 1033 5840 3515 7233 2925 4126 944 7349 9811 1454 8113
27 6965 7357 1221 497 1913 5241 930 4045 7903 3173 4711 4851 9498 8549 3508 7930 3634 5126 9343 4780 6770 1619 4901 9650 5760 2839 2530
29 610 4223 8351 98 4493 6251 967 3790 7197 1255 3645 7065 7904 9384 4191 4148 8776 4146 5142 5022 7696 8658 3780 8488 7138 9241 6364 4725 4538
25 7318 7082 8157 5602 2600 617 6597 379 6883 1029 9941 4992 9748 1918 8704 4574 4719 7694 7983 2219 5431 729 9555 8138 1009
24 8578 2480 9341 1985 8018 6566 2766 5353 6042 2859 7521 6572 5590 571 4934 6311 7951 3522 2853 5434 7481 3480 472 9721
27 2429 2928 6327 4869 9681 2482 6422 244 5514 8659 4667 3216 5083 8025 1340 1727 7661 3538 6590 2158 7695 9081 3320 3644 8696 1278 9049
20 6633 5654 6255 7683 6538 7162 9177 4227 9264 2467 2229 6292 3221 6773 7331 2990 6219 1370 7752 7581
27 2278 3170 8835 1723 6119 6133 8860 8164 485 3314 365 8799 1688 5919 7003 8248 6050 6100 7308 3831 4254 2165 1074 4883 3656 7289 2724
22 2774 5510 6536 782 7994 2919 1182 8996 8815 714 970 3556 8359 5136 1405 6400 6671 2028 1696 8777 3705 7713
24 9020 9768 3866 640 4065 4532 3974 833 8004 5537 1310 8881 1610 5877 9661 1231 7157 4640 5410 3665 9703 4918 4277 6997
24 9291 3029 9890 3193 9843 2640 453 512 9431 3182 3813 7258 7797 63 4627 9086 6022 8333 1903 421 4510 3762 8898 1562
27 9626 9851 9744 6293 39 8413 2065 4105 2370 6619 3285 2017 1342 733 6860 3412 2484 3998 8052 1481 6895 5731 9942 6368 8552 7766 1139
26 9187 5487 5017 483 330 7479 4331 6737 7309 1176 6696 6085 9758 9224 7782 4810 71 7168 9873 966 9606 9792 7896 2773 8808 4268
27 8509 328 9631 9654 7034 6222 4944 9441 3454 9240 2595 8218 8705 4259 4710 647 7919 2811 4928 2974 4134 9676 4779 4479 5939 8001 2276
31 4586 3104 4299 4250 8368 9678 5579 9133 9912 1045 9694 3079 6708 8177 467 2068 4521 5882 8252 4001 8461 5826 6640 8005 8794 6449 308 3676 1148 5334 7441
27 1563 3325 6818 3906 2314 3155 9379 8540 7588 9919 851 8927 2038 9755 5984 7089 3084 4999 7283 4504 3287 3626 1969 1127 9259 8490 8874
26 2327 166 7430 3022 9130 3949 8272 2107 1799 4642 2901 5411 3340 5464 8750 4852 4712 25 2481 2491 5596 5926 8838 8611 4091 8210
21 4098 1689 5285 8419 7464 3635 5986 6588 781 3234 6285 6986 51 7241 4841 9971 5046 7831 9311 4962 8941
24 6694 5060 8254 3840 3433 9897 8782 7872 2023 5329 6146 103 3763 5171 1666 2350 418 3728 4500 1594 2689 4823 1951 8850
27 219 6851 3830 9625 2323 7665 3904 6344 138 1787 9790 3753 887 4626 5852 8427 1167 6370 291 4051 9518 5871 3886 6334 4149 4295 8119
17 9121 7194 5568 544 8074 6543 1117 6791 5834 652 9059 3863 7002 770 8078 3458 8942
26 1815 1852 212 9735 7692 1565 2453 3465 938 490 2694 5929 836 4004 8738 7327 3526 6936 9148 653 7959 7744 5839 3928 2677 1003
27 3008 9191 1527 4782 4704 1487 3393 8956 6178 2141 4821 5005 4698 9337 3331 7619 6666 7703 2744 4298 8092 2064 2985 5652 3679 4158 5631
24 5222 8629 9944 5892 6398 6272 2187 6587 5632 9823 4456 2125 5391 997 3473 8689 4478 4201 8399 6852 3034 6796 7756 835
18 8271 5856 4349 511 2952 9033 6805 2543 5770 4293 8928 9368 23 4052 3488 5432 1173 5547
20 9670 8073 8448 4020 3789 7548 5238 969 9482 4559 134 6556 4235 1533 8003 8117 2891 1675 7084 3341
5 7468 7671 8810 6230 4325
17 6361 7575 4773 3506 3237 3099 5288 404 2980 7051 7918 60 3140 6917 2376 4319 480
25 8564 8792 6245 6615 4585 4021 4664 189 5394 4651 9607 6682 693 9318 9170 2826 9855 1242 971 4814 1219 8230 3224 8722 4987
27 113 5746 6125 7337 7211 2653 3122 2220 4939 816 9734 3150 7352 414 4578 9958 8966 7247 5414 7780 4375 3324 2007 3064 144 6919 5723
27 6913 271 8588 6842 8187 4913 5100 5160 3895 3584 2874 6203 2359 262 6937 8531 2282 7332 8565 2372 6401 488 7204 424 6093 5944 9916
26 2944 8978 5757 8856 2140 1355 5457 6672 5914 129 5768 1854 5463 7 5989 3716 3385 7892 6302 9290 9656 8648 2032 7702 8519 20
27 4644 2654 3839 4776 7364 6041 4453 4628 8743 2978 9181 7932 171 3399 3361 9261 2514 1811 4917 834 3357 7681 1467 8602 2100 4127 1378
30 6607 2784 2649 7193 6814 292 9570 5014 7207 342 6253 1771 7645 9658 8390 4789 6560 3235 9149 6017 9008 479 9622 4199 314 5388 679 3791 8556 142
20 3168 1973 4366 7414 2513 3946 7627 2534 4550 2739 2749 237 4809 815 5634 1080 349 7154 443 1015
28 2313 9595 565 3058 3701 5344 6491 5356 4206 8103 1679 1736 3438 2398 7063 6347 1832 9050 9598 6918 2750 2503 68 6950 5248 329 9374 224
19 1724 5721 3833 5917 5263 3958 2320 876 1193 865 4426 9247 4692 7790 3828 8076 5645 2688 2528
19 5402 2963 6265 3966 2799 2751 7250 9605 7273 4974 8392 6427 1289 2666 9034 3350 7586 9765 7641
26 6900 3459 3263 4410 9135 8555 5374 5298 352 7920 3135 7046 4906 3980 4370 9053 3711 8875 5412 6594 7297 7268 8100 327 6271 1052
25 2507 3329 428 7323 4481 9546 9858 5809 8239 4840 9302 304 4982 6763 2685 3598 9664 2469 5229 4466 7396 6616 6943 6365 1642
26 5343 9691 1313 6563 7092 5766 775 7679 2977 9358 9542 9867 9348 7982 7299 2295 6126 5038 9615 9580 8238 6496 341 6782 1813 8430
27 3667 9087 4980 6316 1647 9262 8737 514 1872 6582 6769 7560 9780 1827 3178 9924 2029 9040 8364 3995 182 8313 2747 5825 4013 3857 6342
12 554 1100 7465 2934 9954 5138 3505 7996 5876 3218 8216 5549
23 7088 7346 5250 1762 3772 8807 7907 5101 4921 6235 3145 9848 4864 1798 1360 7606 7517 5555 755 9220 1636 8543 8371
15 8587 1192 1670 345 6542 7400 6500 783 9168 8613 7978 9024 7358 8770 7855
24 6418 2520 1276 9951 6825 7933 3793 5702 6757 3085 249 1914 7353 7551 3700 1375 4579 1401 2471 7963 6551 8579 6487 1956
26 9698 8426 4673 5668 4035 1676 4163 8644 6218 9659 4330 9113 3999 3416 8920 3484 9966 3516 6792 7257 8145 6440 6445 3298 3478 1300
22 8698 8713 4717 7149 515 8992 2186 5268 2086 3059 5482 5607 8456 299 4859 4488 6959 6035 7391 7356 4156 3586
23 6780 1625 47 2967 8955 1349 6589 7576 2054 7167 9143 4625 4947 6171 2943 4234 4571 4362 609 75 5121 7600 8070
23 6767 9306 4863 5158 4450 425 5076 7873 5040 1861 8976 2153 5904 9470 6137 7832 1477 1025 9310 2069 38 6183 6610
23 6044 4352 3338 5830 7793 1012 6681 4406 5042 8904 2546 5416 4464 4621 1446 5469 7540 3254 9217 6676 8235 9673 7252
29 4056 7319 8410 8653 9527 4555 9481 4328 1710 2179 6987 8988 272 4044 1499 771 1316 7675 1196 9728 4081 6549 3302 4132 7484 6015 7424 1841 7601
13 2418 8394 4517 1631 1187 6092 1336 504 8943 7290 648 6242 8972
29 2531 3067 6836 1508 922 5050 4744 6460 7770 6571 6452 6861 692 4804 8763 2279 7385 5420 2569 7969 8985 5145 7827 2446 6343 2902 7742 7731 7173
29 3410 8774 3557 7152 853 708 9408 6476 9553 6684 6839 9023 6908 5122 2611 6431 3908 3006 6256 6049 3941 5429 7087 7991 6944 82 2203 3313 6111
26 5881 5500 435 4028 8194 3940 7216 2108 2948 8312 2281 5909 8343 1946 2084 1229 8734 2091 1390 5141 7863 7307 2287 5682 9990 9766
25 1879 5698 1223 8348 2207 1263 1211 9641 9268 2043 4104 5582 1328 1818 2850 7976 96 5898 9760 1374 1334 5207 9484 3111 5616
24 8086 2915 326 4629 2984 7411 454 4074 774 744 8512 5498 2700 7925 9825 603 3558 5842 2836 9371 6112 7943 59 7700
17 8189 4170 6879 2769 3305 3353 1166 7125 6071 5589 6687 4769 9507 3787 8508 1020 2210
25 2828 3849 3462 7690 7922 3169 4089 254 8830 4358 7502 4198 2834 4468 9312 6306 4943 3464 5961 3301 1295 8802 5937 2411 6063
29 1794 3424 2904 5240 9949 4930 4384 5310 7271 8026 2938 9584 6963 8261 9716 293 6923 9425 8651 9047 717 6516 148 6147 3781 4522 758 675 465
23 7849 5332 2330 1203 3428 7286 5981 7879 7155 6105 3935 6612 1124 5128 3427 9013 7821 7427 8879 3265 9454 3275 8957
27 394 7677 6711 9634 4914 1886 7745 9975 2121 7267 4128 1130 9237 1566 4152 7616 7590 6632 8558 7774 6010 4142 4463 4752 5474 6241 8700
12 2176 3774 5570 2844 1730 1205 2318 2998 2298 8907 797 1136
15 3647 5384 2189 8475 6495 2047 9279 149 9266 6489 2987 4165 8276 5531 6507
27 6269 8277 3512 9042 9065 9972 4636 9624 8603 1428 5004 3447 946 814 2396 9762 3525 346 8977 1380 7083 1490 3637 4273 3113 455 8154
10 7227 3246 4994 9467 8626 139 1385 9891 5718 8499
21 6843 8979 5920 4405 9118 1745 9731 6367 7145 4564 9968 2713 7363 6387 5810 2494 6510 7514 9174 4707 5059
15 5027 8715 364 7153 6174 9399 340 5791 2034 8971 7184 3020 8319 4445 757
13 7716 8231 8969 2433 8764 5118 7181 8409 7095 5127 1426 5894 5592
18 3321 9021 1548 8961 4581 2705 281 2650 8242 7473 2490 6731 3280 8417 3189 2334 2961 7814
25 7709 3891 5516 7662 9751 7315 9964 2192 5608 8067 4106 6974 9489 7910 2182 1526 6700 3002 7803 5459 2671 6052 2280 5198 7375
24 7188 2422 1640 8219 9457 3117 3451 2415 9478 5094 5801 2631 3351 8129 2093 6790 2483 593 8537 1397 9301 4691 955 2463
28 1332 4455 7666 856 9037 646 4400 7169 2867 929 319 2228 2501 732 5117 184 7605 6286 114 2331 2824 3577 9982 5752 2812 6664 2864 6170
23 4475 2742 9830 3114 9171 2852 2362 886 2842 7334 2360 3925 3293 6891 4878 1964 1632 2590 2672 7887 5177 981 9530
27 7064 2293 7255 9071 9199 7636 1859 2885 1348 1639 5208 1308 5704 8524 5166 2254 727 9686 4253 9417 4923 4294 9861 948 6227 2609 6479
3 8213 2736 7376
29 8787 3572 8338 6856 9419 85 6784 5603 6930 6674 2037 6926 3121 4190 859 6776 4272 7622 5483 1732 6109 8983 3814 4633 1739 3268 3390 4069 7733
24 3697 4200 6420 9002 5428 2771 64 4398 1220 1248 9420 7383 1623 7545 3768 1719 7852 3217 1577 5685 911 5322 685 2922
20 4536 7428 3381 7962 5729 6869 7121 3725 4215 5916 123 1760 1089 5286 6057 3688 4778 869 8717 8908
27 6656 7585 9286 830 2180 2171 8038 2174 6443 3 386 6262 545 4801 8649 8250 4740 4514 7500 2267 9756 6276 6889 2193 1213 3284 4241
17 1227 892 9045 9251 589 4847 2832 5618 4448 4524 7127 8114 1129 651 8641 1805 2408
