2 7468 3207
1 2591
2 8227 9914
2 7227 7909
1 4796
2 7948 89
2 2418 9803
1 7206
3 3202 8218 9829
4 2736 1654 828 5616
2 2573 770
3 9927 9639 526
1 4887
1 5982
2 8890 1880
1 1855
2 9459 9910
1 7110
1 8563
1 3560
2 7716 6753
1 6517
3 2660 1744 603
2 2176 8596
2 1817 5531
1 9287
2 9121 5071
2 8670 6527
2 4027 3185
2 1135 7433
2 5991 1344
2 2384 4471
2 7325 7678
1 5903
2 8967 5573
2 3647 7581
2 5480 1956
1 1000
2 5091 5840
1 1339
3 3539 7989 9354
2 6544 9404
4 476 6576 6994 1157
1 7632
2 7013 978
2 3321 2528
4 306 6046 8862 3586
1 6686
2 2718 218
1 2887
1 2053
2 3654 1159
4 8088 5834 7789 1060
2 6321 4941
2 5983 1022
1 8824
1 492
2 8773 5226
4 8071 1 535 9058
2 3358 4557
4 8306 1435 6405 8865
4 1399 7023 9615 9567
2 1192 8727
1 2758
2 6190 7813
2 5441 5230
2 7575 820
2 7804 2939
2 9954 1284
2 6377 8730
3 1376 9211 9956
2 9377 4716
1 4469
1 4793
1 773
4 8303 1919 3014 4795
1 4646
2 9483 3341
2 8965 3936
2 3760 1190
2 4411 3491
2 4011 5059
1 9824
1 7025
1 180
1 9723
4 6039 2212 8825 2090
1 1555
2 3608 9868
2 1067 7376
4 4829 2346 8633 54
2 8192 1626
2 9925 4818
1 5968
2 3708 7061
5 563 7613 3330 8276 8948
2 7444 2430
4 3578 8968 9750 3388
3 6252 364 3288
2 8253 836
2 719 7773
4 1178 1844 1623 7393
2 2288 923
3 4679 3696 3638
1 5886
2 1381 2445
2 6879 4483
3 9252 5513 7264
2 9550 9359
2 9763 9520
2 4070 9515
3 4138 8397 926
2 9044 2951
2 3381 1114
1 5578
2 872 5067
2 7122 7809
2 9251 5478
3 8184 1778 6960
2 7464 9360
3 8578 3709 8139
2 4528 1545
1 7621
2 8402 4700
2 3827 7405
4 2297 1563 8837 6603
4 7147 4735 5248 1185
3 4420 3246 6934
2 5553 6090
4 7355 7362 2376 1288
4 1208 3614 685 3880
2 1319 368
2 7284 4417
2 4006 7760
3 5649 23 9530
4 6591 3256 2819 2815
3 6912 6515 8330
5 6031 8605 4768 3503 7731
3 5444 3298 1594
2 5371 7972
3 7109 9186 4301
4 6463 8249 7904 5563
4 7990 8006 762 7937
3 6403 873 7482
2 666 3861
3 9349 4736 1064
3 311 1023 3824
3 1803 5969 6665
2 2412 7522
4 8711 4329 4361 7239
3 7347 7015 2516
4 499 9346 4925 722
4 5332 8788 441 9599
2 1146 9693
4 3147 1027 651 6917
3 1105 2866 6018
1 6834
3 3291 2486 9049
2 4520 835
2 3225 2620
2 7075 766
4 9418 454 8606 9499
2 7684 8553
2 1246 8047
2 4868 5790
3 7506 609 7601
4 4467 5780 5637 8304
2 310 3870
2 4588 6143
2 7453 1140
2 4838 1973
3 3362 3088 1015
2 7913 1998
2 9249 4949
3 7108 1922 4325
3 1874 1061 6610
3 2015 3230 240
2 943 8433
3 6583 4580 5348
3 7779 8571 8994
2 9019 5979
3 4717 6238 8895
2 8719 1018
2 4644 1546
2 7346 2448
1 2709
3 1529 641 1645
2 4317 7458
2 2177 9398
2 9740 3028
1 5254
2 2541 3367
2 1785 8000
3 5975 6441 8046
2 3729 3086
2 7655 9525
2 5985 5334
1 4604
2 8422 5272
1 2265
4 8758 2099 2007 9794
2 8111 4321
5 7862 4048 5562 9451 8345
4 9913 1002 233 2669
3 2751 174 8722
2 3193 7432
6 9449 8878 6744 4390 4898 9690
6 6745 1143 5742 3809 7833 7509
3 4352 5281 3504
5 9864 1695 7113 2812 3111
4 1206 7383 3705 7713
6 4948 2717 9579 5919 9489 3536
6 7379 1194 384 389 9569 1823
4 8599 9372 1706 3507
4 4836 1037 4065 6600
6 768 8546 3767 3161 7600 9099
6 908 5914 3272 3252 5821 868
5 211 2944 2359 8982 229
7 1269 7196 4523 8245 1427 0 2625
7 5245 2981 3751 1776 613 5891 3897
5 4450 9436 4629 4052 9999
6 7891 5679 6319 9519 807 6520
6 9985 8290 6208 1821 3694 437
5 1433 408 9509 2308 8070
6 549 39 3145 6129 5813 4022
3 8679 6499 9601
6 5307 2171 1670 6207 1713 8654
5 5721 3508 486 8119 1293
7 6913 3739 1421 7483 4559 8929 5296
5 379 798 2593 4181 4778
6 8792 8102 1442 1736 9921 7374
7 1459 1411 3774 9732 3312 1356 7133
5 3986 3389 388 4419 1131
5 6548 1789 9258 1751 7844
6 6076 9920 6855 4810 9048 5646
7 8373 789 2343 576 7767 7519 638
6 6647 8793 894 7835 5950 6995
7 6150 9109 8200 9021 1118 4337 4332
7 2112 3163 8886 8815 262 2463 8364
8 3693 5295 1040 2710 5498 2678 2693 995
6 137 5317 2977 6801 594 1562
8 3334 3557 7534 5382 8632 264 6988 2851
8 3580 1676 7662 249 584 2191 605 2373
7 9289 8028 636 6382 2237 8340 3324
7 854 7609 693 2582 9528 4191 3887
6 6200 8326 9636 3635 2502 251
7 6222 9754 5909 5589 9840 9600 869
8 4435 6825 8950 2777 7153 8975 2481 5147
7 5437 2649 7528 1016 6914 6521 1950
7 6293 7097 688 7940 4465 6911 6365
8 9744 6541 6762 7119 1763 3516 5325 1478
8 7373 4255 742 6692 4500 9663 6509 4054
7 3030 799 4058 350 7854 7218 3755
8 6607 6197 6904 1610 8661 1586 1439 1680
7 7088 6547 5858 3650 5141 879 1682
8 4214 6910 3027 8244 3964 5705 7997 9922
9 8073 9702 3833 5954 1286 4438 3926 31 2411
8 1560 3325 4068 4084 1959 8809 3890 2269
6 8996 5255 3178 7068 8278 8942
8 4709 5134 3135 9848 9541 5533 1652 2936
8 9735 9462 4100 600 4774 5828 6348 5311
7 9563 5140 8348 2654 7280 4177 8908
5 9686 3008 9986 7771 8113
9 9463 5377 5711 6333 7599 2476 8031 4005 2615
11 7929 9613 4405 4744 318 4830 767 1289 2747 7753 1559
6 7957 1316 8958 8946 1642 8048
6 3778 6581 25 3515 3903 432
8 8173 457 9804 9055 6072 4763 8913 7899
9 4249 9229 5169 5851 3552 2825 4492 8762 6828
7 8038 8189 4493 905 1021 6060 2650
10 6735 1422 5557 7778 7680 4373 6397 9301 7152 5784
6 9817 8830 884 2619 8490 4600
9 6430 3530 4470 5343 7815 7703 4412 2298 4242
8 6484 8035 6298 9403 7275 3265 6889 1322
10 2166 6740 9737 4636 5864 4727 5997 4275 4811 3620
10 7314 881 3430 5593 589 6622 9076 6514 6226 2853
8 9090 4802 81 7635 3315 5669 6477 8666
10 7561 6480 2954 7501 4135 6320 8568 2125 8581 7784
10 3311 474 9897 7971 1513 5802 4950 3337 4476 5652
10 8520 2074 9138 313 867 3061 5168 6845 8430 6
8 864 3104 4698 2510 8780 8080 3633 9336
6 2147 4043 71 940 6518 2806
6 3257 6560 819 7056 8319 9484
5 643 8297 9609 1426 9648
7 8204 852 2760 5344 3742 4936 7568
7 9503 415 9072 3297 6015 1088 4614
6 5658 5639 684 9253 3733 8949
7 3433 6245 3566 6114 1893 3850 6080
10 5717 3758 4475 4939 1842 97 1666 8251 4127 5850
11 1978 3055 3655 9845 8077 9385 5561 5811 4320 8753 8789
7 7952 9880 3689 129 5604 1385 302
8 4913 8099 7176 5734 8999 6614 1285 9967
8 6850 2805 1416 581 3091 5883 7146 8594
8 6724 1186 7650 2896 7947 9642 6124 5179
9 6327 6965 6597 935 5635 6540 712 9865 948
9 9011 3669 494 2882 7330 5000 258 2172 4823
7 6645 4772 5197 9585 3020 1035 5434
5 9231 7658 1216 8718 5973
8 7679 320 5621 5556 6894 8240 6170 8443
6 7150 8394 9862 1882 5597 5842
7 1113 3438 9748 4573 5776 8934 8215
7 622 624 3810 8356 5910 4530 5225
7 230 1177 7924 7367 8230 2677 9184
8 1970 1721 3685 6387 8819 2759 2983 2862
6 8239 9548 687 5164 5570 6127
10 7438 7988 3278 5479 7711 3320 440 3702 6322 7371
5 723 8935 7050 9533 1808
9 6399 7535 9658 6362 9966 8845 4015 1087 3914
7 9474 5124 5350 1533 3957 6158 5404
8 5426 2556 332 9687 8473 362 8726 1009
8 6340 680 7037 5732 6564 18 5138 5672
8 2480 4819 9621 8881 1936 1400 4122 2038
7 5064 5008 3828 9471 6217 2300 4241
7 5764 1685 7511 7930 5072 7059 5127
7 507 9071 5782 8254 7127 9257 438
8 7198 3439 813 1229 1481 9760 7410 5471
10 6794 6884 1512 5391 9929 8906 1108 1849 2876 3043
6 4863 8357 9245 1615 2998 2491
8 6907 7707 524 952 4572 5346 9608 7836
7 5394 8029 2214 6495 831 3277 8900
10 6536 2589 1102 5158 6256 4175 1940 6616 7368 955
9 568 1046 3722 1709 5171 776 4172 6644 5376
9 9836 8334 1947 7782 7497 4991 631 5653 6817
9 9313 2735 285 3292 5211 6259 8341 2454 2499
11 6173 212 550 7630 1428 6274 588 2630 446 6152 4987
11 7020 6244 2523 8620 209 7195 9672 9644 1333 3848 3562
11 1992 726 4205 1430 3740 5021 3116 5152 3676 592 548
8 7816 8667 3232 8493 8857 9943 329 5877
11 5920 1949 4078 9810 194 155 620 3296 6830 5294 8910
10 5887 2056 7380 9160 946 4415 4012 6225 4069 784
11 7329 2026 1326 7342 183 9232 2549 6543 8061 2858 2337
12 5693 2695 1835 3138 2021 9649 6297 4051 3519 5683 6311 8332
11 3371 4507 7579 8892 6680 2768 4107 9381 5062 7733 7878
8 2132 2857 6699 7536 8759 2474 2070 5412
7 2684 1854 984 1582 1007 7688 1020
7 2122 7556 2075 7200 1847 8704 1633
9 493 5809 7363 6793 9578 8389 9726 3492 4900
8 5815 3990 1132 1538 8153 5812 5198 1367
8 5868 5994 9392 7510 6416 6075 4844 7524
10 9084 1228 9495 3216 4584 3805 14 3624 1056 1858
6 9153 8471 5365 977 3741 9380
7 657 4569 4439 5326 301 7720 2487
10 5662 4482 5222 6462 2984 5330 189 7408 2902 7391
12 8458 8940 1363 2495 1561 4121 1918 5762 6104 4753 7450 6285
11 268 1111 9478 2330 5260 3432 9933 5509 1180 5461 4577
11 6381 5934 8086 6562 8481 1889 2092 3179 2155 7189 900
8 3731 3699 2285 2561 8986 4000 4281 7069
10 4228 6247 5794 4992 7699 8107 1659 2698 6349 4197
8 7267 5384 4433 8822 7671 8561 7053 702
9 9199 6966 47 2642 9456 8702 6725 8201 1699
9 1209 6694 8237 7014 9924 5898 2283 9714 6470
11 4854 2782 5457 6567 9682 4235 5518 8202 5664 6099 7881
9 4494 871 9497 6062 9047 9588 7788 488 5895
9 7934 7316 4877 4152 4385 3056 1077 3134 247
9 1524 2706 76 9100 8231 9788 4231 579 3688
9 3090 9397 6974 1554 6887 6306 8923 7744 2836
10 400 967 8188 7926 5738 2923 8828 8156 148 9250
9 8342 2670 6563 4824 2063 3227 3703 1663 464
7 9376 5908 5080 3166 5580 4751 4599
11 856 4953 5250 2031 2680 4123 2162 2933 6465 6687 6439
8 1431 2470 5502 2142 6868 9997 8891 2509
11 7768 4624 2893 3534 8995 7643 8565 539 26 2773 7589
9 7811 9784 7125 8115 288 243 8885 4286 2764
12 8292 8902 5847 8194 1474 3594 9083 4212 1354 6214 2096 9811
13 4379 4511 1346 35 698 2173 8936 2405 2966 4174 2342 73 6690
7 6239 2645 5763 5830 2749 1703 7036
11 8564 210 6133 4840 5094 2004 6301 324 7859 1341 3125
12 8509 4687 7019 4788 3396 928 2263 985 78 5320 3611 9146
8 734 3512 2240 7627 5223 9664 7476 1542
7 7657 815 6501 9883 4261 2032 7586
9 8448 6618 7659 558 5373 8998 6769 9770 7105
8 7319 6116 686 1034 1303 8538 5176 1510
5 4380 21 1772 4140 8147
8 2406 7094 9295 2546 9659 3844 9878 6291
12 8566 7102 6160 8820 7610 991 6755 7775 4952 8508 8622 242
6 8549 1781 5475 360 1579 6505
11 141 6630 3169 7090 4730 3368 7142 9826 4862 7242 4363
10 2216 2128 5626 6009 43 1780 2433 6384 2251 4023
9 156 9586 8170 2071 5980 1144 3959 5020 8684
10 1755 3181 6582 8298 1033 5608 323 5322 8441 1705
7 3537 7588 2124 5470 1280 1225 5232
8 3398 4074 6678 880 9540 6371 9756 6993
11 7557 7078 5801 6674 5103 8344 8619 4812 2822 7157 2408
9 7490 2247 6102 9322 3060 5949 1462 7467 5575
11 6550 3779 1142 7757 7546 80 4436 4082 6717 7623 8123
8 1553 3773 3952 7672 4808 2136 1935 9993
10 8024 9402 921 1944 582 9755 8010 9338 9765 3737
9 8798 5540 4204 3829 6431 4672 6032 4678 9849
8 6409 2315 8121 2018 9903 4510 962 4931
11 1860 3540 6155 4857 8284 7194 5532 538 5098 6795 669
10 1024 7663 2338 7191 5017 1051 3682 2592 165 1204
8 938 4274 2178 9833 7747 7520 7182 1552
11 2742 9238 4072 9179 1551 4144 1094 3868 4820 5961 3517
8 5465 9894 6669 7071 3472 8526 3889 7986
10 6662 6004 7555 3338 5380 7277 6282 2894 2840 5244
9 2754 9026 1525 2416 1818 2091 5819 5758 3033
12 4080 497 8506 7000 7296 8410 5347 7521 4548 8838 9739 6569
9 4657 7174 5287 6602 8064 5660 788 2922 4432
11 2774 8978 533 9152 3323 1925 3001 2202 1878 6761 1452
12 3527 1323 1273 3445 957 2729 4358 6287 3081 3229 4779 3456
