16 8890 3221 9247 7273 8906 7966 6530 3102 2647 2985 5972 3040 7184 68 3671 2993
17 303 1992 4377 8630 8271 8711 8261 2805 285 3842 7680 5556 6286 6027 8341 8619 8139
21 9913 7180 8150 3490 4515 3686 6398 9425 4587 2417 1687 3763 2817 6383 7200 5223 3677 5322 3113 6978 8195
9 1178 8111 1814 5329 1321 5813 5490 605 5973
19 4839 1335 4679 5689 5093 104 7081 2414 2948 9975 7887 7016 3935 8754 4172 5924 9383 4118 4580
18 3156 3580 268 6456 3572 2917 8448 4020 5387 8158 1146 2744 8536 2811 9667 8097 262 1962
22 4094 5497 445 2949 6807 1492 4309 157 9864 4953 7080 6900 3135 5498 2466 2582 2067 1588 4458 6187 9331 7771
11 3654 5382 4388 7656 4569 9386 9108 5365 3676 9048 6935
12 4829 5184 9288 2017 1428 8958 4148 985 6914 451 4911 4140
21 1138 4435 1664 6783 7070 3236 4894 8587 1593 6053 6849 3605 5771 1430 2082 315 5464 7684 4971 5551 7204
8 8703 8578 8285 2424 9190 8407 2729 1817
15 4059 8292 9084 2576 7293 6654 9544 7325 9997 8860 6847 5368 7725 5720 6302
13 7318 2296 920 2920 9698 769 7229 6269 3410 5049 9925 1519 4417
9 9121 7194 9143 1666 153 7644 7386 2747 3111
9 7429 606 3444 7952 3527 1315 7227 2144 4936
7 7913 4990 580 2898 6898 3710 2758
10 2418 2896 1117 7774 2877 7297 7518 1011 2858 8907
16 2384 5913 3141 4988 8348 6951 5013 1567 1675 9516 5251 3944 3485 2080 7051 8948
22 5018 1209 9675 9550 9100 5569 5579 4394 7958 5050 8779 2093 801 6712 1253 5298 2003 1728 1036 1927 2155 5248
34 5299 1815 8518 9888 6135 1305 9393 6110 585 2735 7230 206 3564 3786 9071 7097 4532 1348 5442 6367 4384 2431 4539 2971 3437 1417 9352 5061 2063 2844 185 592 8552 5977
6 1993 3457 8773 8976 6744 8895
11 7468 6274 5843 4413 1811 7697 8165 2219 1127 1149 1823
26 190 5192 3471 9852 7657 7319 6293 9702 1568 1415 3123 6708 1804 9832 8446 3395 8245 9222 6599 7096 8015 5022 4522 7034 13 7437
13 4379 563 3009 6771 6567 8244 1885 7797 7893 6906 7354 2370 3288
7 1978 8227 7854 8946 329 1643 2822
23 7399 9020 84 7640 666 1330 9640 2332 1733 2596 3211 2111 9416 127 7155 8579 8223 9197 4161 1279 9427 5773 1713
20 6039 382 5941 3910 1352 357 6609 9460 3963 253 5830 5165 308 7905 2779 9338 9773 7955 9955 5749
28 1528 7320 2106 8204 2519 7314 6327 4450 2074 9171 4744 1561 714 9456 7003 9240 4294 628 331 4422 1292 3769 7776 1312 6079 9115 2490 8740
10 6901 5113 6794 9901 117 483 2720 109 7464 5513
33 8329 3743 5445 2432 3988 5424 88 1447 474 3840 856 1311 2585 9546 846 7203 6078 3222 9395 1509 7403 7212 8049 6134 1108 3906 5550 4442 9059 2929 3254 1158 2724
15 6115 3253 4214 677 6252 5730 3811 1217 8228 130 5220 2309 2438 4322 1626
16 700 311 6451 4628 7999 4776 2957 7543 260 4198 1959 7280 977 3718 1894 6019
20 3607 719 4008 8413 161 886 2635 1937 4335 2688 6336 9647 1308 6590 4466 9585 654 7642 5811 9099
24 6694 1438 6150 19 5721 1228 553 849 6247 4154 2241 9496 8273 2645 6297 2510 4340 9518 1361 3683 9266 4459 3702 1594
23 8149 1543 9216 4833 1273 1757 3821 5598 4704 3596 7162 2171 6601 8029 25 4055 1171 6688 287 595 6614 7152 3656
14 945 7475 9851 7911 1372 5086 6438 5089 6430 3325 6984 4147 3785 5903
34 8024 8509 8382 4665 7585 6831 2838 187 2973 1511 8309 9364 8864 9139 9209 2515 2039 4489 1750 5565 3919 4847 6763 4263 3215 9016 1068 5288 5276 6673 9177 3250 2976 8276
14 4885 7862 9574 7341 7650 1776 3767 964 3766 7121 149 6585 5918 5370
3 6403 5875 7110
23 9581 9523 1066 4184 9412 7104 4648 3426 8055 3585 8290 4749 7065 5317 1474 2341 1671 2406 162 8706 1600 386 4321
21 1874 2089 2206 2989 865 3865 847 537 6006 3846 4026 917 7299 2801 912 6936 2656 5033 5095 7402 432
13 6780 7013 5313 2841 8531 7142 9006 5585 2842 4610 2120 2698 4191
13 3257 7957 6952 7346 5351 8296 4423 6540 589 2570 9155 5932 3638
12 2356 5693 8978 6457 5517 7430 6706 513 8306 5098 3505 8633
29 5744 9935 3549 8133 4935 3692 3068 7020 9497 415 8063 8590 5600 3593 723 9337 5199 359 5951 9342 7124 6447 3529 652 8386 9808 5051 5587 7338
23 222 3333 1867 5890 4414 6916 6228 4455 169 2941 6244 8464 3859 8595 8368 280 2 2395 4566 8855 4930 7643 4868
17 8965 3699 1955 8093 3319 4470 4351 9491 5526 6095 2685 4837 2460 7409 2728 1347 5825
18 6044 2147 2123 2026 1986 7889 1257 9830 5996 310 2088 9802 4946 3465 4460 6943 3198 995
19 8175 8670 7933 6156 8763 9539 7865 4903 767 2302 9529 1103 2331 4927 1152 4418 2550 3010 5840
11 1192 7940 1743 4621 2789 3217 810 1925 783 1764 1615
8 2571 297 530 5991 576 7332 4977 579
16 3055 3951 768 376 2511 9345 5034 8782 5662 216 8099 3667 5083 2640 3161 4301
9 3329 5649 6699 5367 7551 2580 9366 3900 7621
20 6656 4687 2774 8736 6695 2783 2512 3112 5766 1550 1494 9104 1222 523 6749 6969 7920 8830 4317 229
14 6404 7329 1888 8351 4467 6066 8438 7169 6129 650 9170 4500 257 7937
18 9627 3869 8406 3294 119 8236 2357 502 1735 2706 4966 9815 7066 2230 4838 7485 6351 9329
10 9267 6913 7355 9232 2506 9028 614 1026 9301 3507
16 6765 6304 5668 6361 8878 5502 4385 8325 3634 7652 9105 7431 16 6176 6229 3883
31 7198 7928 9514 7975 1200 3546 3616 3051 8167 439 2464 5783 6579 1309 1282 1081 8214 5187 5962 6737 8872 5733 8692 1071 2945 7672 9509 4448 6959 3662 3812
11 1515 9305 4637 1635 5358 2718 9231 5634 5388 631 2251
18 7553 9768 9976 5227 271 32 3411 8085 4421 8338 3029 8585 4245 7334 272 9554 90 2887
10 3017 1313 7465 9137 9325 1079 6965 4011 2133 7524
5 7716 3774 2932 3363 8047
12 6321 3269 2977 5221 2619 7258 7717 4357 5846 3273 9616 5412
4 6724 5332 1844 7844
4 4437 61 2176 7376
32 6412 3371 400 9401 2135 1830 423 4428 3442 9134 3373 5899 1369 4602 4150 1353 482 6155 2142 5574 5341 3649 7715 3258 3352 3165 4222 6796 7721 9580 1092 6775
13 5510 7249 6296 4733 3445 1530 8614 9952 4875 5553 1442 5257 7239
5 5090 8146 3693 5480 5653
19 3103 273 6912 6437 527 8033 3765 1628 1702 3432 2676 1649 8977 5327 2733 5131 5570 4069 7742
15 4948 8342 6069 6424 8458 4205 5695 7117 7811 2115 233 101 291 7032 7753
13 2788 3024 9691 3168 2297 6793 3794 1241 7497 8017 2894 6576 7519
13 6547 4693 6536 7451 9249 6709 8208 940 3801 6830 9413 6112 5647
9 3025 8967 788 4462 2827 6968 9241 6423 3324
6 4848 9003 7141 8262 4411 3207
14 4080 497 3849 6119 6133 7224 4869 5473 9641 7666 5444 7295 8862 2816
24 6735 6822 9757 9869 1794 4143 7477 8902 780 4496 2722 7236 4992 839 9408 9575 3678 5925 2317 844 8998 3023 3383 7059
25 4349 3197 854 7692 1565 7207 802 7156 4167 7647 8693 7164 9570 1827 9682 1985 2146 2162 2344 5667 341 1544 4067 3719 6124
9 7804 4603 8011 6506 8657 9414 4463 4991 1216
4 4761 9459 5889 1976
25 961 2531 8557 5402 6875 565 1002 4366 5167 7622 2667 3339 5231 4912 2607 7449 9091 7012 8639 3486 8460 8130 9787 6016 9831
5 2166 3005 9927 5463 6991
14 8758 947 6255 8009 5031 5076 2451 3888 9665 4065 129 327 4813 6010
17 610 9254 975 1240 4659 3632 3066 6305 2907 9276 4594 6638 183 686 5614 6572 4557
29 8699 200 7965 1995 8370 2316 8989 8566 7019 4756 2399 5017 5486 4232 689 1896 9879 4497 4477 1737 2328 6945 6231 5277 5346 205 9332 7577 9736
27 533 2436 8310 1170 896 3958 1557 5507 9505 3050 15 8534 3493 5792 1493 862 217 1434 2524 7106 2325 5796 6396 3998 4236 2795 3084
12 7993 3200 3147 6319 1119 6868 4465 4333 5644 5162 1865 9922
23 211 8786 7576 146 9712 1942 3108 8548 3307 2944 8875 8347 8577 8109 7785 7269 9493 4010 8488 3716 8424 3956 70
14 1269 627 5440 6265 394 8588 9140 9511 6537 76 6672 1534 728 4469
25 9996 4307 3739 7438 4958 8323 4709 2969 7830 3072 9039 6552 1145 930 11 8851 9440 2333 3348 5740 8487 538 5318 3787 6342
23 6410 7357 328 5235 9559 3541 3047 1386 8118 8996 8486 1104 8173 8601 9111 7726 6253 678 2903 6785 7275 9699 1284
13 4225 2015 2031 6068 7455 7982 789 7970 6028 9486 2342 3733 3931
23 2507 4984 3603 4742 8832 24 417 7171 9610 6805 5712 7226 2885 9106 4136 6413 8938 283 2901 5171 2918 4627 9515
31 5205 6418 2986 1090 2999 8378 5686 9429 6985 9226 9362 9433 1324 9722 1496 816 841 4217 9378 7222 8660 2636 6683 6797 1893 9358 8396 5923 274 7977 9960
8 3067 4071 825 306 9214 3535 9661 2276
19 7557 6607 8868 2912 9495 6729 9684 5380 4624 8437 6359 9348 9704 2884 2804 7532 2379 5378 2709
27 2056 4910 7956 8856 6903 583 7434 1223 1193 5620 3466 3292 4635 4880 2947 2741 1017 1382 9295 3241 5249 6204 4447 3283 4905 2730 7688
35 5282 9974 2465 1097 1984 5601 986 7118 1527 241 8791 7686 8615 2731 720 7867 2033 256 827 520 4503 1988 3768 6671 7919 791 1618 1234 9343 5418 8735 1419 2286 1928 2172
16 6239 3972 1267 6645 9286 4068 3877 6927 4834 8314 5635 5914 3330 5401 3687 5669
22 1609 6710 6711 9670 7116 8728 8962 7246 9526 4677 9897 8020 812 6855 6996 4824 6083 7178 9762 30 1468 1956
9 6031 2568 8820 4006 2024 8141 7310 6981 4077
26 6189 734 3375 5856 6307 9707 6199 3196 7129 1883 5809 3775 9631 4058 8564 5074 9027 2303 5921 5007 1016 264 4945 7974 7828 7700
22 2934 8787 1054 8059 3176 3239 2245 1745 8840 8973 8831 477 9950 5451 5360 4326 1591 8108 725 5102 8565 8330
25 9965 2278 9625 1866 6024 3629 4078 3430 2126 7894 1106 1598 561 6131 2232 8250 4096 8627 2215 745 547 4765 6499 7089 7093
8 8803 2784 3608 1236 8037 2798 4519 9693
9 7444 2124 7411 6894 6501 1481 9895 6545 5707
16 6139 4112 2603 3758 6804 4153 4826 3167 6663 9752 7075 4361 7087 2069 3558 9637
13 9314 3188 823 2036 2675 3249 4664 4644 4081 3171 9446 5834 8722
17 9347 672 7768 8792 7347 7871 8366 5898 158 5075 2195 1506 3670 6760 9589 7670 4900
13 2883 3281 2538 8559 1674 5727 5983 712 8592 6568 6317 4401 7487
8 8484 5887 7499 7088 4836 8573 7769 9377
8 6466 4980 6206 3321 932 7624 8084 2773
11 6879 7610 8357 3164 3736 9245 7447 1617 3385 613 6441
16 9349 3691 5163 9407 9183 1686 6382 620 7706 470 2734 1581 8888 9555 2103 8012
25 8784 9805 6004 9806 7428 9313 1263 9165 506 2382 2383 9694 6605 2468 3163 9833 7139 1606 8729 4513 2157 8404 2182 1526 7459
14 568 3647 6378 4858 8937 7387 2708 42 9798 2149 8082 2258 26 3000
16 8203 4794 1512 5751 8128 210 7846 1491 6746 1710 1693 8326 8339 5738 3191 2939
17 8435 519 3555 9306 3540 6048 956 7884 4355 4653 713 3230 1536 1014 4364 5666 7304
18 7677 489 1503 5654 5025 3513 8462 95 3270 3530 2663 601 293 7321 120 6883 6376 9251
19 9164 7471 1206 5021 2653 385 6030 6357 1918 8065 5785 9094 5328 7859 5839 8405 9591 9126 299
12 4717 409 3173 8933 8297 600 1411 958 1329 1683 7978 8726
16 6003 3708 7113 6276 4543 866 6773 7400 9793 9014 6878 5673 781 132 1156 6439
26 7373 3245 6740 5426 2982 6641 2927 2397 4667 3216 516 9185 8105 7420 7921 2572 3058 276 5905 2050 4998 4097 9560 6867 2267 5404
8 9078 7575 5475 2703 4403 570 1118 8625
28 277 3544 8104 4536 4630 1970 9238 6450 9810 5674 8691 4336 4775 9594 7018 6658 5681 2388 8500 2396 5800 3015 3162 9942 1514 1366 4909 4908
5 8071 1 7660 9644 8230
22 5948 6220 3855 950 6141 3875 7569 7687 1723 8644 660 4854 6983 774 6272 5534 880 684 1975 429 3144 2448
26 6123 5615 1465 5716 3090 4724 1221 7595 6067 3584 6909 3753 353 933 8481 3368 7689 5278 809 9841 5236 8780 8647 3256 1483 7393
22 2060 9626 8671 1100 8213 4585 8698 6316 2641 1194 524 5706 7890 2387 4037 2716 8393 9659 3728 598 7722 8468
16 6922 4507 3655 9563 39 2537 6713 1709 9055 3187 7279 1759 1183 259 7408 6520
18 1803 2791 8188 8843 8545 6205 6380 3397 2364 8056 7850 6140 2339 6107 7719 6194 5363 9885
6 9274 7196 9763 6325 9603 7432
29 3830 9733 2566 8586 6402 8425 1441 5602 3418 4643 4302 1685 7847 3476 1307 3121 1541 7578 2991 6646 4382 1070 528 460 6876 9269 1919 3652 6470
15 8489 7685 4601 3129 7710 9087 6026 3675 2412 7483 8354 4231 5657 4606 3633
18 1869 4842 3398 8795 8367 2305 2738 730 2657 3885 8715 1587 1264 4947 7570 4739 8632 2486
13 8219 8102 4207 5465 4249 8263 7579 3748 8987 4655 3272 1736 9569
14 9549 378 4056 2217 9037 4376 9133 4772 5658 9361 4629 5156 2562 2866
13 7190 4346 41 4973 9199 8376 4642 9838 9418 6941 1487 6616 5460
15 4502 8086 7186 7109 8294 2560 4486 5527 1184 17 347 9415 2962 1772 6665
21 6160 549 5324 9411 8675 2742 5287 9303 7763 8950 9939 7588 2837 2045 4362 9519 2193 9814 651 8641 9198
22 6851 2651 5335 284 6639 7445 9617 7232 8783 1062 3065 6751 2916 6025 2921 698 9107 7872 9900 2705 1231 1022
16 3358 6953 2041 7542 7331 9634 3499 5258 1548 9643 7412 5752 6046 4303 7476 2090
19 6076 9011 4863 8731 3851 2799 572 970 3556 5032 7510 7711 2485 7592 9040 1180 1846 8538 7235
9 3976 57 4494 6202 499 6184 1401 2282 835
11 2881 9042 8184 1787 1317 33 2054 8602 4808 3407 8278
12 3891 2112 5719 7442 7494 6409 9720 8506 2270 7453 1706 4181
25 3208 4171 4511 8653 9743 934 1013 338 575 680 9928 8688 4289 6629 4730 3810 345 8836 6653 7639 7981 2046 9007 4180 5646
22 7934 6575 5189 381 718 9127 9151 9015 4300 9871 3433 7205 3704 4415 1780 7664 6386 238 6696 4844 1642 1293
13 3381 5858 2048 5882 2085 5297 367 5206 2825 1665 4752 9827 6417
26 1363 4661 4914 6381 942 6473 3746 3425 65 9800 1455 7282 7665 8254 2416 771 2489 1762 4061 5833 1148 3214 4216 6522 504 3899
17 375 656 3148 2559 3816 4855 2006 2143 550 6455 2648 2600 1695 3635 5986 3878 5254
13 3817 3362 5684 6181 4135 8439 2051 1854 8394 8867 3624 3642 8119
18 6786 4028 8112 225 7572 3364 1843 9564 7457 9628 3073 6885 7301 3524 7791 6816 9774 9287
15 6502 2520 6718 4194 7243 3170 3578 640 9041 3179 3920 8567 6789 675 9058
12 7759 8708 2711 5087 1833 9273 8719 9861 5096 5912 3690 8215
13 6338 4233 2828 5406 5955 873 4853 4559 7669 8455 6958 8299 9467
9 5295 5717 300 3122 1660 7245 8827 7122 9921
13 8642 9705 6182 554 3990 7284 9692 6535 9527 3932 3244 6354 7168
11 7253 892 2963 1777 9761 2543 6818 7000 8094 85 2736
19 8302 1773 1111 1845 9138 1725 8521 9513 9191 5472 249 4433 584 5572 5357 7892 255 8561 1356
17 9654 2696 2578 8955 2686 3779 4546 5743 35 624 8121 6608 8922 6636 9858 2201 3861
9 3030 8088 5284 9767 3019 6057 3039 5978 5390
19 4048 8800 1967 3053 8628 2614 857 9469 813 2856 7047 6679 6406 4995 2624 5431 9210 3804 9849
27 8449 2536 7612 1613 853 8040 9394 5425 8854 3798 199 7967 639 8750 9889 5323 2558 4822 8010 8924 434 6146 2522 4134 6145 6177 5461
11 726 4228 4706 2869 1627 4593 9483 8397 6715 3302 4319
21 208 6222 2787 4485 2415 8620 7392 6932 692 5181 3962 2403 8649 4030 5580 5115 5170 5373 8282 9940 8377
21 9202 7690 8681 4673 91 1046 3396 2021 6475 6680 154 4902 8961 9161 9426 4616 1219 9147 1486 371 2411
24 1625 7406 1908 4815 9207 4713 9685 5241 5369 7209 7045 5698 4493 5872 7360 2732 3912 4234 6957 4809 7128 6341 9428 2620
11 6570 9466 6216 4520 9848 9862 3563 3658 4188 5118 8885
14 4657 511 6023 3409 3203 9406 6689 7787 3482 9421 582 5340 4736 1064
29 9503 7554 5381 3557 3833 4282 8945 5818 918 8682 3316 4125 5870 2765 5824 7550 9113 9235 6100 2222 3379 9074 1490 7170 937 3715 5676 9747 6750
11 8190 4873 2072 1500 9044 8849 360 2349 246 4273 1020
14 1349 6132 1601 6767 9731 691 3403 9019 7233 755 9220 3872 304 302
11 5516 9068 3697 1620 9035 902 8207 9186 6725 4751 3259
26 1323 9090 6399 629 6237 6012 2141 8447 6128 9666 8597 4979 7619 5729 1886 5154 9933 5053 4146 3074 5595 4785 7426 7946 9971 611
2 775 5091
12 1189 992 5853 7211 168 4130 2393 9778 4035 5188 1436 7061
25 8555 9282 6172 64 5535 5539 8774 8767 6563 2345 7924 8428 2473 4881 6516 123 6791 1278 236 7991 2719 8751 2752 6955 4488
10 9166 1384 921 6329 8747 7364 494 457 8160 1000
21 4090 156 3735 6279 7463 5082 2390 8785 244 2882 5908 50 1535 2340 6619 8495 2616 6542 5204 5705 8893
12 5868 1319 7599 3166 891 3419 3995 6577 1748 447 796 1699
15 2695 2751 1365 621 3404 8027 4053 1954 861 1739 8142 8110 8043 6233 7450
22 4017 9819 4109 9842 8631 3205 7712 475 2470 5134 946 814 7858 4076 9122 4917 2518 6306 3240 8623 1576 3313
23 7994 9846 92 7263 5193 1799 7150 867 4250 817 5802 8383 4552 2014 9949 7571 6979 5109 4 9323 4311 4484 6011
30 753 9464 2577 8801 7574 501 6757 2187 2829 2077 3862 9813 8993 5849 2996 6332 1828 3354 2086 6776 8668 4831 5722 2283 619 6555 1901 983 7898 4918
18 615 9680 1040 3311 6208 2714 4690 1532 5307 4144 3777 7582 8355 2028 1877 5462 6335 1131
6 7188 8191 9619 4525 9817 1399
23 3778 5920 9992 8434 2167 5954 6982 6756 3360 9077 8593 5992 3353 8600 4647 2807 7584 9646 7216 4896 5930 1974 5819
19 7114 1346 5628 9473 2240 2972 4937 4884 8583 2025 8498 8466 9892 9047 9826 4768 8755 5935 9770
7 8155 2981 5901 5014 6159 7922 8563
5 4255 166 6971 6188 3202
19 6485 2293 6942 3468 9409 2385 493 6662 1700 7140 7724 7197 7210 6755 8886 1933 3980 4229 8994
22 7134 6098 1414 6493 193 715 1443 9611 5222 6620 4137 5133 1182 6483 6928 8307 3597 6627 9010 9145 401 784
22 7816 4387 9341 9576 2335 5043 9033 6772 826 399 6824 5260 6554 6972 7199 4508 8810 6049 1435 4316 9676 4779
21 6742 9291 8157 4115 9926 1862 6884 6200 3625 8903 3154 4278 1053 6235 1039 7529 8871 3142 3399 7132 89
22 9890 5234 3435 4021 6186 9402 6198 5212 2320 5829 2634 6669 3682 7130 7945 3759 3100 1391 8041 9783 2855 3028
25 1835 830 7877 1101 5808 245 9265 1884 1644 3314 2601 4170 5626 6008 1045 887 4529 350 14 4438 103 4769 5515 9308 3850
9 7040 1422 661 7548 1729 6013 935 8605 2615
24 7092 5970 3414 6393 1564 9487 4696 7594 6888 7344 2122 3796 6167 9583 1162 7777 3195 555 6468 3280 8417 6637 5002 6976
13 69 4475 9820 6618 4615 8915 5356 751 2429 5243 3271 8493 6591
13 6101 9538 9450 842 9452 4528 915 7378 5928 9371 4252 571 8825
27 4034 159 5060 5678 2639 7493 1332 7010 6138 8970 4046 7217 3574 9102 2834 286 1094 5739 28 2161 4408 6411 4620 6992 3002 648 9726
12 655 3729 8992 5660 4202 9260 6435 8809 4564 6895 82 7751
19 8445 1863 212 9735 8179 9710 2539 2164 9298 290 9327 3351 3575 3209 4262 4999 1358 1270 3705
16 4882 5934 9744 5218 5477 5576 4139 1755 2132 239 9658 8077 4892 2099 8364 2363
8 3036 7861 419 9255 9561 9449 3552 5478
19 2313 1475 5967 6634 3092 8259 3487 9043 2351 2793 1989 8881 3516 5581 4456 8522 1379 4210 9993
16 9316 6843 7864 4208 5713 422 6784 4969 175 7840 5405 6832 6920 3454 7741 3560
16 3276 7041 7709 2673 1256 1930 5417 529 1294 7629 8796 7648 889 8643 4915 1018
25 9289 7174 9947 1605 8882 3146 5208 6566 4758 7361 250 2311 1457 8504 4590 4535 7107 3004 6543 6837 2011 1696 36 1698 5599
21 2275 5554 2020 2661 9696 9738 7792 8073 137 3494 1310 1179 4634 3680 5943 2405 8829 6118 7752 7136 8490
24 102 3795 1215 9845 2556 9823 5523 5514 2762 2644 34 2956 1727 703 5642 8288 4774 3186 4688 1274 7300 4553 2073 4354
27 2480 372 3190 9128 7628 6871 3044 9283 663 683 6042 2084 7231 4521 2256 4597 9919 509 6352 1669 1971 6860 7469 911 7772 7869 926
14 1010 100 435 8243 3105 7915 832 3615 8505 949 8189 1668 8788 4700
12 4410 7555 7512 7103 6580 2802 6002 4318 541 4406 6116 6517
12 7704 1560 6541 3057 172 6745 7352 2404 261 7925 5577 1190
19 3138 772 8529 6484 8953 8502 7770 4159 2042 2476 7653 3803 4051 8828 6528 5355 4000 5339 1868
6 1406 1227 1784 1135 2454 1009
14 6924 4959 6698 462 922 8575 9623 1580 6550 6659 9482 9874 5708 4471
17 2426 633 3420 8979 8686 5636 4031 1553 9272 9633 2000 9651 997 2076 6149 4397 6753
22 8274 957 1326 8737 1864 6248 377 5008 6213 7274 5734 1525 1571 3034 9149 6666 3942 1287 6592 4518 2259 7767
18 8412 2605 6340 3773 9116 4213 9205 928 6738 1711 687 288 4740 426 9455 7377 3312 5891
22 5746 7837 4544 444 7558 3901 3377 6873 2498 8842 2557 1917 6219 1370 8544 3194 9293 2369 5612 3151 8340 5883
13 8328 9477 8379 2992 761 4767 649 5161 1922 1795 2218 8218 9600
20 4913 6647 881 5803 1537 1779 6800 1451 8562 9453 8418 5488 2199 9984 2767 4375 8076 6151 8221 9711
4 9109 3579 1630 7948
17 7988 4247 2893 6615 5710 230 6251 6863 2018 9598 5135 4114 8144 8005 8107 5325 2463
22 1160 6836 6739 8804 1220 2952 1232 93 7176 1286 907 116 356 6091 2435 5283 7056 4567 2679 3305 7597 7374
18 1105 1041 6407 9734 1647 4682 214 542 235 8811 1850 6472 2994 2970 2872 1586 424 4332
25 4586 4328 9156 9586 724 8193 7384 3038 3946 6970 7353 824 6556 3212 514 7327 5097 8051 4454 6343 5820 1280 78 2113 828
12 380 7693 1023 9708 5216 3355 2013 5946 6881 9369 6701 3914
15 4088 8694 3732 3133 1109 6956 374 4104 5699 5262 7662 6581 3953 5330 5067
18 617 1968 3531 6652 4352 5103 7775 2533 3003 1073 4684 4434 8781 5419 9674 3415 1760 9454
21 5861 2781 9679 8373 9070 5520 1033 2081 6385 5310 6077 4975 3183 6421 1793 1786 1890 4993 8517 2886 9766
5 6809 3384 6058 5237 3539
14 9557 2904 3542 6877 5371 3955 1028 9697 4237 5436 5613 3408 8199 2563
23 266 5711 4895 7535 982 9022 292 7148 3495 3228 9948 9799 3782 7598 3818 5004 5379 3674 45 2569 9840 1579 9354
22 5245 5409 7398 1910 8956 3640 6907 6420 3007 4219 7498 7195 5139 7470 3917 201 1812 7832 9253 8087 7404 295
23 2181 5285 1113 8892 5757 4866 7843 9397 3083 2178 8115 9435 4571 9695 7247 1678 6092 3600 3423 7084 4267 2197 762
15 1529 6064 2398 2052 6094 7071 7694 4618 981 3150 9434 8574 221 3298 9967
22 3622 9737 8239 4003 3340 428 9300 8550 6743 9880 2810 4639 4480 5191 2392 7544 2545 3604 8626 7151 9898 9336
18 5866 3334 1721 7614 618 4645 1879 5268 3006 5303 2381 3037 9741 3957 5203 9056 5474 1374
16 7379 4788 2207 9180 7525 7636 6722 6298 7272 8679 8655 4668 6986 1859 6661 807
24 8652 5012 4327 6562 3534 2174 9457 3139 2214 7914 8665 2150 8651 135 4562 404 721 4598 5787 4541 705 4926 1987 1950
17 704 5437 6842 3663 7172 3722 8990 6163 716 8530 3231 126 9839 467 5281 4339 3185
6 6526 6476 2681 1376 3911 5926
10 5300 1912 8520 2737 6625 1513 5562 1238 3255 6191
25 4063 8198 248 5304 5998 8901 7873 9968 2151 8981 6674 442 6137 8034 6778 6604 5085 1964 3260 2422 2083 4265 4680 8083 6768
23 29 2110 2453 9485 4495 9246 9881 4045 5210 2495 7949 5016 6072 3916 6640 7127 9280 4864 1820 4457 8168 5148 2070
27 2008 8940 9144 6649 8664 4781 6168 2315 2291 8510 9629 433 2062 7090 7746 1684 9368 5993 6937 7646 9173 344 5389 3175 3641 3890 1680
17 8075 8229 5847 3685 3233 6803 2602 8018 6043 9907 5152 2860 1957 2946 1044 3180 5296
19 3966 6630 9751 708 5879 6165 6387 5650 6446 7062 6369 5428 8743 9540 9746 420 8581 2926 1207
26 2292 1697 1949 6939 1523 8591 9023 4441 1255 3645 5027 8645 7333 4039 4694 346 5421 6926 2588 4254 9715 5767 6553 188 6315 3014
9 1208 9000 9195 9194 6811 4221 2541 8753 9938
14 3770 2919 5377 47 1004 9405 1768 1629 1875 384 3864 3248 4925 7992
9 8637 6677 4981 5279 2121 4029 275 8127 8824
11 8848 8021 7901 1994 2108 5069 908 4802 2854 1761 7581
20 5359 1272 5782 9836 6799 9681 5583 1429 2613 3474 7414 8471 5763 8064 1940 2194 2631 7959 8707 6365
25 4792 3477 7255 8042 7580 8876 3636 2250 9297 9229 7028 7072 1651 1058 7063 6697 5772 3882 2943 9590 4165 366 2249 3126 4886
12 6173 7135 348 6121 5933 9054 2776 7807 786 2359 558 2951
16 7191 7561 7929 8300 4264 7860 4060 6471 4613 6353 2832 9324 9689 8929 2693 1602
8 3790 665 599 2790 7287 3754 3016 2346
17 7891 3669 799 843 6865 2649 3776 521 518 3841 2428 8969 890 5 5469 1427 4987
11 1381 884 551 6174 6810 8894 2553 3304 559 5876 148
2 1142 4887
21 147 4807 7808 254 1914 2497 2479 8817 4452 3873 7608 7006 3331 3247 4638 8537 6787 2433 7748 9257 446
21 1407 2551 4481 6280 342 7931 7799 1424 2281 1920 6203 1996 4164 4371 2891 1821 6070 6401 2683 9129 3523
20 8028 876 2444 8951 8932 4623 5929 9724 7564 5651 9081 8776 8344 4612 7385 1074 5797 7831 3099 9243
15 7609 5250 3461 9512 5140 7923 2567 9588 9502 673 3243 8305 8090 4281 6524
18 1944 607 9657 9026 7778 279 6337 6171 7875 7695 4201 3306 4754 4498 436 8151 6509 3478
12 9002 3193 7250 1810 4033 5099 7137 7523 9727 407 3695 240
8 8176 7613 4952 2022 6691 5122 1093 1242
2 5441 7813
8 8023 1637 2652 5386 2857 5219 7990 5190
18 2797 6966 1102 951 7663 1057 5632 6081 9363 6887 9356 5786 7545 602 9883 9438 7718 9608
25 8187 8713 4867 507 1897 4141 5040 1861 2913 4835 5194 6036 4919 9009 6660 5966 7786 9755 9437 8920 7845 858 5057 9756 8196
25 9182 7448 141 3453 6519 4819 1431 6442 9902 6719 114 6254 8494 8399 9678 2906 7055 2699 4176 9468 3854 9423 8515 9818 5561
21 4223 8629 1997 2184 3394 3463 709 4024 2715 8200 2306 7326 4025 4380 7369 8696 8756 4284 8704 8690 8884
20 9262 4260 2107 6893 7903 6480 7682 7502 4173 9400 3085 4582 3948 9607 8570 362 3853 4251 7496 1507
14 9613 164 66 3366 4656 2233 4654 7870 7762 232 1396 9687 6284 1998
19 4537 2809 3651 8766 7102 2272 7143 7285 484 5180 1505 6622 5229 4444 314 9958 8724 8202 8971
17 6523 2140 8444 5557 2330 2228 3101 4828 3145 7671 6891 5671 9961 1462 7221 5280 2329
18 1480 3807 741 9319 8477 8918 6857 4014 3717 2190 3843 1168 586 2561 6225 5349 7538 9910
29 5902 2327 6633 6752 1589 9031 9537 2078 1245 4499 4806 8268 2501 1012 487 4330 1603 3177 7339 9085 46 63 1482 8608 7514 3192 3327 5142 7836
18 5213 4666 6902 7048 9463 6197 7365 5548 4805 7927 4244 8584 3219 5153 2336 9966 8663 7600
7 2377 3721 364 9239 4504 395 2968
18 3291 5709 9859 1078 5958 7417 9962 152 3137 5793 87 5026 5326 5604 9604 5302 7268 6603
5 2930 2442 9595 5263 4027
21 7309 8194 2261 1634 3267 4555 7707 694 1328 8177 9050 8241 785 6275 6846 9218 9905 787 1849 6795 2409
4 476 5392 4702 4022
7 1433 7691 6029 1592 636 1459 3088
24 7323 2260 138 313 3793 2482 6896 5214 2159 9335 6734 659 3299 2712 7330 5164 776 3581 6635 6481 1720 6358 4215 6113
22 8346 7380 2105 2717 2284 5701 8833 5166 1450 9835 3511 6915 5337 4574 7885 3071 9189 5768 2725 3344 6500 247
12 9920 1676 5881 6379 9543 5860 897 9263 4686 5094 1061 5084
17 5663 9370 5064 9981 9141 1453 352 4297 2938 2745 8181 9233 4084 6363 3834 4814 9914
17 6582 7456 4705 3952 458 7528 2368 3401 125 3365 7324 8702 860 9063 1654 3959 4042
9 6377 9579 6055 1166 1983 2301 4295 6294 5454
24 9065 560 3393 4200 4347 7764 3947 8426 8960 202 3747 5041 8220 1432 1946 496 4086 7158 1362 5750 5609 7744 2255 3184
11 4206 7234 7108 1582 4956 7424 1841 5591 5806 9791 8618
24 5799 2523 9030 7366 4066 4944 9474 5537 6283 7351 2668 4527 1583 4596 2066 6754 7755 8186 6588 1616 3094 7315 8336 6300
10 2967 6333 8072 5540 282 7237 3049 883 67 5969
23 3993 6356 4877 4872 2235 1771 6062 9278 8291 821 7179 2104 9593 2295 2365 363 4516 2974 9797 1607 8859 140 6060
18 7941 8035 7900 1655 6989 6716 8284 8662 339 4152 1719 7852 4780 6899 9596 2136 1225 6136
20 1176 1595 1873 8007 1902 4204 1502 5715 3116 4472 2471 4110 7607 4226 2458 6781 4019 4737 9552 5331
17 6041 9769 9645 4117 7278 396 252 1098 8016 5807 1934 9780 1334 5344 1295 3734 6518
7 2061 8869 6967 1067 7337 4506 438
7 6596 9219 4558 1177 9392 6238 5471
9 2954 8739 8640 4583 5256 194 6085 4852 4329
2 7916 4796
19 7120 1250 6814 645 4787 8798 7661 5005 1640 1485 3874 9285 4572 9683 4674 9154 2987 2019 5047
20 5816 2867 196 1800 9508 9114 1796 4248 6741 3262 2374 7683 676 9375 1298 3296 8478 1703 6621 3388
19 1521 5888 6538 5457 1963 7812 5704 8293 7790 1853 9989 8757 9318 5468 2423 3983 1259 4320 644
11 3157 55 1689 9475 987 1199 9075 8103 3332 2960 6527
15 4072 6762 8421 3489 5092 1724 5963 8852 6531 6495 959 2027 8322 4492 6934
2 2352 2573
14 2928 9478 5433 993 4099 6574 5124 7259 929 1075 1656 5725 6728 5979
18 7372 1364 8799 7602 4111 5769 1524 9424 318 7153 227 1749 1802 9877 3046 7427 1909 2300
7 4907 4888 5306 4365 5366 8821 1855
6 7119 4404 2366 1774 8609 9954
6 9481 6825 8485 8192 1085 1923
20 5491 3904 7401 1271 4227 5112 4224 1132 1907 2407 1941 7998 9582 6427 8172 3981 8066 4701 488 5688
12 4070 2769 7076 517 145 5822 3062 8286 3106 6664 2064 7410
17 5182 2180 8806 2975 3986 5158 967 6777 3082 9924 8697 3096 1832 189 9986 5024 1633
20 6946 128 5907 6021 8343 3731 9510 6054 4851 2068 9480 9982 3152 4431 9223 3227 5121 2347 1659 5555
8 8062 1752 8225 4196 4832 9118 4420 3755
13 5994 6657 5160 3974 688 7562 3701 3328 2205 5810 1464 806 7760
7 5289 2216 7645 9632 3648 2942 2212
9 3566 739 4353 6125 7193 402 2314 7732 3936
9 5070 8823 7342 9346 2131 1488 7303 6295 7183
13 5400 2234 1838 7810 9160 3907 4830 7638 8807 3521 5271 7908 8253
7 5466 3646 4113 1778 389 6230 3941
21 3826 354 3475 6670 9158 9376 8745 9458 4098 1857 8416 5261 7099 243 7659 9181 9597 192 8966 7189 5434
13 2402 8038 4344 1340 2246 2768 5484 5145 6823 8240 7806 5215 437
6 2748 5201 4195 1024 3696 4476
20 6426 711 4939 8237 9556 7479 6370 1458 2350 1265 7488 6017 6852 8479 6211 5956 1383 9389 7242 9005
6 2338 852 3802 2319 6808 5968
10 8667 3104 3845 5291 5391 2694 387 7729 9353 7909
13 1734 779 6987 3991 8266 9292 4443 6925 9867 2590 5639 798 6610
18 1276 9038 3510 7912 5838 2702 9442 6089 9899 8116 3079 1754 4763 8452 171 9193 5774 8934
9 6491 7381 2910 6120 3989 8988 4561 23 3791
24 1251 3220 3740 9192 7490 9923 3583 1031 1460 5835 9419 3406 8928 2565 2997 4280 3300 1049 5209 1895 5623 4697 6748 4049
20 7882 9912 9045 6201 8551 6000 4291 5375 2713 5042 105 1775 5079 1608 8904 9124 6973 679 6158 5661
13 2548 98 4636 6245 9092 6056 1765 6034 2043 2925 3234 4390 7182
14 3326 893 6218 9934 9987 6059 1316 7960 4625 3506 8764 6328 6130 1140
19 5500 9729 5764 2355 7513 1297 332 7248 4106 1069 6071 5448 9302 5385 9760 2692 2226 2097 5652
5 2079 7515 1412 6190 1452
23 8816 6815 3623 8395 5777 646 7794 4209 5700 8101 9548 1302 819 3909 7439 8153 6373 5242 7896 3943 4479 6931 383
13 864 6392 3119 8420 3666 6587 4938 2244 7829 8760 5582 3689 3491
20 1211 3469 7422 3866 4986 2589 7501 2740 3968 4016 5691 9036 4743 7841 6845 6990 7517 1205 9700 7625
20 4652 9620 7876 2467 5001 5009 1470 1872 4921 510 6747 4899 3374 7291 3554 8491 3143 4287 7068 8048
8 4285 7984 7654 461 6515 1129 8508 1599
14 9046 9847 6360 403 8968 7736 2965 5413 6779 4897 6731 7126 2010 4817
18 990 4331 8257 6850 5603 6730 326 4369 1181 4932 6801 6668 7780 8846 7165 8197 4510 8113
21 4689 355 8826 7266 9789 4784 2386 4906 7516 8335 5228 6180 5420 4487 7022 4797 7026 540 898 8526 5020
15 7874 671 3160 2118 1738 3054 1005 4087 3537 2831 219 1767 505 2037 5886
19 6571 4940 6263 6513 2504 9983 6262 3659 9344 4461 1413 8845 9551 2643 9656 7781 1903 1418 1705
4 463 6864 3760 6644
9 2324 5794 4711 8547 4591 5559 6862 4874 773
5 1831 7383 1977 1420 8422
22 5756 3199 4002 8401 9052 4957 8835 9153 9686 8353 121 4524 7213 3800 491 5826 7973 9200 6827 1141 1164 9461
2 2053 4023
5 5885 6498 1143 2177 3749
8 3169 4605 3370 7701 9790 5495 658 4646
19 2220 7823 8277 6122 6268 7503 9547 8916 4259 2380 3668 8689 1112 2995 7336 642 8369 2608 1562
7 833 2622 7415 6642 6463 7359 6600
11 1299 7078 2710 8991 657 3438 9725 7939 9857 2514 6960
15 697 3149 3512 2937 5815 8984 3601 3462 2375 2899 4584 7635 1368 4533 5742
16 3921 4128 1871 4345 6324 5552 7531 6469 9367 2065 6511 9732 3109 1400 8126 1813
13 3606 2900 9284 4396 7793 3210 6593 6980 369 7634 7740 3577 7482
16 8768 7316 4965 3789 9264 8246 4595 6736 6820 8822 6720 5980 3844 6464 51 7375
6 2935 2477 3117 4714 1027 6521
20 3839 8272 6839 320 3159 2179 3483 4044 8650 8646 2803 2690 5100 1373 9605 8281 2612 7244 7052 2096
9 1489 4720 1037 8231 9073 4368 9142 9470 4325
15 7004 3174 3970 7679 1325 1610 6429 7495 5447 9978 8473 6214 2819 296 8375
16 5679 1186 9809 6833 1201 8659 5525 7749 1498 7425 6726 3598 4738 6207 6911 54
10 9382 5837 2782 7267 1123 872 2583 4676 3892 6477
22 5971 6961 2455 5143 9779 4050 8761 9652 6802 7145 453 4800 8388 3610 2137 4182 6236 9521 9307 2094 5900 7192
16 448 1252 6548 4426 5123 4770 2279 1717 4762 3308 9825 6117 6525 4997 3252 3536
1 5982
6 2288 8815 1262 441 1663 4399
15 3925 8182 1716 4314 1224 2632 5106 972 6488 815 5197 8790 625 5728 9999
18 4825 4279 2129 8748 4276 4359 2642 5105 2757 9535 2575 317 5645 6496 4517 5494 1056 630
13 5566 8546 6529 4293 1518 5393 7627 760 4430 1657 6929 7658 7809
11 1584 7064 674 1048 2525 2665 3124 1275 1449 6648 5071
19 3181 9187 4843 7208 3436 1981 3751 5452 7907 4398 9422 3309 9973 9624 5897 7530 7079 3595 2564
16 2439 2304 3278 3 877 1203 4036 7254 4565 7620 7798 6962 6841 5397 3357 2669
18 4782 9671 6196 6261 8431 5101 6904 4526 7367 2186 5290 3226 6144 1133 9086 7803 3447 0
7 4062 8134 150 3317 3225 4275 8666
11 5892 8079 459 6848 6503 4879 1783 2016 1320 7655 3286
21 7567 6512 4274 6474 4119 9804 8143 2682 9420 9080 1342 588 2440 3587 6443 3001 2035 9365 1570 4723 5275
15 3783 6921 5990 6584 7757 4942 1409 3752 5267 8125 3320 7328 1337 4149 9049
13 9436 2128 8909 8687 9163 9863 7963 6551 4856 2367 1847 2593 2491
17 3424 8952 9270 6161 5844 9441 5343 7727 3392 1389 4681 9807 736 5342 6007 3356 8441
17 1110 8298 6597 9462 4085 7849 4871 8258 9372 5141 4672 3923 7818 3724 8255 8527 7288
7 4924 4821 5995 916 4685 7506 3246
4 2599 9784 4266 1339
22 1980 4703 1121 5957 6930 6345 2771 5006 9132 3714 3908 4845 4304 6267 6097 8944 4963 5869 3070 8765 2277 9601
6 3772 7779 4052 3301 6445 5931
15 5172 1047 2198 7802 2362 2990 2040 9844 3293 115 2474 594 6384 343 9568
16 9321 498 2959 8492 5878 8432 8475 2646 1124 2726 2034 5319 5177 4904 8839 535
