7 8890 3269 2977 6801 5475 3144 2448
20 303 1992 4377 8630 8271 8711 2809 982 9022 5803 1537 6414 2924 6156 7169 1918 8065 5785 9094 240
23 9913 211 9011 5535 141 9046 2969 122 4314 1224 2632 5106 50 8811 6826 4740 426 3980 314 9958 2342 3733 3931
7 1178 7186 8306 5623 3488 3229 231
23 4839 1335 4679 2919 1994 4031 1553 9543 6584 7148 4957 7627 800 4870 9456 558 2405 9715 5115 9793 8724 8202 8971
18 3156 3580 1664 2576 7320 2106 8204 2519 7314 6327 4450 5553 3071 9076 9773 7955 9955 7252
14 4094 5497 445 2949 6807 1492 4309 7325 9609 5418 8735 1419 1764 784
14 3654 7791 9395 1509 7403 9896 2903 684 539 7538 7378 4161 4015 2463
9 4829 5782 7401 4605 2731 6708 3271 8493 6591
6 1138 4435 1815 563 1844 5084
6 8703 8578 3729 1416 1420 8422
10 4059 8292 9084 8227 2844 185 1846 2286 1928 3688
33 7318 2296 920 2920 9698 769 7229 6269 3410 4071 277 5324 896 3958 1557 3276 3384 6985 1676 5593 3061 5336 1308 4169 6852 8479 5128 2833 2637 9214 3734 2922 7133
13 9121 7194 9143 1666 153 7644 7386 1329 3400 2475 1570 7404 295
22 7429 606 3444 7952 3527 1315 7957 474 3840 856 7864 9104 1222 310 2088 5290 1397 8676 4731 7591 6388 4108
22 7913 2883 7956 8671 4873 3530 5815 4024 3865 847 537 6996 9975 2473 9098 8579 4438 103 4769 5515 9676 4779
9 2418 2896 1117 7774 9826 4768 6065 6016 1377
12 2384 5913 3667 5083 2640 3161 968 2433 9486 9014 8218 9600
15 5018 1209 9675 6135 1305 9393 6110 585 2735 2297 1325 3022 3473 5281 8913
31 5299 8518 9888 268 3457 9020 3607 3236 3951 9976 1269 2605 1968 9735 8179 9710 8094 886 1532 5307 4144 3777 7694 4618 981 1270 1155 6555 8405 4281 6524
16 1993 8773 1879 5268 3006 1298 3282 1964 822 654 192 9560 6867 2267 1164 9461
8 7468 6274 5843 4413 1073 3151 8340 3755
28 190 5192 3471 9852 7657 3972 1090 9503 3622 9497 415 8063 1902 4204 7562 5323 1154 1640 1742 5638 1719 7852 3217 6432 9840 8891 6624 2363
29 4379 1978 7293 677 6150 1372 5727 9078 169 2941 6244 8464 560 3393 1738 475 2470 5134 946 814 7858 2229 7439 6543 9883 9438 4316 7052 7157
21 7399 9550 3735 164 9729 9382 4944 3731 9510 6054 1781 5228 4912 4166 2860 2863 8380 3995 6035 5867 9999
19 6783 84 7640 666 9286 6208 5658 2504 9983 8233 9944 6353 1554 363 8598 5893 9269 7978 1426
17 6039 8486 6078 3222 7860 5023 6975 862 1538 3515 5197 6037 3106 3642 6959 3662 2786
21 1528 6901 5113 6794 5890 9412 1593 3197 6466 2357 502 1735 1912 8520 2737 6625 1513 5562 1238 7189 1680
27 8329 3743 5445 2432 6654 8509 1635 3025 2986 5235 9559 3541 3047 830 2426 8021 4872 9421 582 2431 4539 1886 5706 7890 703 5642 1018
24 7070 6456 6115 3253 3988 1438 7475 1874 4940 6263 3811 1217 8228 4798 7260 7047 6679 6406 4995 2624 5109 4 7126 8923
20 4214 6252 2548 4293 9376 8745 9458 4098 1857 3401 4890 3784 5830 5165 3597 1847 937 6057 1347 5825
12 700 311 2751 9754 9844 3293 4175 3186 6553 3703 7533 321
17 719 1111 2036 2245 7246 4807 1897 9116 5995 7446 7528 4746 8665 4055 4552 1807 8253
12 6694 8149 1543 3572 2917 7346 867 4085 552 1181 1061 3749
15 945 9851 157 9864 2110 9303 7763 9804 8143 2682 6081 6167 7711 952 6960
29 9216 8024 5424 9581 4833 8382 4665 7585 6831 2838 9626 5381 6133 1263 7628 2233 4654 2077 5523 5514 2762 5050 8779 2093 2380 3472 4110 6343 8330
17 4885 7862 6630 1660 993 4843 3802 9405 6858 6422 2479 8817 4452 5627 7006 3331 7025
24 6403 3398 1189 3414 6393 1564 9487 4696 7594 4136 6413 1891 3501 116 4152 3996 2101 317 5645 6496 4517 5494 1056 630
23 9544 9523 1273 6710 394 6438 5601 9068 8118 8996 3469 6896 8193 7384 3038 8748 6974 5452 7907 1596 6486 5164 5067
25 1066 4184 4437 5227 1757 3821 8158 7494 8747 6884 6200 2272 9410 6897 6312 6359 7130 1946 5129 1321 1 1152 2136 4339 5953
12 6780 7013 3438 7743 7963 6551 4856 6207 7719 3535 9661 131
6 3257 7227 1906 7416 6351 5439
29 2356 5693 8978 6457 5517 7230 206 513 9705 4143 7477 9751 8945 5777 4636 6245 8916 215 1485 3874 8651 9379 1096 4660 2823 4702 3098 9555 5476
26 5744 9935 3549 8133 4935 3692 3068 7020 9429 6305 8042 9319 7920 2589 7394 4584 5352 2124 8524 7411 3178 5772 5131 5570 4069 7742
11 4894 222 3333 1867 8965 9579 3548 4447 7337 7722 8304
29 6044 2147 2123 9733 6851 4421 8955 842 4585 7162 7903 461 8298 9082 9928 8813 8254 369 2574 5420 7885 6684 9248 2024 8305 5613 7310 6981 4923
15 8175 88 8670 305 4851 1175 6075 7280 5594 3303 9423 1841 705 4401 7833
10 1192 3767 6108 9157 281 4862 7818 1514 4215 6113
10 2571 297 9901 530 5991 576 7332 6958 8299 4983
13 3055 768 6656 6404 9003 3603 8236 4411 8393 9659 6635 8061 7239
15 3329 5649 9436 8077 1941 7998 9582 6427 158 5075 2195 3390 451 6545 869
34 4687 2774 6952 9627 9254 975 1240 4659 4973 3138 9617 7232 7580 8731 2089 3316 7999 2178 4858 7761 8360 8841 1188 2379 5378 8058 7721 8920 7845 4522 7034 1641 2294 2888
32 7329 1888 9267 4307 8370 2316 8989 5189 381 718 9127 9151 9015 8134 3123 2846 6930 6345 8855 4930 5565 3919 4847 6763 4362 9519 7431 8320 2725 6158 4324 8046
25 4414 6765 6304 6711 7685 3891 986 7118 1527 241 8791 7686 8615 8266 365 5093 104 5708 2793 1989 2364 3389 8849 1736 9569
7 7911 7198 1447 4637 9927 5138 8957
12 7928 1515 9305 8587 5358 3869 2166 8071 362 4418 5142 7836
34 7553 9768 3017 1313 7465 4502 8055 3585 9563 1480 2141 5818 3974 2537 9694 85 4623 5929 9724 7564 3137 5793 359 5951 4999 8242 7022 4797 8602 5768 7832 9253 8087 4961
12 7716 8954 8906 4148 17 6773 2985 6732 3670 9365 675 9058
13 6321 3776 9237 839 9408 9575 3678 5925 6027 8341 8619 8336 8838
7 6724 5332 3119 9191 3009 6722 2212
4 61 9514 2176 1546
17 6412 3371 400 9401 2135 1830 423 3616 3051 3557 7561 8420 3798 199 7684 4971 1663
10 5510 7249 6296 4733 3445 1530 8614 9952 9546 476
14 5090 4648 2026 5516 4959 9452 9182 9238 6450 7085 1834 9734 7741 3560
18 3103 273 8351 7975 4467 5391 2694 3888 5107 127 4368 2811 2522 3304 2879 6522 8556 8222
10 6912 1160 8956 4546 3640 459 1041 7668 6583 4492
33 19 4948 2881 3632 1406 2661 1220 9165 691 3403 1584 6196 7636 1796 2386 4906 2214 7914 1671 2406 162 8706 1600 6841 3882 2943 9590 9007 4180 781 9217 6676 3286
17 6913 8342 4848 565 1002 9228 3007 4219 7498 7195 882 9096 1818 7031 5204 5705 6520
10 2788 3024 9691 2718 9231 609 2372 7869 9638 2618
16 6547 4693 6536 7451 9249 6709 8689 1112 3834 4814 5468 1144 4010 8043 6233 7450
9 8967 1582 4513 2157 7748 7184 6789 6229 5884
17 4080 271 4980 1803 6793 5255 2918 8068 5353 5283 2262 7313 9797 8522 1379 4210 9993
26 6735 6822 9757 9869 4056 3697 2006 2143 4863 5885 6799 9681 8547 6213 5692 7849 260 4033 9163 5267 8125 3320 4082 6830 9413 1385
16 4349 6053 6849 9654 6485 2313 2904 4063 7284 9692 7413 5436 4676 6637 5002 6976
7 7804 3752 5200 931 3392 3142 9530
5 6916 4761 9459 8704 3945
24 961 2531 3168 8448 4020 5948 6048 6430 3325 6842 4495 7691 688 8284 9706 6478 9583 9982 1743 4621 2789 3165 4222 3288
24 8557 5402 6069 6424 8458 7174 1101 5636 9738 7792 2393 9778 7287 6888 1872 4921 1493 6655 8695 5963 8852 6531 9006 6018
24 7104 117 6875 3067 9347 376 2511 9345 1970 1721 7873 5486 4291 716 250 6272 9080 6264 4527 1583 6303 793 1617 3870
22 3005 8758 3779 7811 4628 2319 8960 8564 5074 1911 2542 7387 2708 5681 2388 8500 2396 5800 291 7032 5935 9770
29 610 8699 8736 200 627 6607 8167 102 7512 9752 7172 254 1914 8597 4979 7619 5729 2971 2068 7887 7016 9028 2137 2915 977 5912 7151 2249 5173
19 7965 533 2436 9137 41 4706 166 1475 3418 7364 494 8831 9246 6268 9335 8909 9828 7782 3491
12 7993 3200 3147 6319 1119 6868 915 4272 911 5024 4813 3042
11 6228 1995 5721 5295 380 175 7840 5017 9968 3524 5226
7 5440 6265 6695 8146 3693 5480 5653
9 9996 8406 3739 6740 29 2556 9631 4058 6544
14 6410 7357 328 9306 3208 6222 1725 6247 4154 7830 3072 9039 8632 2486
18 1200 4225 2783 2512 4048 6620 4137 5133 1182 9907 6886 8871 7354 4146 9697 1014 4977 5828
24 2507 4984 2015 2184 128 7654 9633 2000 9651 997 4682 214 3429 9565 4575 2570 7324 8702 5469 8097 1295 4251 7496 1507
7 5205 6418 7141 306 2144 6177 6104
24 483 2720 3129 57 6119 3795 1215 9845 7931 7799 1424 2281 1920 7551 8833 714 544 6938 2162 8655 2966 9189 2593 2491
19 825 4742 8832 2566 6024 3409 4109 3133 4767 7456 1685 7847 1281 8339 8018 6043 3060 2674 3341
6 7557 3294 9274 6718 3578 9359
29 2056 4910 5598 3176 9947 8213 7445 9262 1580 6392 5566 5860 194 6085 7081 485 512 9539 6376 8851 9440 6937 1373 9605 8281 2612 7244 13 7437
17 5282 9974 2465 1097 1984 4171 7612 1146 4016 5691 7495 5447 9978 6627 8183 5117 5296
9 5049 6239 24 4511 8653 1833 364 4275 2032
3 1609 6031 3539
14 6189 734 3375 5856 6804 4153 8566 7019 4756 2234 8609 6873 4420 5883
7 2934 8787 109 7464 5103 6705 1998
23 9965 497 3849 3605 6942 9037 4376 8346 1644 3314 1104 5262 6764 1804 9832 2713 5042 4521 4039 9704 8531 2884 9723
10 2278 9625 4717 813 2834 9372 9732 5787 3273 4181
14 8803 2784 3608 1814 5329 5422 6754 2842 9008 898 78 1366 4909 4908
10 7444 7352 588 8307 8117 9562 3551 9154 2987 6518
25 6139 4112 7430 2603 5887 1908 300 922 7211 6633 833 6512 2198 3574 4289 357 6609 9460 8241 5330 3906 5550 4442 5683 8726
21 3758 9314 3188 823 69 5678 2639 832 9912 5143 8407 3233 7389 3470 7927 4244 125 9892 1916 4391 9515
16 854 1206 4965 7663 4776 8029 25 7367 2186 6421 5506 8180 7074 9808 8084 6417
11 5668 8435 5716 3362 2209 5154 9933 2452 7777 6728 5979
12 3546 32 6922 956 4228 6340 3773 3793 9019 5634 1772 6665
16 7319 672 5086 1267 8449 9138 6012 8667 8952 4366 3101 219 1767 5309 1761 7632
13 7768 8792 7347 6006 3846 4026 917 9607 6231 1362 5750 1487 3111
29 8262 3281 2538 8559 1674 3411 8085 7884 8412 1369 3220 3181 1402 4699 7440 5962 6737 8872 5733 8692 1071 7582 8678 1793 3563 3658 3336 9615 5819
10 5983 3516 5581 4456 1607 8859 4075 4926 1987 1950
5 8484 7499 6206 6879 7206
19 9349 7962 2062 8419 1516 929 3953 725 5102 9979 5986 3878 201 1812 5419 9674 3415 1760 2940
7 8784 9805 3647 3715 6827 7577 9736
6 568 8203 6004 3321 6509 962
30 4794 1512 519 489 9707 6199 3196 7129 1883 444 5425 1412 3601 3462 3867 6298 521 1711 687 288 496 9091 7012 4946 7859 4945 7863 3254 1158 2724
15 4455 3555 3540 5615 1170 1349 5477 1326 2327 7193 402 1199 5219 7990 8753
29 9670 7677 1503 5654 5025 3816 92 1605 5853 4653 846 1634 3267 4555 7707 694 1328 3299 2081 6385 5310 6077 4975 8904 4963 6577 6249 6257 5840
14 9164 3708 1236 2168 8140 3960 1351 4684 4434 5927 9427 5773 4118 9642
5 6003 7088 1794 4882 5091
17 7373 7471 6706 6076 9702 6871 3044 7645 9632 7662 6362 8857 9324 9689 8929 2693 7751
7 119 7575 5062 5492 3718 1894 6019
15 3544 8104 4536 4630 633 8376 4642 3663 8546 5619 1034 1590 5487 727 9910
25 6220 3855 950 6141 3875 7569 7687 1723 8644 660 3510 2989 865 1604 5481 5810 3008 5932 6666 3942 1287 6592 4518 2259 7767
14 3245 5387 6123 1465 6361 6575 9846 7861 5034 8782 1067 8397 6715 1694
15 1866 2060 4028 1565 5426 2717 4123 7521 1749 1802 7717 323 8623 1576 3313
19 4507 4428 1054 8059 2536 6182 1550 3542 1697 1949 3108 5495 5169 4560 838 7294 647 5755 5478
6 7196 9763 1670 3694 6911 4054
24 3830 8489 4601 4346 3442 5576 6537 9133 1223 1193 5620 3466 3292 9150 1307 7179 5919 134 1292 3769 5728 3408 8199 2563
27 8586 1869 4842 5751 8128 210 6058 6316 2641 7120 5306 4365 4125 5704 870 9612 7865 4903 767 3018 9911 6126 8391 4859 3094 7315 4936
22 8219 6307 9549 1613 853 5465 1433 8413 3691 2653 2765 8294 3680 5943 1358 3150 1180 4541 3002 4504 7054 3076
22 8102 3426 8588 7190 6402 4410 4544 2020 713 6662 2710 8991 2345 7924 8428 3374 2302 6787 8473 6214 2819 5047
28 378 2828 1384 6698 248 5304 5998 8901 5699 6138 8970 7501 5904 1945 286 8627 3909 848 6619 9502 7377 3175 3641 7752 5591 5806 9791 8618
27 8086 8310 6160 549 4494 1079 6026 9511 8694 6677 7929 4821 482 2498 7285 3404 8027 4053 1954 28 2161 7514 3192 3448 7300 4553 6603
14 9925 1423 1775 3194 9293 2369 7419 2005 2022 6691 9942 3244 9898 2609
24 9411 8675 2651 5335 284 6639 1221 9031 1774 6021 9784 5541 5479 2018 9598 4211 1806 1797 4598 3109 1400 8126 2785 4732
14 3358 6953 2041 9991 7532 3935 7607 4226 2458 2962 6088 9241 5122 8278
12 8878 7355 9547 6446 8415 9647 8746 5053 9699 2394 1427 7181
13 1228 3976 6293 3435 1430 39 8111 6845 6990 858 5057 9756 8196
26 3564 9042 5089 8642 8555 2912 9495 6729 9684 4825 4279 6513 786 8542 8687 8660 2636 4076 3037 5288 3628 7269 3452 6005 4337 5775
14 2112 9325 6202 499 6184 5488 2588 4182 8095 1476 2456 1141 6612 1708
22 7934 5719 7442 3513 8462 7877 8882 2140 4772 2714 4690 2635 1937 4335 2688 6336 2810 4639 4480 3831 9149 3638
14 3381 5858 2048 5882 2085 5297 367 5206 2825 1665 4752 9827 1822 6768
26 7710 1363 4034 7837 5808 245 9265 1884 9586 724 663 1392 5163 9407 9183 279 2447 6171 7875 8318 2459 9973 9624 5897 1751 8654
26 9806 4661 4914 6381 942 4788 6582 2937 5291 4947 7570 4739 6629 9233 8034 8494 8399 9678 5966 7786 9755 3015 1467 8714 1643 7986
22 375 7109 2695 9402 2907 1415 292 7757 928 6738 518 3841 2428 8969 890 5 3226 2437 538 5318 3804 9849
12 656 3090 4724 3203 9406 6689 7787 3482 4150 3696 4476 4783
16 3148 3817 6786 8112 225 2869 7889 1257 1755 3904 4141 4711 5700 943 3903 3626
33 187 6502 2520 4194 7243 7759 8708 2711 5087 3770 4481 5182 3885 7614 5464 8334 6324 4164 2766 4582 94 5085 276 5947 3379 5740 3095 8919 7803 8515 9332 5918 1359
27 6338 4233 3170 5406 3112 2293 9450 4328 7224 4869 2315 5158 967 6777 3082 9924 1370 1960 7106 5326 2545 3604 5630 9308 5051 5587 3422
10 7438 9464 3732 4643 7613 4427 3093 8966 1526 322
24 417 5717 8868 159 3239 3105 7915 5237 7984 6865 2649 6378 2875 1310 7868 5231 80 8565 7571 4956 3283 6568 7485 9765
23 2999 8302 6965 2551 5289 5500 1534 728 6407 326 4369 8650 5314 8475 2646 7497 8017 974 9746 1654 3959 2073 4057
13 7253 892 2963 1777 1500 8187 8864 9139 9209 3686 1057 596 9868
11 2559 3786 7692 9202 9207 5970 5371 6495 9415 9646 2669
20 1773 1845 2742 6409 9526 5663 843 8401 9052 3495 2039 9225 3650 5556 6286 2317 5385 6015 2608 1562
9 1986 8184 8170 1331 809 6628 9812 6386 3367
26 7116 2696 7572 3364 1843 6652 9156 9628 3073 9934 2121 3173 8933 9092 9593 7883 8388 3610 3183 9802 9174 6837 2011 1696 36 6060
11 8728 3030 8088 5284 9767 3019 4670 7974 7828 2623 8497
22 6645 3655 7171 9610 6805 5712 9712 4147 2791 6563 3550 7360 105 4089 3079 9949 8846 5928 8162 1903 3505 8633
15 726 208 7690 8681 5437 9838 7004 4426 1860 5076 9801 2732 2256 4398 8730
26 1625 7406 8795 4815 1511 8309 9364 2975 4938 2244 7829 8760 4060 5292 4651 3467 490 815 2378 810 2194 2631 9604 5302 4911 4140
19 2578 6843 1494 9830 6752 1689 9475 987 9000 9195 9194 5632 3796 6370 1458 2350 1265 243 6610
13 6570 9466 6216 4520 3552 640 5126 3561 5956 1383 3627 4506 8201
15 4657 511 8856 8367 2305 3122 2261 3463 5879 6165 6982 7502 4173 9400 2528
13 5955 9071 3629 5746 1745 8840 8973 4986 6062 9512 8481 3368 9360
14 7428 6023 8190 212 7548 5996 1729 5161 1922 1795 6401 2683 9129 3523
24 7554 4704 6399 2706 168 4130 5014 9657 1248 1733 2497 433 2033 4835 7177 5221 2619 7258 491 236 6070 651 8641 9198
15 1323 9090 775 1010 5967 6956 374 1595 1873 6642 6463 6661 6423 1128 2908
20 4836 9166 6903 583 5069 4068 3877 6261 6387 7737 1203 4036 4964 3852 1184 604 5521 6696 4844 9601
16 9140 921 8290 881 1592 636 397 4727 3187 7291 3554 9105 8015 4199 1118 1374
20 5771 4090 156 7097 6491 1282 1081 8214 3459 2017 155 5639 798 9997 9266 6489 6086 132 5633 616
8 5868 1319 4824 6083 2215 745 9470 4325
13 4826 5766 9282 3036 2585 1109 2377 3230 9760 2692 2226 983 831
21 6132 9316 7988 9030 951 4318 541 6155 3494 1612 6727 5303 7945 2440 9529 1739 8142 8110 4216 1909 3277
18 4017 1100 8979 8652 3453 6519 7525 9205 3905 4988 8348 620 7706 470 4237 5392 1720 1356
24 7994 753 6172 64 2240 2324 897 9263 4443 6925 9867 2590 3382 2778 6270 3726 9695 2849 9587 4745 6576 1085 1982 9719
6 615 9680 1040 3311 7323 4027
22 7188 8191 9619 4525 661 7901 7380 8800 2375 6716 5864 2990 2040 3979 9989 8757 9318 1166 1544 8755 2069 2773
14 3778 5920 7234 7209 4003 1871 4561 1352 3532 11 8504 6785 198 9520
6 7114 1346 5628 1376 3911 5926
12 8155 2217 1311 2072 1208 6397 4229 2127 4680 9323 2010 8964
13 2981 5377 9038 2355 8918 6857 8616 7210 6755 8886 434 6130 1140
4 4255 6971 6188 3202
18 9087 2973 8378 1386 439 7398 1910 4537 6013 6961 8785 244 2882 5908 5765 2808 4235 8047
20 4713 4475 8585 4245 320 7164 232 883 9686 8812 7279 5349 5940 4462 1792 8781 4785 7426 9558 2794
8 3468 9409 2385 493 1778 3926 7642 437
22 7134 6098 7135 313 9823 9297 4645 7778 6552 4278 8593 5992 3353 8600 4647 2807 7584 255 8561 7946 9971 611
19 7816 4387 9341 9576 2335 5043 9033 6772 826 8550 6648 1690 3933 237 9001 261 7925 5577 1190
23 1627 6742 9291 3066 1864 6248 6550 6659 9482 857 8750 9060 7466 3763 2817 7326 1229 891 3568 9051 31 262 418
14 8157 4115 9890 8425 1441 1620 9035 902 8207 2648 4138 2133 6295 3500
9 553 849 4485 8225 4331 8573 7769 7732 3936
17 5234 4021 1835 9817 8595 1037 350 8536 4179 8491 3143 1148 3214 9589 5876 7358 3069
22 7040 1422 4969 550 5764 4035 9114 8025 1340 6116 3406 9110 2306 6180 9618 38 4562 2474 594 6384 343 3402
24 7092 9820 9538 992 9842 4792 6523 5279 5684 6181 4135 7212 8465 6554 6972 7199 5216 3355 2013 9095 755 9220 1579 9354
9 6101 9819 5507 9505 3394 6426 8263 1563 0
14 6186 8962 655 8786 8686 5809 9276 4558 9640 9474 9548 1302 2037 5886
14 8445 5686 6541 138 7490 9923 3583 1031 1460 8842 9687 6284 1094 6834
16 1863 4855 5934 6237 2893 6850 9462 8103 8359 8749 1535 4431 9223 1442 5257 8119
20 9744 5218 4207 5602 8664 7103 6580 2802 6002 1981 3751 2984 9856 42 2749 5869 2120 2698 9977 7093
27 419 9255 629 6924 2738 730 2657 5933 9054 7762 682 5622 1724 7531 6469 9367 6395 2792 7500 8315 6791 349 1703 5490 4303 7476 2090
24 8338 4208 5713 422 6784 2464 6634 3092 8693 1861 2913 7750 5534 7333 6235 8544 785 6275 6846 9218 4610 4927 7068 251
24 9134 5060 3167 6663 934 1013 338 575 680 3748 8987 7145 453 4800 7547 509 2199 9984 2767 4375 8076 6151 8221 9711
10 7041 7709 1023 3955 1893 4998 1683 3387 1249 1052
9 9289 95 7704 1601 2673 6562 8950 9939 7061
9 2275 5554 6739 147 4200 8915 5837 3251 4469
23 9926 2480 372 3190 8801 7574 501 6757 2187 2829 2568 720 7867 9879 924 3873 4259 801 3736 9245 7447 9862 8994
9 100 435 873 9848 6440 574 6175 4390 1594
9 7555 6767 9623 2967 6218 2444 5214 6020 2346
9 3675 2412 7483 8354 4231 7427 6317 5148 432
18 9313 9561 4355 9128 9595 5208 8984 3952 458 5031 6540 884 334 4572 9683 5096 8389 1713
17 554 1560 3029 4958 2686 4673 342 8373 9070 4834 9570 1827 1539 515 6325 9603 7432
21 772 7263 6473 4249 2397 4667 3216 516 9185 8105 7420 7921 2572 3058 1832 8495 1621 1278 8756 4284 8139
21 6329 6618 3833 8739 6839 7301 6000 3493 561 6131 2232 9375 2092 9122 9516 5251 3944 3485 188 6315 2964
13 3057 8529 1784 7207 802 7156 4167 7647 8259 3487 9043 2351 4471
13 1227 1135 984 9727 8381 9197 540 6779 4896 8398 4295 6294 5454
9 8243 462 9761 6198 4689 2304 6927 6977 9287
24 2675 4078 3430 2126 2383 5305 5451 5360 1012 487 4330 1603 3177 7339 9085 46 63 1482 8608 6535 9527 7959 8707 6365
12 8040 9199 3420 957 9992 8434 7108 8172 4463 5413 2855 3246
22 8274 8737 3373 1630 2781 9679 5433 7102 8548 4686 1474 2341 7550 9113 4853 2333 1957 2946 6973 679 8083 7467
25 8323 8328 9477 5287 9685 5241 5369 2167 4990 1294 7629 8796 3645 5027 8645 4822 8010 2340 5805 4061 7345 139 9371 9787 6348
23 8379 2992 3990 2952 1232 93 8343 1436 5582 5802 6704 8383 3895 3582 8764 6328 429 3800 5703 4567 5831 2976 8276
18 4205 4913 5695 1332 3901 3377 7682 7392 3782 7598 3818 6483 1382 5448 7835 4230 8141 3507
14 761 9109 8075 7609 5250 3461 6009 1999 27 3351 3575 3209 806 7760
7 3579 7948 712 8592 4737 2097 2998
19 1105 4586 4139 6836 9473 9696 4302 4705 4119 352 9136 2944 9708 8356 301 7087 8863 6573 9227
12 2577 172 6647 4981 4196 5380 4624 8437 6747 4655 3900 7621
21 4088 3270 7693 7846 4327 1256 1930 5954 6674 442 6137 8250 6712 4565 7620 9588 6183 5813 3256 8541 3863
18 3596 617 5861 2681 4352 6980 1985 2146 3506 7030 6095 2685 4837 2460 7409 3040 4364 1652
16 3531 5245 7014 6669 3682 508 71 7646 9173 4081 8834 9181 9597 5560 8526 2697
9 6809 9557 4593 9483 932 6585 8517 2886 9766
13 6877 266 5711 5285 7434 1250 4227 9641 7666 5444 7295 8862 2816
19 2181 1113 8892 6818 2663 947 2959 8492 5878 8432 7327 5097 8051 4454 8060 53 3385 613 6441
17 4895 7535 2790 2799 6771 6567 8244 1885 7797 5013 121 7541 8224 597 9434 7216 9049
9 5409 1529 9672 115 8729 8286 4000 26 3000
14 9564 1862 5866 3249 6279 4195 8534 6602 7661 7510 3191 3948 9240 2866
12 5899 9144 2292 3651 1942 1967 3053 2248 9330 8672 5605 6753
14 3334 9737 7576 6745 1610 6429 4596 5450 8270 6542 7400 9656 7781 807
21 7379 5012 1414 9045 5457 1048 4787 8798 5958 7417 9902 6719 114 9348 9416 9662 8031 2237 8663 648 9726
25 704 6526 8198 1491 6746 1710 1693 5256 7180 8591 9023 2702 4326 7949 5016 6072 3916 6640 7127 9280 4864 1820 9145 401 1035
8 6476 5300 9273 1276 3169 6910 2602 4941
9 5193 9394 7558 4953 2600 1695 1533 4487 9693
21 8698 2008 8940 6649 8902 6041 8768 8188 1628 6332 8656 3432 8881 8875 1759 2647 7165 3923 3344 6500 6300
10 91 3966 6484 9272 2782 8510 9629 481 6297 9251
18 4247 8631 4282 708 5892 2429 2670 9361 4629 5156 8977 5327 2733 3981 8066 4701 488 5688
7 9743 9449 2264 4359 387 7542 7362
18 8229 9485 1211 8182 1431 6442 7090 7746 2841 1253 7488 6017 1126 5247 6050 149 5832 3850
16 2453 146 6984 3396 2021 6475 3750 5194 1853 7443 1567 6962 6447 6988 3265 9317
14 8637 8848 4875 2108 8575 1272 9065 1143 2533 1940 1925 9239 371 2411
12 5359 3477 6173 348 2867 6909 4224 4879 1783 2016 1320 773
7 7255 8804 4011 2583 3932 2730 148
21 7191 3790 665 599 6455 1252 4270 2665 5792 5502 3847 2416 9235 9857 5191 2392 7544 6914 2182 5474 9967
16 7891 3669 799 9219 7843 9397 3083 2958 1647 8446 3395 930 9572 7653 3668 6143
8 7457 1381 788 834 5946 6881 7772 7753
2 1142 4887
7 1407 6280 4709 9044 8680 3252 3536
23 908 2787 8521 4104 4594 6638 5583 1429 2613 3474 5715 4336 4775 9594 7754 4743 861 1103 9279 6107 5098 5363 3012
11 8028 3104 4499 4806 1791 202 3747 5041 8220 1432 2430
8 7595 1944 607 6921 9881 4045 6163 1339
8 9731 9002 5881 1568 5356 8827 7122 9921
17 3193 572 970 90 7259 6277 467 4708 8400 7740 1070 3676 9961 1462 7221 5280 4538
3 8176 5441 7813
21 5783 8023 1637 8257 2482 8261 6451 6066 4388 7656 4932 8511 5105 2757 9535 2575 5320 7660 4626 7303 7524
9 2797 6966 1102 7712 8326 6855 7091 3659 5975
7 4528 7675 8474 547 4765 6499 8825
6 8713 4867 7448 4223 507 1399
19 5539 8629 9720 3146 8783 1062 216 5976 7958 9630 4730 3810 345 8836 1183 5316 3023 796 1699
28 1997 4260 2207 2107 2543 7226 4099 3278 8938 283 2901 3912 7698 6776 8668 7893 6906 3814 4083 4312 4132 4357 1133 6546 8151 2469 9700 7625
17 4966 3050 9613 8477 7513 3992 1459 9833 7139 1606 4780 1391 8041 9783 1354 8718 8226
18 66 3366 1046 2074 9160 9288 3573 3210 6680 154 3437 9161 9426 4616 1219 9147 9663 4580
16 76 876 6503 1030 4014 8539 6251 34 4084 3982 7841 5820 3280 8417 7670 4900
20 523 4656 8062 1734 2900 6597 3999 83 2076 1469 3145 7671 6891 3062 885 5170 5373 8282 56 398
21 6893 7493 5263 6067 8876 2927 4832 3117 4830 6382 7491 373 7063 6697 7780 2723 9521 9307 2094 5900 7192
17 8444 5557 2330 2228 2957 385 6357 8312 6254 2761 4253 6823 8240 9493 4188 5118 8885
17 8506 5902 9769 9645 4117 7278 396 252 1098 8016 5807 1934 9780 1334 5344 2310 8113
26 4781 3807 1589 4677 9897 9789 4784 4248 6741 3262 2142 5574 5341 3649 7715 3258 3352 5249 8639 2391 6528 4976 2258 9591 9126 299
20 5213 4666 6902 7048 9463 6197 7365 5548 9442 6862 4874 8937 8721 4381 8732 264 7518 411 2019 3971
3 3721 3291 2265
21 2930 2442 4615 9226 9362 9433 1324 8009 6398 9425 4587 6262 819 9155 5104 4579 1187 3031 2929 1156 6439
18 7309 6121 8194 8272 161 6874 9130 5804 8416 6561 3056 3399 7132 469 8765 2277 430 9829
19 2260 2105 3615 1838 7810 2805 285 5650 851 8928 2565 7689 5278 8037 2798 2518 5762 7095 3028
17 2171 4664 5743 35 624 8121 6608 8922 2997 4280 3300 1049 5209 1895 1919 5119 2487
15 9920 9370 5064 9981 3722 2515 2031 8361 5347 2741 2932 1821 5604 5637 722
14 6377 3774 9725 4051 9518 7905 1337 7991 1497 6847 5368 7725 5720 6302
18 6749 4206 3205 780 4496 2722 7236 4992 7272 7637 1856 600 1411 9667 436 3327 5774 2269
13 7117 4347 2982 5405 5603 3537 8688 9799 7479 7616 3908 4845 2939
19 5799 2523 1799 6168 7701 5698 4493 5872 3714 7125 6726 2582 2423 6598 3434 1011 2821 2905 9350
19 7366 8869 2338 601 293 4093 8889 7726 8562 9870 1714 8912 2381 2812 8452 6145 3518 7382 750
8 3859 649 3584 5473 9186 6725 4751 1408
22 6333 8072 5540 282 7237 4297 2938 2745 8181 8030 9453 4386 2906 7055 2699 4508 8810 6049 7530 7079 571 5618
10 3993 6356 4877 8239 1123 872 1274 2550 2449 9960
16 7941 8035 7900 6159 239 1667 4523 1520 2044 7452 3011 5328 8313 2747 6616 5078
5 5847 506 2082 315 9954
10 1176 711 4749 3925 2539 2164 9298 887 4529 3088
26 741 1194 2061 6579 6967 3746 6987 3991 6832 9611 8324 9328 5849 120 1876 2988 6556 3212 514 5180 7331 1463 7107 1068 8982 9451
14 6596 8073 9152 3717 2190 3843 4101 6593 7113 5965 8944 9041 3179 3890
3 9815 2954 4796
12 7916 8640 8774 8823 6814 4300 1453 233 8780 8647 6621 3388
19 5816 1309 196 1800 4087 6730 5210 2495 3323 8584 3219 5153 407 8186 6588 1616 4097 2059 3324
16 1521 5888 5662 9141 9871 3433 7205 3704 5614 7062 6369 5428 5236 4952 8295 229
18 3157 4888 7463 5082 1177 9392 808 2051 1854 8394 8867 6306 4458 6187 246 9032 504 4755
16 4072 6762 8421 3489 5092 6581 6056 1765 6034 2043 2925 3234 197 4236 2795 3084
11 2352 9513 7000 9179 816 7351 217 6219 1039 7529 1626
2 6538 2573
21 6969 2928 9836 9537 2078 9072 6326 2084 7231 740 5651 9081 8776 8344 4612 7385 1074 5797 7831 3099 9243
19 9478 7808 6615 5710 9722 1496 8601 9111 2417 1457 4954 9863 6646 6797 8743 3864 1983 7744 2836
9 7372 1364 8799 7602 4111 8830 4317 2847 8666
14 4907 6379 8806 1489 9284 7143 9153 3553 9665 4065 129 327 5964 4886
20 2399 7119 4404 2366 8505 949 8189 1033 2712 7330 4638 8537 8754 5276 1490 7170 7084 4267 2197 762
7 9481 6825 8485 8192 9764 759 6461
14 5491 4070 2769 7076 517 3306 4754 4498 9446 7981 2046 4165 9331 3741
7 1271 5901 3775 4819 8605 1092 6342
19 2180 7203 3986 1024 9810 4942 7363 2856 9062 5379 3674 6428 6950 5767 5972 2679 7888 7100 5865
20 6946 5907 7150 3490 1963 2715 8200 1075 7897 5298 2003 1728 2870 221 9200 4905 3724 8255 9351 7160
15 1752 4602 2972 751 8502 7770 7282 7665 3570 5099 7137 7523 3707 6146 3705
17 5994 6657 5160 715 1443 3648 2942 318 4415 5384 503 555 6468 642 5215 7624 7410
11 3566 739 4353 6125 193 6885 9270 933 5959 963 7433
21 2216 9180 55 5070 7882 1655 230 1042 7167 5372 2045 8807 9242 5061 2063 528 752 5924 9383 5676 5977
19 5400 5466 354 3685 1132 1255 7749 1498 2309 2438 9009 6660 5066 7328 3486 21 1259 1341 8453
19 4532 3646 3666 1348 8007 2 3799 4718 8159 3842 7680 4915 7511 8828 6373 7484 9895 3787 6991
18 4113 3826 4854 3159 2179 3483 4044 4608 9366 6887 6506 8657 9414 958 3728 5930 1974 5561
18 3475 6670 2402 8038 4344 1768 1629 1875 8673 8961 6383 7200 5223 3677 5322 3113 6978 1472
9 2748 5201 7010 5442 7453 2354 9369 395 7459
14 5757 852 9508 5188 4970 2996 2921 698 9107 7872 9900 2705 1231 1022
10 8719 9232 4322 2435 4681 3419 6394 7973 9257 8048
21 779 15 5769 1524 5375 3593 2768 5484 5145 2562 4294 628 331 4422 1648 2218 6878 5673 6194 3383 7059
17 3425 7342 1700 7140 1078 5862 4433 5610 2065 771 4030 2344 5667 2894 9644 1225 667
13 7381 2910 6120 3989 8988 9424 1316 7153 5670 940 8998 4079 7519
19 1251 2415 2132 2652 5386 2857 7370 7098 3332 2960 6253 7935 118 62 3118 9841 8347 4102 1284
14 6201 8551 2230 6803 4250 817 3689 5898 7736 736 7359 6464 51 3825
3 3740 9192 6190
18 6493 98 377 893 2079 3839 2332 5123 4635 1428 8958 7966 6530 45 2569 6941 3298 7937
14 3326 7515 7764 9158 3789 2477 4029 3946 7648 889 8643 1787 6114 4301
11 8816 6815 3623 6480 4644 5141 4672 2349 274 7977 9448
9 8395 7075 7947 1811 3046 5033 5095 7402 9608
20 864 2235 646 47 6587 7422 4866 2601 4170 5626 6008 7274 693 6036 9422 3309 6097 829 386 4321
20 4652 9620 7876 2467 5001 5009 1470 9229 7322 9077 5171 7003 4262 4917 7225 9373 7469 2629 5811 9099
10 4285 9847 6360 8766 403 8968 5178 5462 6335 2615
18 7794 990 3866 8715 6574 5124 2025 8498 8466 72 4025 4380 4183 6781 4019 2301 8508 7375
18 355 4066 6900 6601 8545 8470 1451 586 2561 6225 4934 7545 602 3357 1044 2080 7051 3492
10 7874 8826 3160 7080 3451 4685 7506 1147 9119 4374
23 671 2118 4939 8854 645 2525 5844 5835 2362 3805 9479 4131 4086 7158 5277 6140 1116 4688 5342 2219 1127 1149 1823
7 3054 6571 5417 529 6821 9666 2736
6 1005 8447 463 6864 3760 6644
18 5212 5794 7894 1106 1598 991 1421 5648 9016 2801 912 6936 2656 1398 5458 3255 8166 7011
12 1831 7383 1977 4533 1608 5795 3195 8144 4172 5325 6112 5647
6 5756 3199 4002 3636 3785 5903
2 2053 4023
18 2382 6498 6672 7245 2270 3512 8981 5120 6565 5094 4569 2387 2753 1904 4516 2974 9301 8722
23 3370 2220 7823 8277 6122 7967 3261 689 1896 5656 3894 1810 9378 7222 6038 9634 3499 5258 1548 2779 4134 6943 1216
7 2622 7415 7266 7650 8160 9012 3827
20 6641 1771 2390 9800 1455 2614 8101 5537 9357 4012 2690 5100 6508 2336 9966 6460 7776 1312 4479 1633
14 1299 4583 2320 5829 1709 9055 7094 8153 460 5242 7896 3943 525 3620
17 7078 697 7334 272 9554 3961 4276 7474 3738 4371 2891 2434 8064 4465 1007 8888 5412
16 6907 3149 3845 5748 4658 4221 3354 178 4299 8248 1063 7672 9509 5644 4273 6650
10 3921 4128 8426 8246 8530 399 3121 6744 7152 5784
18 3606 6566 4758 7361 3231 126 9839 9835 3511 6915 5337 1754 791 1618 1234 9343 8369 6600
8 7316 8953 7208 6437 2174 9457 3139 5968
17 918 7912 5838 8431 5101 6904 6282 2485 5722 2283 619 1486 8488 3716 2595 2030 9606
17 5112 2885 65 8767 9813 8993 7197 6963 9101 9866 2398 2052 6094 7071 4627 3577 7482
6 2935 7922 9112 979 7543 4329
5 4720 935 9418 389 7713
8 5679 1186 9809 6833 1201 8659 5525 1855
13 7267 5971 1518 7793 2401 4786 7960 6309 8056 7850 5346 4753 6477
15 7065 8951 8932 6366 2246 723 9337 6928 3075 9170 8483 5752 6046 5505 9721
8 2455 448 6548 6161 1913 3141 23 3791
1 5982
7 2288 4468 3529 7424 4252 8927 3836
20 709 6529 7064 674 6920 3454 1502 7414 8471 5763 2716 7560 6055 9643 2827 6968 1901 4606 7954 2273
18 3947 9187 9171 2439 3753 2151 2835 2596 3211 2111 9621 6363 1678 6092 3600 1435 7718 2070
15 7066 8368 7045 9283 4937 4884 8314 5635 1651 1058 2222 8894 2553 3312 5891
17 4782 9671 498 5674 2236 1501 2462 569 5151 3260 2422 4408 6411 4620 3920 3892 6170
8 4062 6515 101 3243 1581 9431 5685 9336
16 457 150 8620 8079 1587 9292 3907 5559 7353 824 5558 8252 6798 4037 7961 7909
11 3534 618 8843 2468 3163 5914 3330 5401 3687 6154 3569
16 4213 6848 7567 4274 5366 7516 8335 2483 7658 1440 6673 9177 1826 1798 3690 8215
14 3065 6751 1297 332 4385 8325 3634 7652 7785 9905 787 1849 6795 2409
13 6474 3783 5990 3424 1110 3317 4924 3174 3970 5584 2505 996 6517
17 2599 1004 4050 9950 4394 1357 6068 4497 4477 1737 2328 9047 8815 5022 5989 366 1131
17 1980 4703 1121 5957 3016 1286 907 9244 2567 7798 9260 6435 8809 4564 6895 82 224
6 3772 7779 4052 3301 6445 3184
15 5172 1047 8761 9652 52 2837 235 591 7099 5725 5185 1296 4333 3719 6124
16 3851 9321 1245 9988 2634 9882 3360 4470 4351 7308 2514 2877 7297 5839 7136 8490
17 1330 6029 9106 4209 6713 7807 3547 5343 7727 6945 2970 6211 7596 4897 8409 9552 8154
6 5008 6255 9574 4006 1706 5348
19 2115 9790 2250 2206 1852 639 5167 8576 4001 2560 4486 5527 2066 308 5871 6028 8404 4448 4022
17 7341 4744 6908 8583 668 1541 7578 2991 5338 9455 6653 2027 1748 447 3497 5607 6419
5 9100 6367 8150 5709 2758
2 5875 7110
5 8820 580 183 686 6527
18 3436 2898 2424 3862 9658 1668 3498 827 5181 3962 2403 8649 3598 4738 2400 7218 2454 1009
12 9346 6951 4609 866 8005 4707 5781 1506 1953 2347 1659 5555
8 280 9987 353 1716 4838 1290 1865 9922
14 6898 3710 6939 9026 1779 6800 6292 2109 4899 1684 2150 7939 9855 3861
16 8682 409 527 9779 2754 4358 1591 8108 5271 9762 7592 9040 8946 6482 5942 3020
13 8020 916 683 8903 7588 5136 4694 346 4809 7128 6341 9428 2620
12 5569 8285 8173 5382 6743 9880 1461 8822 6720 5980 3844 1015
18 1523 477 9190 1353 8300 7870 6059 9469 10 6192 6001 8049 6134 3152 4960 1401 2282 835
4 9264 8033 2729 1817
