12 8890 1879 5522 152 3137 7727 4975 5577 1362 5750 9257 8048
26 303 3411 6216 7211 4031 6168 7882 8831 6751 1297 9469 9547 851 1053 6235 1039 785 6551 3744 6666 8790 9486 1467 5122 5474 181
6 9913 1170 5287 4756 8783 1399
20 1178 4704 4966 415 4496 2272 9410 6897 7619 5729 5220 5183 600 5518 3071 5239 323 6151 8221 2750
13 4839 3321 6793 3421 2263 6531 6034 3661 331 4422 3390 5637 722
23 3156 1267 100 7162 9165 7226 8179 2791 9813 4121 1999 27 3429 2068 5097 6427 158 8810 4230 3094 7315 8424 9673
28 1335 3855 6536 1605 9402 1220 2141 4866 2444 2670 1307 1469 1302 5733 9242 6658 6797 3707 8474 9149 8186 4610 7721 3318 4702 3724 6354 8279
13 4094 4794 9138 4656 3666 6120 2332 1860 5076 2451 7761 7294 7025
22 3580 9137 7428 2981 5425 4938 2244 2159 8101 7626 9132 7656 4569 2387 6532 2743 6697 4438 8452 6943 4751 1408
23 5497 8435 5189 7092 9817 6615 1110 8009 6398 4250 817 5802 5004 7939 6906 3814 4083 4312 5521 3581 1484 8581 2926
13 3654 183 3593 2768 5484 5145 6823 9585 1234 9423 8515 1764 784
24 445 9559 8786 4088 908 8272 161 6874 6882 8359 6763 4362 6557 7439 640 5126 3070 5073 9014 7845 7776 7034 8707 6365
10 4679 3578 2533 9518 2723 6998 7991 6401 7772 7410
6 1992 8102 3112 9429 5441 7813
20 4829 5069 3425 2382 6638 541 4204 7562 7086 1498 5341 9386 9108 363 8598 1278 7412 6781 5705 7182
27 1138 4601 6851 7188 5970 1326 9623 9158 6450 618 1455 7282 7665 8833 4651 7006 3331 8811 1850 6472 2994 5246 8341 8619 2730 8352 6096
9 4435 6160 3362 5417 8502 7770 4159 5862 1555
18 8703 2060 1833 5998 1685 1047 6181 3139 3645 8316 8679 6108 1183 259 6335 2097 6981 4077
8 8578 2480 8806 4939 3699 1955 1027 9642
19 4059 7373 9477 7434 8434 5400 1299 5021 2653 5906 963 6478 3191 3948 7497 576 6555 8405 2851
13 8292 8489 6024 4863 2366 5885 8259 3173 997 887 3808 1061 3749
18 2949 3616 8694 8239 697 8827 6900 6085 686 586 9924 8697 4340 2283 619 538 5676 8122
18 7318 4171 8021 2261 7515 3199 9106 7769 8659 4173 1876 4360 8289 490 5271 9762 30 6960
16 9121 7194 7564 3382 4039 4694 8325 3634 5770 7583 7995 4442 1696 36 4273 1020
13 9084 4346 9042 9497 7787 8739 6757 6961 9800 7724 8560 682 4646
4 4377 4717 5008 5226
7 7429 5387 8088 5284 2127 8658 5296
17 606 6879 2284 385 6357 8312 514 8584 5993 496 6619 7652 3355 2013 642 4000 4181
17 3444 3708 7929 6699 4549 3231 4858 8937 6036 6705 7805 8746 4550 9122 1600 386 4321
16 7913 4706 8198 4792 3615 3326 1800 9657 2375 7384 3049 97 1119 6622 6728 5979
11 7952 1984 986 8801 1412 4150 1353 3340 2248 1246 6521
9 2418 2896 1184 3481 9697 7484 6881 3719 6124
15 2384 5858 9183 279 9027 9053 6957 6267 6406 4995 7026 4456 1607 7540 437
21 5018 9306 1079 8585 8823 2187 3424 4318 4125 6414 2924 6054 3873 9456 2918 8068 5353 7012 2189 5736 9489
19 1209 5654 8191 147 5070 4749 4274 3495 2039 2323 3650 4915 7511 1940 4498 436 8735 3690 8215
18 9675 6438 583 4481 8774 7794 3802 7999 2122 7498 3590 6928 8307 8867 9541 6621 1092 6775
22 8630 4194 4115 3203 2952 8901 3149 9710 6196 5045 2498 6312 969 4903 767 5085 4086 9755 3015 5930 1974 6477
13 6807 7685 2585 9735 8719 9293 4780 1391 8041 9783 1354 5505 9960
23 2296 417 3311 9364 9319 2118 9823 3123 4270 2665 6366 9570 874 3805 3881 7435 7838 2811 6588 1616 755 9220 3620
14 5299 3544 873 8493 7683 676 125 9892 4559 9437 6052 163 4339 7568
26 1815 3068 8462 1406 493 6582 4300 6002 2151 2835 2231 7661 5268 3006 2092 7500 4487 9105 8015 4620 3920 8168 675 2449 4631 2114
17 8518 119 7263 8956 4869 7383 7113 3309 6097 829 2028 6979 4287 3273 9616 3662 2786
20 1664 9549 4520 6064 4033 5099 7137 7523 4313 3577 9222 6599 2034 5319 7981 4896 8398 3892 2858 3780
11 9888 9670 3381 7962 2033 6081 6370 1979 309 2607 1626
14 268 4494 208 5193 8521 8486 4141 5040 4264 4838 5318 3787 304 302
14 1993 3564 8989 7846 7891 3775 4843 4209 8547 4591 2016 1320 7655 3286
24 3457 8878 1627 4249 1062 9141 6451 8628 4947 8093 2213 4217 6162 5016 6072 3916 6640 6082 3241 2703 4403 3835 3344 5842
6 8773 2074 8266 9985 8749 4557
10 7468 6274 5843 8944 9124 1517 8647 3256 8541 706
9 2576 24 1228 2536 1189 9920 4128 3696 4476
24 8271 4914 6484 5901 6672 2537 3443 5340 5453 723 3177 7339 9085 414 7734 7132 469 8765 7184 6079 9115 4578 9782 9309
15 6135 6199 5771 9249 9933 3582 8764 6328 4519 9218 958 1329 6046 4303 2491
8 190 8184 7490 9789 1563 8623 9168 6350
16 4379 5598 7710 5967 1734 4636 2198 4221 5005 384 3864 1544 9895 1147 9119 3713
11 1492 2869 9207 8157 2275 8035 9186 9750 4606 5551 7264
22 563 4017 9370 3073 2220 8150 7812 5704 8437 2901 2040 4398 2012 4619 9857 2514 1617 5328 4222 5869 9446 9049
23 1978 7355 3490 1963 6425 2281 3450 6806 4828 6552 1065 4409 7872 5951 9342 6095 2685 6373 4237 7337 796 8556 8222
9 8227 5475 7785 3944 3485 2080 1312 4479 764
17 7399 8588 6541 661 374 7792 7422 4224 2525 886 2645 5292 5166 696 7016 806 7760
17 9550 2695 560 4353 2927 5386 8099 9458 8763 1918 71 3982 861 1739 8142 8110 1015
12 5192 6922 8979 6877 8520 1723 4195 645 4787 1051 23 3791
20 7293 7243 3414 3122 8207 2622 2121 3216 516 9419 692 8928 2565 7689 2146 3506 7030 866 8005 240
5 6783 6003 5091 5891 3897
13 3527 956 5678 7207 852 7287 5579 3038 104 5835 2362 3538 4588
22 920 6804 5234 8892 6523 9684 7525 4628 8214 8440 1352 6608 880 6785 7275 9699 5940 4447 9269 4079 7402 6991
5 9020 3976 6141 3133 2573
20 84 1869 1863 2245 8637 9182 3566 8715 6574 9023 6908 1702 8105 7420 3639 3764 5785 7853 4229 8994
19 8711 6305 9729 7267 8981 5120 4635 1428 8958 4148 17 347 460 9266 6489 6086 6233 2905 3048
13 7640 9925 5352 2834 2364 8056 7850 4444 974 9746 1654 488 7042
17 666 7097 6762 8421 6042 3547 9539 3968 4351 121 8757 9318 1166 7073 9239 648 5961
18 6039 6662 1534 7085 5222 6620 862 217 6219 6578 4380 3285 5789 1506 7752 705 401 1035
3 1528 7190 3202
8 7320 511 5711 494 3947 7707 3262 5968
20 6901 2838 6023 1755 1752 833 9790 4624 8813 5211 6707 9822 5830 8836 7377 3304 2879 3415 4771 7842
22 5113 6222 4485 660 4111 9284 5054 1466 3842 6940 9077 8049 6134 6915 1749 1802 7717 7165 6482 3059 5274 5542
22 8329 5751 802 76 3510 688 694 4878 7790 6353 4575 9982 4202 6962 6447 3529 6990 858 3520 7485 3558 9637
18 3743 2651 7569 6670 6548 3072 4595 3496 369 7634 4574 8678 1793 8249 6187 274 6701 8501
26 5445 9078 3066 8323 3418 6208 3877 1004 4699 4248 6741 9153 3501 116 1331 809 9841 8347 4102 4797 6396 3423 4897 8409 9552 8154
28 2432 519 489 9707 1363 4208 4078 8664 8876 3636 6848 2722 3459 2017 9889 5323 2874 5534 8922 2997 4280 3300 3568 9157 281 1435 4925 6080
14 2920 568 7956 2999 902 2543 6041 2270 9508 9114 8025 6345 7506 3507
12 6654 8708 284 8213 2738 730 2240 1067 7719 3535 9661 2276
17 7070 7575 6953 2041 7542 8074 5648 9096 7786 5378 9994 2437 6611 3113 2595 2030 9606
15 6456 57 6537 3193 1416 5374 7262 9173 4081 8058 7596 8626 7151 2389 6761
18 6115 1803 7535 6021 9681 8590 5600 5525 6648 2990 4334 9416 9662 2532 9528 1180 5773 1356
13 3253 6361 8085 5371 286 6383 7200 5223 3465 3206 8714 3872 4140
19 3988 8236 849 832 6579 4130 5014 3839 9100 3228 9832 2694 3888 9665 4065 6830 9413 8641 5150
8 4214 513 9890 6784 2907 2315 1844 5084
11 677 9349 6066 8842 2557 1989 6309 3389 8849 1736 8895
6 6252 1349 7628 377 5540 8563
24 700 1054 5218 8737 2930 1660 8257 8134 3785 5366 3141 7987 1591 1485 72 334 2242 7328 3486 21 1259 8863 6573 9317
13 311 5516 8194 98 3845 4667 9950 6567 8244 7796 1656 243 6610
14 3607 3692 8059 4593 342 6987 1037 2510 2379 5385 6015 3040 2277 9601
20 719 9705 6279 5743 8854 7266 9209 2515 5391 2765 8294 2268 9725 2889 2970 8974 6876 1390 8202 9507
16 1305 9869 7555 9238 1348 2250 3433 7205 3704 5133 3182 6299 5200 80 539 1284
21 6694 187 6645 2072 6596 7078 5184 639 6290 1396 9687 6284 4533 5129 8743 8380 8756 592 7268 5435 3035
25 9698 3208 9071 9104 6198 9897 7004 4344 1340 232 9039 8645 1457 8504 4590 4535 9730 9855 5165 3597 1847 7084 4267 2197 762
14 3471 8158 7554 4959 4328 8485 8826 4986 4117 7684 3923 7818 1514 7053
10 2106 775 7380 8667 5803 133 9939 9879 4497 7015
10 1438 9654 4586 3651 5994 918 2989 865 4317 3028
21 6794 2742 3435 7191 3482 7463 4002 6503 6857 3271 9718 1203 4036 7254 2239 1382 5448 9302 429 3144 2448
24 1315 1866 856 8652 1676 2648 9263 3907 5559 7353 357 3967 9236 7340 5338 7644 2161 5389 1648 5924 5591 5806 1570 6323
15 769 7465 7864 8328 1023 1737 4155 5135 8537 6183 5056 6973 679 6158 5661
19 6150 210 5409 3453 646 7843 216 2857 9075 7551 2580 5313 1253 5298 9978 8473 6214 2819 9467
20 9393 6220 9685 444 5799 6426 7691 2397 5472 249 4433 1917 3374 5100 8904 8483 8114 8701 2490 8740
8 8149 8642 3669 4245 9418 389 1225 667
12 4309 4910 3585 1883 2639 348 4347 1251 4003 8682 2776 8303
9 1543 1090 4450 9065 2652 3317 3225 4275 2032
9 945 6399 8346 9513 457 928 5675 2541 4929
11 9216 4502 422 7224 4642 2324 4170 8785 5210 9252 8364
23 8024 1908 3239 1630 9557 3779 4907 5818 7415 6197 4345 6324 5552 6167 9583 1162 1567 7592 844 9493 4418 4971 9714
15 8204 5089 7816 9030 4196 724 5214 8296 2348 7588 4730 6682 2826 941 4483
19 4885 8795 9845 4666 1415 2599 6601 8029 387 8475 2646 9240 5488 2199 9984 2767 3681 9669 1131
26 7862 8868 7915 3663 3314 4819 1716 7389 1357 4682 214 7552 4762 7875 765 919 8894 6436 5468 5209 1895 1462 7221 4553 2073 4354
9 8509 6786 9619 4913 7323 7931 8968 1238 7767
19 7229 6575 1101 7117 1193 9487 3174 7762 2497 2479 3416 6655 2960 484 3209 3592 9142 9470 4325
9 6403 4815 5359 5553 1836 9802 4132 4357 2669
23 5424 6849 8671 4807 9628 7172 9191 3436 8094 4314 5708 889 2303 6778 6604 3018 8060 9807 736 5436 4905 246 9726
9 7475 8203 9345 6237 5847 7920 2589 7501 180
12 9544 1319 4824 7326 4025 5327 1026 6759 4252 9217 1865 2373
24 3572 8155 29 9731 3646 7602 5620 7873 199 9033 2899 5167 1168 8562 9870 1714 6259 8456 189 9986 2752 5666 1091 8957
20 3236 1986 1970 8698 1589 1276 7316 8610 6475 6680 9408 9575 4461 1413 8845 9551 6696 4844 5463 5390
13 9851 7171 7493 2079 7334 9809 4879 1709 9055 3187 1933 7454 3705
16 9852 3513 2641 1176 1831 5464 7967 7197 1597 2076 2861 8646 2803 2932 3363 8047
23 6110 5955 462 1271 1005 4924 1667 85 6422 433 6800 126 1538 3515 5197 6037 3604 7803 7032 68 5814 1822 5493
16 9581 5335 5601 6630 3826 5860 2089 9988 2942 318 7153 8116 2527 8045 5759 3367
8 9523 5716 950 4387 1564 8192 1623 6676
18 1066 6466 2566 1475 4546 5777 8477 2477 4029 3946 8446 6292 2109 5574 3045 2466 1766 5578
17 4184 1100 8529 2893 5699 6367 5700 4489 8121 8632 3178 5772 5131 360 2349 8517 464
19 1874 2184 2078 8693 6059 8450 659 1145 6337 6171 2687 2328 6071 5589 3942 9154 2987 9955 5749
15 6780 5025 4882 6924 6836 4247 1637 8816 6885 9640 473 6858 8750 2644 3560
12 7013 8413 5503 6811 442 4012 1298 2757 7449 2317 5585 3638
21 3257 2511 1386 4205 9002 6538 7811 315 5603 7440 9225 9630 9233 8034 8494 8399 9678 5966 4391 3554 766
21 7957 3840 3732 4653 8915 7874 7066 6000 4291 5375 1235 9706 5181 1554 5965 2726 6468 3280 7427 1347 5825
24 2917 4428 6244 6248 5405 601 293 4979 9012 2417 7333 8003 2841 4389 261 7646 5259 791 1618 2193 8006 327 421 1575
22 157 8219 7837 6967 893 8768 6255 1852 2228 3101 9709 7699 8010 4262 4856 4612 7385 5839 9383 3408 8199 2563
20 2356 4842 4153 9561 4200 6392 4605 7650 4942 7363 2856 7047 6679 9973 9624 5897 3327 366 1290 6603
21 5693 2512 9466 9303 6571 1443 3648 2634 2116 8361 5347 2741 9113 9235 8400 1675 6787 7218 3023 6229 3883
2 7227 7678
20 8978 4034 6893 6984 5500 2710 8991 1449 8987 4899 2560 4486 5527 2066 9428 7544 654 7642 5811 1374
25 5744 3176 1843 6098 8864 7823 4821 572 970 3470 4276 1996 4164 2766 4582 94 9324 8655 4668 3001 1398 5458 9791 7350 8607
8 9935 726 3036 5437 739 4689 2288 7519
16 4894 206 4021 1272 4302 4644 2088 7765 2965 4434 8781 4785 7426 5974 1987 1950
21 222 3830 4873 4139 2919 8713 5662 9934 2731 720 6413 5701 3796 9363 7521 1566 6846 9051 31 3198 995
8 7325 5384 1321 5550 4976 9214 6194 4005
19 3333 7347 5250 8189 1509 7403 9896 1243 9310 9758 9261 38 3352 6421 5506 8180 9365 7869 926
15 1867 6706 8675 3090 896 175 6333 3512 5941 7627 7037 7425 6726 5725 2445
21 5890 1557 2464 1142 3993 1644 2972 4213 7579 3748 7455 740 4775 9594 7754 5153 6435 454 9773 9756 9005
7 8965 9346 2656 1419 5057 8927 3836
17 6044 8112 8940 8042 8038 482 2702 4326 5136 3736 9245 7447 9862 1786 1890 2976 8276
14 2147 5920 1414 2556 4066 6921 4246 965 9548 9378 1603 7187 388 4301
17 8175 3647 6378 8228 3082 8415 9907 5152 2860 7970 9643 5096 1074 5797 7303 6295 3413
11 88 4980 5060 212 2412 486 3957 7095 1379 7977 8879
8 8670 9392 1181 4932 6801 6668 1926 2620
11 1192 8231 6886 426 5905 2050 129 6867 8132 2886 8941
15 2571 1503 3373 3859 4495 9022 2077 9297 9229 7028 4477 1885 7797 4831 8253
10 297 169 8882 4709 354 3722 6833 7668 6583 4492
11 9901 9325 7692 4767 8615 8952 3970 4906 3163 3794 6143
22 530 6742 6340 1697 9769 6201 4696 7666 6713 6020 3114 5498 2567 9588 8381 9197 1292 3769 4522 4402 1318 322
13 3055 3051 8075 4113 1024 8426 4043 1169 5372 2903 8383 5642 1018
16 3951 7020 5934 146 313 2663 7912 5188 1436 847 2368 3401 3437 2804 1420 8422
14 768 1530 753 1910 5237 2975 3469 7779 9767 2855 6827 9898 3464 868
10 3329 9282 9011 7019 364 3330 5215 6007 6177 9770
14 4833 2711 8653 7246 2207 8373 9160 1106 7679 6736 5171 558 5349 218
10 5649 3468 5902 741 5764 8188 2715 8672 5605 6753
28 6656 6502 7612 9503 8367 4875 5369 5161 6641 5566 9778 4035 5305 2129 8938 6883 929 3953 725 1197 5151 4551 236 9958 3943 3488 3229 231
10 4687 8458 9068 1725 5289 461 9270 352 9136 7061
9 585 7186 5717 3409 2675 6356 3740 3377 9954
21 9864 6026 9720 9912 9283 663 683 3489 8583 9867 151 3085 7653 3803 4051 8828 2083 4265 1118 9099 1293
8 5991 3767 964 7386 9797 855 1720 8139
10 2774 7109 4969 3475 2126 4006 2131 7744 2255 4310
25 1273 6123 8449 5766 7687 665 2657 1689 7045 1121 7682 6756 7504 105 346 5421 4621 2789 5249 6204 9066 1280 78 2113 828
19 6404 1845 8848 5064 4147 2424 9658 1033 7738 1911 2154 127 7155 7740 6146 9509 2683 2371 6300
16 6952 5324 6718 499 7534 7949 96 4238 7895 7560 6055 4463 8574 1849 6795 2409
9 7329 8555 5783 3393 3584 8767 4645 4258 3827
25 9627 6186 957 5712 691 4331 150 728 1201 456 6442 7090 7746 1684 1417 3219 745 2043 6852 8479 5128 9883 9271 1380 2998
19 6269 7759 6884 6580 2467 4937 5317 4335 6376 8851 9440 2333 4681 3419 3995 6577 1748 605 3184
21 1888 3426 102 5377 6218 3789 2429 9474 5537 1493 4871 1034 1590 2201 308 2871 3882 2943 3400 2475 3850
4 8382 5507 8243 4027
5 9267 4143 4525 7948 1452
22 4414 7690 6809 8804 523 4167 8953 194 285 9884 5519 5882 2085 909 5199 5102 8565 5820 4991 9953 1928 1204
13 6765 992 8631 7203 1211 6566 2470 9335 7220 5909 9479 1765 1114
24 7911 7934 6476 8869 2082 7080 7847 7807 9510 1012 578 7507 8428 2473 9098 2945 3195 8144 4172 9527 9241 3518 7382 750
18 7198 7884 1745 7840 1634 7614 5684 8246 2921 5027 3145 5572 7885 7031 2962 8141 4118 4177
20 1447 225 4376 6316 3430 93 9784 4266 8597 1316 7960 4625 7866 2222 1334 4669 8580 1927 2155 5248
6 7928 6327 8040 1376 2133 5293
8 1515 6048 4643 9617 4206 4532 5001 2758
20 9305 277 6101 9341 3157 15 3685 3233 7286 1629 9403 2769 4166 7127 9280 2643 4288 5728 8839 495
17 4637 7464 7926 1679 4026 917 7495 7694 5947 3379 7545 5489 3248 7074 9808 5119 1633
12 1635 3958 6173 2233 7245 6165 6982 7502 1045 9111 7179 5071
22 8587 9626 8128 3190 1222 8840 2338 8263 3867 6298 5041 4655 339 1780 7664 4146 2091 8860 9007 4982 6445 1343
18 5358 6570 6966 506 5933 8063 9980 1791 202 3747 4100 3215 9016 1068 8982 5490 3265 8384
20 3869 9274 6971 4068 8573 6437 2174 9195 7236 4992 521 6593 6980 3913 6075 4572 9041 3179 3890 1680
10 7553 8566 629 2982 7075 4052 7087 7888 7100 5659
18 9768 5868 3276 372 8309 1491 5695 7941 4227 5837 9190 6407 6163 716 6332 9983 7726 6527
9 9976 8104 1040 6058 2717 3949 9060 3406 5969
16 3017 9563 3366 1595 9631 5892 7513 2916 8314 5635 5914 134 7409 2679 2069 8949
8 7716 9579 3548 3551 16 3387 1249 3745
20 2519 6004 9820 1560 6767 6946 6839 8298 9082 2285 8695 7598 3818 6483 1069 6174 6810 3834 4814 9914
17 9412 2293 8445 9449 412 520 4503 8524 7411 6276 9812 5252 1025 7639 9580 9331 1009
20 7657 3188 9316 1227 704 7448 8640 864 230 6251 34 5810 1464 1124 7240 574 2727 7973 3298 9967
8 6457 7406 9763 6325 9603 2699 8092 923
7 3549 8071 362 927 3447 8718 7371
21 5517 69 1430 2292 6125 3092 1177 1628 9130 5614 6905 4400 5921 5007 1016 264 4945 7974 7828 5720 6302
13 6321 2913 4835 4710 8961 1094 5739 3960 8281 4567 9200 9389 7242
19 6724 6076 2797 2132 3989 9859 4663 3565 223 9894 2561 6225 2405 9715 5767 3106 8417 8508 7241
17 5332 1949 9871 6888 1132 1255 7749 7260 1985 5278 8064 915 4272 911 5024 4813 6624
21 4437 1323 3167 6526 6562 5815 7894 3537 8688 4289 824 6336 1651 1058 503 4179 3800 5703 4333 9560 9999
12 61 3358 1325 7062 6369 7695 7925 9091 6374 7880 9301 6665
24 9514 9164 617 8782 1580 4953 8193 4394 7958 155 6254 4954 7292 4853 6937 5795 8315 2925 8696 4674 3192 8151 6509 2840
11 2176 3774 1370 1960 2849 2474 5752 3434 6210 5685 9336
25 6412 3398 5426 2234 3370 7567 280 8591 1355 6772 9298 3843 2632 5106 50 7067 2619 7736 3268 8 9059 2929 3254 2139 3664
20 3371 1206 4867 8595 4782 916 4232 689 8817 9969 3915 5851 359 3004 6543 6837 2011 8386 371 2411
18 400 166 8955 1500 7609 3181 365 3910 1471 7360 6264 4527 4235 850 9415 5204 1400 3388
9 9401 9846 4781 7120 6909 5380 5593 5260 7362
23 2135 4507 3057 5636 6280 7558 7381 1252 8617 9512 7417 9962 1945 4810 7910 5640 4946 6211 5956 960 9438 4320 644
16 5510 4836 2143 8062 779 8984 4119 636 1459 2306 6077 3392 77 4419 2693 5432
24 7249 9450 3384 8791 5263 1838 7984 6625 4426 2614 857 332 6382 7491 6100 1964 3260 2422 4408 6411 3641 5687 6616 4987
7 5090 2385 3146 1232 3760 8345 8569
7 2735 1512 1625 1146 25 2884 9723
22 3103 2026 3629 2992 3530 2954 1489 3952 3686 5031 6738 7272 4847 584 7256 6590 2388 7780 5469 8097 262 8195
24 273 1097 4659 1109 1884 196 3925 1587 1264 9103 3550 7605 6681 4004 8899 3037 5229 6140 1116 3019 6057 6637 4210 9993
18 8351 2313 9313 5866 713 649 9045 6814 1700 622 7250 4521 1854 9021 2001 3234 4390 1594
10 6912 4355 6871 1774 5879 402 1199 5219 7990 8753
18 19 2520 2751 1365 621 3404 6712 1196 9161 7658 1440 6673 9177 9427 4458 6958 1579 9354
14 4948 2559 2217 1263 7916 3866 5769 6062 4690 1532 5307 5997 4110 9515
7 6913 6381 7040 6843 1135 9569 7105
13 8342 6293 2673 5466 5794 4711 4384 1920 6970 3701 7091 2037 5886
19 2788 3364 8506 5306 9054 5730 3135 6297 6320 6530 547 2733 2624 5109 4 9323 136 1139 587
18 4665 655 7477 5539 6818 6550 6659 3461 6009 2977 1853 6429 2582 8946 329 2821 7358 3069
6 6547 7693 5888 4285 7065 1817
24 3024 7451 9744 2110 6493 5473 7645 529 1294 7629 8796 1672 3756 701 2309 2438 4322 4190 8706 9040 5492 3718 1894 6104
21 7346 2061 9187 8343 5849 2996 9101 9866 8432 5180 7331 5691 9036 4454 6157 9501 5927 1990 2469 7898 7938
19 9691 9464 5853 1944 338 5486 4834 3124 1275 8161 8016 5807 1934 9780 1957 2946 2120 2698 1439
26 3025 9411 1773 6132 2105 9576 715 6029 6989 3811 3130 7414 3342 1578 1175 6083 7178 7908 3674 3102 2647 2985 9590 4680 5876 148
7 8967 1582 8602 5322 2550 82 9614
11 4848 1550 8996 2910 5971 1518 7793 1314 6375 6758 773
19 4080 2686 9751 2327 9478 3160 448 1470 1872 4921 883 9686 8812 7280 977 7530 9253 8087 9834
13 6735 6942 2305 1601 6649 1369 9537 3885 1693 2355 8970 9666 2736
21 4349 2006 3622 2523 9015 2829 5698 4493 6156 7169 2712 7330 5164 9502 4226 3151 1279 1683 7604 3497 4812
14 7804 9366 8241 2403 3777 4627 4917 7225 312 5972 8592 1161 7955 5561
19 5227 6740 6485 5628 6634 3986 4154 7830 7503 7737 4452 2052 6094 7071 4609 2003 6028 2593 3134
22 6822 3245 3786 5087 9836 6159 7922 9649 5622 1724 6572 2744 87 5805 2842 9667 540 8183 5117 7725 1158 1495
21 6916 5235 109 8167 1102 1897 1584 5172 7446 7528 8687 9163 9863 6774 1112 9587 1969 420 6176 1641 3613
8 2718 1411 9008 6553 3670 5494 7189 8654
5 4761 3029 7576 2867 6190
19 9003 3821 159 507 8225 4558 6597 3691 979 8720 634 3962 4076 7835 6049 8404 2182 2019 3971
29 961 3129 92 9156 4981 3921 5442 6939 7140 1796 4566 8855 7587 5042 827 4259 2380 3668 8689 276 9455 6653 2027 8455 778 8255 8527 343 623
20 2531 9806 300 164 2167 193 2900 6512 209 5140 7923 1787 2716 8393 9659 3728 9604 9369 5942 7450
21 3168 3148 3655 2036 380 3721 5201 4594 477 9288 3210 7924 8852 3293 115 1049 1144 4010 5923 7577 9736
14 8448 6805 5881 6969 9981 8546 3508 8853 5943 450 6899 9338 7718 9608
18 8557 4048 3119 575 6263 6716 7741 6863 1342 588 2440 8754 5276 7480 1925 5257 6959 5412
19 7975 9819 7512 6956 4664 6491 4854 1592 5514 6816 1891 9092 2796 2753 1904 4516 2974 3312 8722
26 5402 375 4421 4207 4544 8902 3205 8447 6128 1834 9328 3938 8748 7927 4244 9835 3511 3909 42 2749 2423 2895 4188 4993 2249 2940
21 6069 3833 5304 2967 5017 7000 9179 8601 9185 8018 6043 9647 1308 2496 3660 2779 4768 5644 4311 4484 6011
24 6296 8425 9255 3579 4673 5996 2260 6247 6850 2805 8960 5367 2062 9902 8662 9593 2817 4053 1954 4618 981 470 4808 1216
22 7585 7129 439 5245 7048 7876 7208 1523 9694 9228 5958 5582 3689 7003 5898 5075 314 9597 5560 1488 2922 7133
17 7104 9090 1620 4772 5626 6008 6326 219 1767 505 8886 5755 8153 6528 2637 7978 1426
24 3410 5719 1494 6633 9038 4720 3862 1248 9278 8291 4219 4874 2419 754 4890 9385 9006 5740 3095 5946 149 6844 3671 2993
22 117 7196 2020 4104 1942 1967 3053 5123 6565 3232 9975 3680 5925 7199 5216 5277 5346 205 9332 4506 5508 8797
15 6875 1422 4404 7647 1324 6420 4830 8643 6868 4465 2612 4067 9210 3804 9849
8 2166 8856 5034 5300 7595 4602 8420 5982
27 3005 4536 7114 8681 4585 6663 6012 5182 6498 4293 947 3476 3556 1896 4044 2359 7966 577 3183 8729 7297 7748 6592 4518 4676 6423 3324
4 9927 451 9977 1540
19 8758 8055 1221 9679 1721 2320 5829 9457 2682 9322 7711 4436 3980 2195 8919 5419 9056 9555 5775
14 610 3442 7438 6689 7401 1143 4934 1103 6175 625 3932 7300 5202 8939
22 6304 7134 9463 7701 2206 5583 9734 1502 5715 4336 6001 1856 2800 3726 9695 7247 2995 7336 8082 2454 504 4755
17 9254 6698 1433 5954 4686 8481 2023 177 4964 3852 1117 3519 40 3031 6819 8372 7989
21 8699 921 2171 4944 8932 4623 5650 8916 215 1742 5638 1719 7852 3217 810 2194 2631 7959 1903 1418 1705
20 8736 3030 830 172 6393 6480 6832 9611 1733 4584 7635 1368 8627 8037 1762 4061 5833 9840 4697 6768
8 4467 7712 5256 7180 5444 7295 8862 2816
19 200 6182 9394 6121 1738 5143 1871 4561 290 9327 3351 8250 4096 6488 815 5288 3385 3252 3536
17 7965 4455 1735 7709 3105 5782 8766 2455 6898 4046 7217 7802 4137 4123 1032 5281 9600
23 533 9199 6729 9180 5356 3753 7148 4957 8835 8284 4798 4816 2778 6270 6103 7452 3011 1621 5893 1919 6978 3956 4446
8 7993 7572 8118 9483 5813 1295 4251 8971
20 3200 9952 7580 5208 3798 7341 6563 8933 8297 7387 2708 5681 4466 8240 7806 1820 9145 132 1156 6439
24 6228 8310 41 5576 9752 3904 3793 8368 1453 8843 8545 7570 4739 6629 2837 801 5297 367 5206 8500 2396 5800 594 2463
23 1995 6188 8799 4583 949 3222 9395 2345 3323 5511 1434 8822 6720 8985 3878 5826 5413 6779 2719 7822 3627 1909 432
20 5721 5477 9109 2140 1799 3623 8609 1513 4988 8348 2065 771 8649 2047 2378 3766 7121 8966 1056 9329
16 565 1215 245 2377 128 5457 1048 7662 6581 3272 1187 7660 8076 8043 9129 3523
23 211 7457 4705 6474 428 2635 9774 1756 7879 5627 1179 4634 7887 4037 5061 2063 528 1036 1383 944 1483 2227 859
7 8133 8747 2706 6842 8073 8111 8330
14 474 3849 4713 7103 8072 4940 5523 233 101 3243 6496 4517 7051 3492
20 1830 6172 599 9276 254 1914 1429 2613 3474 6975 839 154 4902 1535 4431 9223 1442 7244 7052 7157
25 1269 8302 6903 1113 8176 1223 2402 9139 9987 1902 4406 7298 946 814 2991 7715 3258 9911 5146 1792 637 4097 7591 6388 4108
21 4733 3990 9546 4260 7686 982 2601 6584 7663 2596 3211 2111 5992 3353 8600 4647 2807 2522 2747 4728 6995
13 627 5381 2973 1010 3270 9761 9696 168 876 3466 6873 4420 5883
5 3147 3325 8973 8830 9377
18 5440 7088 3605 9037 6985 6749 6379 6587 9543 751 9264 5451 2957 7543 260 4198 1959 6834
22 1593 3816 3138 8229 9620 7064 4136 7867 5565 2875 1310 7868 2676 1649 1029 6508 2336 9966 5912 1205 9700 7625
22 2123 1384 7041 1997 7366 7654 709 7757 4776 3574 9102 7177 5221 1130 3075 4182 8478 5787 1846 9942 7670 1645
13 6265 9926 2904 6745 8821 3121 1541 2484 8668 4480 4524 7213 9693
20 9996 156 1568 5082 1123 2383 9292 5093 1937 5083 8844 9435 3365 3058 7063 5236 8095 5401 3687 5669
19 8406 378 3770 2442 8505 7102 2649 5479 8872 670 7549 9598 4211 1806 6386 238 4864 8522 229
21 6695 5948 4228 2577 4063 1729 708 5112 5990 7870 1861 7778 4470 1775 8288 4774 3186 1044 3703 8837 1185
21 4307 5615 1613 9738 9645 4965 353 2314 5134 698 9337 931 46 63 4508 3143 6941 5630 9308 4281 6524
19 3739 2781 7574 2235 1104 5262 5748 4658 5101 6904 6282 2485 7055 5357 7584 255 8561 6016 6099
20 6410 7861 6409 3790 4652 8401 6138 7014 6669 3682 3575 5496 6683 8604 2825 2833 9961 6769 7368 4803
8 7357 4090 5480 9997 5645 8305 5613 7239
22 1200 9289 91 4537 2928 9847 6122 8334 5094 930 4920 4234 3649 9047 9826 6635 9596 6878 5673 4075 5148 5461
13 4225 3795 9452 1994 7284 7947 1073 4684 5242 7896 3448 1341 8453
10 6053 6965 5465 8395 9019 3926 4564 6895 7161 3771
17 3197 2696 7561 9586 951 9376 8745 7098 3395 8245 3003 1548 3600 3998 4236 2795 9909
6 2507 3817 8614 4109 1208 2265
14 1757 1465 9127 6746 7342 8950 396 9355 9963 821 6504 4892 2099 1327
20 4648 1346 7903 9219 6865 8173 816 841 2558 2447 9081 6854 7033 1219 9147 1486 8488 6522 3741 3931
9 4984 4056 7442 241 3249 9613 7764 8182 5903
24 3603 4410 1968 3050 5433 1873 8079 498 8160 2299 8135 9348 3846 9009 2472 7582 4413 1811 7697 8165 2219 1127 1149 1823
21 271 3778 3394 2790 8620 6513 786 4359 2642 3979 9989 7541 8224 597 2067 333 7332 447 3244 5002 6976
13 7314 7174 9406 7548 6902 2216 9382 4024 3865 1750 2254 4529 3088
23 2015 892 3334 39 9116 9923 4698 379 3908 7578 237 9001 7107 4201 3306 2101 4534 4126 1148 2608 3734 7054 2968
20 5205 7118 4677 3640 9633 582 2431 524 7698 8807 3521 2570 7324 8702 3226 4633 2024 8859 140 2983
14 6418 656 9035 141 711 6360 3601 8261 2799 3754 1768 5502 3368 9360
5 3067 3047 1862 6377 6441
28 2986 8086 823 550 3606 6799 239 9881 4045 9795 3573 2401 4007 9724 1886 5706 7890 703 4552 2014 1754 822 2545 4688 3214 6585 3383 7059
17 1313 7704 9495 6739 66 780 6907 5957 3016 2495 1711 1423 684 9713 6207 6911 4220
11 7141 4411 1814 5039 7841 6841 5397 6589 188 3595 2530
23 4071 9733 4028 9737 7456 1282 1081 1402 6730 1598 561 6131 6556 3212 4084 6363 5986 2616 9521 9307 2094 5900 7192
6 9459 9231 609 8451 8461 2509
11 483 5554 9702 5816 3044 2482 2568 6268 943 6384 9304
13 825 554 8379 8376 9815 47 8800 4256 774 2374 8039 5168 7621
12 7557 761 2661 8629 7232 6657 1771 8534 7633 4930 7643 4868
17 1372 3541 4855 1527 1257 2180 2937 5291 2031 6068 5611 1612 6727 1151 7547 509 6090
19 8146 6329 1864 1710 320 3159 1460 1224 4101 8335 6887 3282 1832 2518 5762 5203 4216 5918 6631
16 2056 266 7901 846 1194 9636 3782 3345 7921 2404 7963 1606 2369 5251 6499 8019
21 5282 435 922 2787 7372 3396 9205 1057 2602 2476 5303 7620 4638 4294 9861 4598 3109 2823 8090 5051 2487
8 9974 8190 5213 3104 872 5342 5118 8885
15 4742 8784 8290 1407 2393 8551 3108 5495 658 596 2351 2640 1165 9244 7147
6 5049 4475 7364 9265 1309 3539
11 6239 9538 9286 9044 7483 8354 4231 5033 3039 1698 5599
7 2465 3555 6307 1777 5285 1381 2486
14 8370 2912 772 7309 5757 3463 674 6920 3454 1647 3319 1686 7248 368
12 3972 6652 9473 8575 9992 6200 2000 9651 5562 2258 1643 7986
18 975 6133 1480 6519 4099 6261 4441 4085 7101 2051 7782 7291 8495 7932 7821 4769 411 5828
9 4020 3542 1912 1250 2737 6515 1129 4504 6518
5 1609 8728 6119 2008 476
11 6710 8464 3966 7156 9481 355 6642 6463 9371 9787 3246
21 6031 1794 5241 9485 2748 2802 1980 680 9928 813 5194 5231 4912 2057 8242 7022 8829 6118 3658 8396 8433
24 6189 3170 9166 9291 718 6473 9273 5160 5212 8326 6808 2214 7914 2256 4597 9919 2435 5283 6791 1877 1476 2456 5774 8934
17 734 2357 4657 1529 3027 4526 4055 9592 890 413 3165 1728 9204 7469 2629 9589 8119
10 9757 8686 6067 2415 35 624 4629 5156 2562 2866
22 3375 5746 5012 799 7810 9171 1330 9026 9361 3154 3328 2205 5154 4016 1463 5053 912 6936 5022 298 1093 2540
18 2297 4615 9641 6896 8951 4443 9837 1827 714 544 6938 2162 9689 2125 7359 4626 6315 3014
21 2934 7988 5907 403 7799 4087 2846 6930 3261 1870 5656 3894 4098 7145 453 4800 8388 3610 2137 2915 8000
9 9965 3729 6006 9375 647 8924 434 6130 1140
10 7230 3557 6647 3291 9519 613 7310 8613 7751 757
20 497 9564 2107 7763 2969 2319 7392 782 4430 1657 5114 9688 7706 6195 9905 294 2692 2226 8126 669
16 328 4826 3420 7379 607 2304 2539 6387 1409 3752 9125 3079 650 6754 8929 2007
15 2278 2881 842 1105 8077 4613 2931 2572 6303 5917 4745 8389 983 2196 6934
15 9625 5861 4072 6078 4758 8143 6203 542 235 8661 776 787 221 9644 8230
22 8803 8412 1256 55 7193 5995 7296 2501 2084 7231 9143 5763 2452 7777 7672 7345 139 6968 7781 6789 3505 7393
10 7444 687 288 4740 7470 6510 3062 8286 8369 6600
20 1240 2426 4352 7610 8357 8665 2150 8651 135 4562 404 8639 2391 1337 4149 2046 6847 7126 5735 1939
24 2783 6639 8023 3403 3783 4499 4806 2386 1741 5872 9420 1761 9572 2690 6949 1678 6092 8834 3677 1812 1487 781 4401 7487
5 6139 5295 5602 5808 4887
5 8832 8962 4958 9262 4796
20 4112 9409 8338 1160 2352 990 3772 9052 2247 8200 9833 9426 4616 213 8491 317 1133 4752 9827 6417
18 7430 1511 9031 9192 1655 9722 1496 7732 870 6692 356 6117 6525 4763 1586 6358 4215 1350
23 2436 2963 3196 7889 9511 3531 9712 9838 9671 6927 3083 6245 4560 9578 7817 4381 8732 2400 2433 7518 1011 26 3000
21 2603 6338 9134 8028 463 2782 3451 4685 2771 5006 6262 7599 8051 2798 6224 9434 3983 1841 6568 6317 7753
8 6711 95 1784 4895 7150 9436 1668 4471
20 3758 615 3675 4888 3901 8277 2230 74 1561 3570 9853 4565 1946 4950 1536 5768 7832 7624 51 3825
18 9314 3735 843 3991 4832 6602 3667 2025 1781 2483 4960 9949 7571 4956 3283 7136 6782 1306
9 3693 3891 3697 9610 248 4011 712 2728 807
23 9347 6202 942 7255 8945 5279 4825 4279 4297 2938 267 5343 7858 7529 8871 228 2282 9653 7800 5373 8282 56 398
11 4935 8378 1046 8644 9272 3851 7453 1706 5339 9971 8098
14 2784 1565 1553 6815 2935 2600 1695 1533 555 7096 3175 1262 441 1285
24 854 7445 3746 7010 459 1041 405 826 8550 1328 1810 2688 7856 3933 9368 9352 6091 2801 4176 9468 4161 6107 932 1713
10 5856 7494 9144 310 6397 1397 2022 6691 7722 8468
20 6424 2112 2681 2108 1332 7209 9421 3462 1537 1779 6540 884 2044 4368 9064 5980 3844 6464 8084 2773
10 3445 2181 9526 3230 7258 9877 3046 6664 1172 5819
20 5668 3596 9842 2551 6013 2885 9475 292 5043 8814 4014 8903 3360 4278 1499 9275 9900 2705 1231 1022
20 3546 5406 3632 633 9151 1364 3054 2390 7301 3524 3751 5452 8881 3516 9221 3561 9793 8724 3716 4936
18 32 4788 934 7808 6864 1524 7365 6116 518 3841 2428 8969 1401 1482 8387 5570 4448 4022
12 2720 7677 9087 5713 9133 4872 9433 4062 897 4138 7152 5784
6 7319 553 7108 2302 9516 3870
12 6607 7253 2453 2399 1930 993 1922 1795 937 2259 7831 2902
18 672 3540 6402 6677 881 8407 8324 6977 4060 6471 8258 9372 9732 1703 631 1366 4909 5046
17 7768 1311 9226 2548 5710 3316 7829 8760 2944 8875 1759 8107 6460 6992 3002 3098 7524
16 423 9805 5686 2605 4223 5557 5756 987 9000 9194 2468 4163 3299 2081 6385 5985
28 8792 1441 4327 5663 1013 7900 8007 2 2395 4718 8159 487 2732 9093 7728 3761 5337 4743 4254 9562 7313 9095 6088 1901 1141 1164 7261 86
10 6831 8586 9140 419 853 7613 8780 4284 5368 4580
19 8787 4233 4255 9505 6825 1186 1030 3939 370 8103 1451 6253 678 7998 1769 6945 6231 7538 9910
19 4693 2578 2809 3220 3974 9804 5674 2236 1501 2462 7532 9028 614 4963 6796 4927 5831 4295 3633
6 306 1 1152 4541 5095 8278
15 2883 2316 2941 2828 502 9947 6618 4282 9046 3267 2898 8988 9424 5548 3936
8 3294 1111 5809 1778 4361 2372 571 5618
12 8262 4973 7398 9128 4528 7139 999 6428 6950 8999 257 7937
24 3281 549 7116 7994 64 3807 9362 2335 3583 1031 5792 5929 3673 8177 9050 1988 227 6506 8657 9414 7859 6576 1659 5555
7 5086 7471 9202 5535 8187 5491 2053
3 2538 8306 7376
10 8559 376 7135 7234 8731 6529 5838 8431 996 6517
20 1674 4630 4724 4877 3169 6910 9425 5050 8779 2093 1182 7271 4773 3142 3399 5667 2894 5098 5363 3012
19 5727 4511 9680 8274 9743 6752 7119 2115 1078 3007 7849 3714 7125 5670 940 6914 5302 6545 869
9 5983 7671 7158 4765 4513 2157 2218 8218 8490
8 8484 6430 3875 8444 671 65 3278 9287
18 5887 7877 9830 9595 1521 6455 4654 4703 7594 4008 7278 4802 2854 4397 7130 2381 7354 7809
10 394 4661 381 5899 4070 4952 6732 3642 3255 2815
9 7499 6206 1835 3477 138 501 935 1431 1159
18 1002 3773 475 9321 8761 9652 52 7637 4440 9704 7775 7279 1028 5643 4692 9664 8704 3945
16 3608 2330 5360 510 6747 1857 8027 9422 3598 4738 968 8313 4134 4212 9117 8874
