25 167 108 4 7 210 203 193 227 290 79 166 277 128 244 258 114 83 182 66 288 194 178 52 211 165
15 168 110 80 294 74 198 230 217 282 82 50 5 192 196 270
28 34 275 88 249 159 95 171 44 113 224 28 241 26 3 170 23 237 76 25 35 115 266 106 120 186 135 208 183
20 54 8 85 162 18 60 226 91 202 254 146 111 140 119 43 231 97 240 77 151
16 180 103 75 253 271 147 283 131 238 31 265 71 37 278 149 132
21 216 134 148 225 263 261 200 245 32 284 157 86 236 201 10 78 17 297 123 94 274
19 99 161 136 107 285 129 21 214 204 68 197 287 124 98 112 30 229 293 257
17 116 0 220 58 144 187 267 57 156 102 14 243 141 252 126 69 153
24 184 164 296 246 133 105 125 96 29 174 239 295 109 22 269 6 81 219 205 104 272 9 84 169
20 87 72 299 62 276 218 15 53 213 222 64 268 209 138 12 59 47 143 49 130
22 41 212 286 24 13 260 19 281 40 185 121 195 89 90 93 118 291 20 289 223 215 256
15 92 150 273 63 232 188 172 122 158 207 190 70 101 16 67
15 259 27 177 160 42 235 139 255 292 145 155 46 1 247 2
7 127 137 56 38 39 191 280
7 298 163 181 51 242 176 233
9 11 61 73 48 45 248 250 152 206
11 117 199 264 55 142 228 279 262 189 173 175
3 100 251 154
0
0
0
0
0
0
0
0
0
0
0
0
0
0
0
0
0
0
0
0
0
0
0
0
0
0
0
0
0
0
0
0
0
0
0
0
0
0
0
0
0
0
0
0
0
0
0
0
0
0
0
0
0
0
0
0
0
0
0
0
0
0
0
0
0
0
0
0
0
0
0
0
0
0
0
0
0
0
0
0
0
0
