20 167 110 7 203 95 171 245 282 121 86 117 23 76 83 238 51 71 126 69 151
18 168 75 200 226 277 284 185 209 114 93 118 139 20 289 120 194 49 132
11 34 11 6 131 291 106 252 186 135 211 130
17 54 259 137 150 156 281 40 254 268 298 48 119 265 288 37 153 165
14 180 8 286 133 38 111 109 140 235 199 59 297 240 149
19 216 80 210 290 60 21 29 241 122 236 197 190 70 35 78 142 251 272 52
14 108 72 299 62 15 19 96 172 157 243 16 250 228 233
14 99 159 285 50 253 195 283 81 219 182 66 30 97 178
15 116 0 92 144 57 39 102 14 258 237 147 90 124 264 104
19 184 134 220 193 187 129 91 214 202 27 22 42 5 112 12 215 229 189 247
11 87 103 24 13 273 63 224 244 3 196 176
13 275 88 161 227 56 125 53 32 217 158 160 248 242
15 41 136 225 198 232 204 82 191 73 101 181 152 1 77 175
13 164 4 127 74 271 177 138 223 192 100 279 46 84
13 296 162 58 105 44 188 128 146 207 98 292 280 208
17 212 148 260 107 213 230 28 222 68 89 287 31 55 43 262 123 9
20 85 294 276 218 263 261 79 166 174 64 26 170 201 255 115 67 206 94 257 183
14 249 246 18 267 113 239 295 61 10 205 141 256 278 274
12 163 269 25 45 266 145 17 231 270 293 169 2
5 155 154 47 143 173
0
0
0
0
0
0
0
0
0
0
0
0
0
0
0
0
0
0
0
0
0
0
0
0
0
0
0
0
0
0
0
0
0
0
0
0
0
0
0
0
0
0
0
0
0
0
0
0
0
0
0
0
0
0
0
0
0
0
0
0
0
0
0
0
0
0
0
0
0
0
0
0
0
0
0
0
0
0
0
0
