28 9670 7539 1415 5233 1024 4622 7249 930 107 9415 4341 2725 223 6429 3061 6698 2447 2272 1157 6109 7445 1337 9637 8555 6883 4353 2296 1199
30 6599 352 9561 8540 4227 5857 1012 5878 4641 5440 3548 6582 6954 3759 30 7102 193 4738 8230 7570 8930 1617 5319 7052 2510 1022 2985 5970 8151 2681
32 1434 7576 1468 6463 1863 2768 1542 1222 4387 2788 4958 7037 3315 9703 6010 9118 4230 2364 3325 7684 3999 9341 1755 3029 9849 7453 1834 5926 1714 7470 9786 7996
27 1179 3496 6720 4217 9382 2221 185 87 5238 5601 7009 9651 8864 9430 6302 4815 1471 7571 4781 3032 9433 1378 396 951 3540 7885 5885
27 8033 8394 8740 6936 8697 2608 81 9781 6037 9089 1650 8378 4676 1517 5880 4438 6315 6777 8674 7145 9348 3224 6619 4841 3906 5928 849
29 3016 3815 3911 5237 2469 8890 2775 5435 3513 4446 1861 5603 9092 9458 7588 3806 2970 514 7975 4786 6349 9449 8632 9065 7991 4532 7852 8898 9577
30 9191 2586 7674 5952 7552 779 1076 792 8478 2707 6268 7522 6138 2040 7596 1023 9233 5716 4378 9852 9297 2271 658 9597 50 692 6203 448 4339 9510
27 333 9447 1842 9755 2578 6379 9790 6752 4640 9762 8943 3456 3686 6772 5191 2658 583 2941 8397 3178 2787 6592 808 4984 1105 3530 7234
30 820 7984 6687 1067 1675 9836 6819 9286 7203 9533 3711 5506 2207 7131 5292 6406 713 1876 1 3046 5825 1649 988 7073 8902 9025 882 145 4771 1766
27 9058 3076 8710 5129 9120 8906 6658 3122 3100 565 7466 1935 3065 8883 6696 5790 2975 8429 1523 5078 9749 8102 1869 2721 8893 2456 2149
29 719 4611 4765 8875 3442 7865 8620 36 1898 6364 9917 8215 8801 6098 9466 5132 1458 8759 8226 5733 3372 7599 5576 5172 9291 8981 6094 7839 75
31 2038 9498 6785 1339 4239 357 1604 9708 8389 1304 5045 1444 4284 3502 2982 2837 4955 8461 3204 2407 1656 1366 9711 1274 2875 3996 5649 8559 8353 2942 9982
29 2603 445 7148 7402 9385 6032 6231 1198 8553 3887 3813 1256 4223 2465 1952 2682 8436 7171 3799 4162 3550 7716 6903 8136 859 2844 2357 7178 6135
30 2995 8128 6888 9966 6563 3707 2239 4302 2687 6652 576 5514 1290 9309 1145 3568 7146 3213 4094 2997 72 1702 2773 5709 6324 4798 5586 9731 277 2338
30 2446 1574 3878 9930 5520 5066 3731 7768 2175 5802 4095 4990 4147 8925 8621 8901 5971 8425 7410 3244 3414 5321 4731 5792 9201 4008 2088 8918 2157 2507
29 3440 8039 8971 7798 2037 5525 8442 6944 6567 7135 4732 2408 855 3926 7831 4414 7888 7365 9487 3690 9532 1296 8951 6 894 5110 5844 7165 4576
27 9145 4236 6003 2003 6623 6211 5138 9329 9531 888 7334 2577 8066 4351 6170 8023 9345 9920 5979 1202 7440 2812 2703 7788 3202 3279 2907
28 2870 993 1764 9695 1499 7728 5542 1865 6295 3130 2763 6849 2887 3771 2683 5730 6649 8496 8457 1843 3990 6659 4369 6867 5569 4680 6149 447
28 5371 3209 4392 3630 9636 9811 489 4672 5757 7664 9173 8350 710 9060 2872 9209 6953 5236 1087 6107 269 2486 4176 5946 1634 3663 4437 1397
28 2822 4764 9248 3235 3385 9621 3716 163 4722 9059 290 1168 3635 8509 3888 1918 6712 6768 6285 2932 1902 6702 3688 7602 253 7631 4512 7820
33 6430 6982 4773 3524 6150 5182 5726 443 4487 2318 2097 4140 1680 5451 115 3896 7212 999 3004 3535 9480 7762 6604 3115 7302 6196 783 4959 4531 2938 5161 4643 6279
26 8725 2864 8657 3698 2293 4867 5446 1839 9153 7352 2857 6763 1459 7586 3674 5081 8495 1286 5807 9603 2597 9878 8218 6722 1106 8670
29 7277 1896 3339 8073 2147 6105 6205 5301 174 9529 1069 2262 2973 7075 9673 8148 505 7628 8608 3012 8054 4484 7902 4608 4196 1454 2041 4135 7722
30 2849 1833 9992 477 4248 5580 3489 6750 1259 8917 4435 5533 7989 7298 3464 5720 8942 700 9570 1265 8921 7160 3294 8690 2883 9099 390 8228 7537 4625
26 6781 523 2836 7516 3050 2018 4809 4134 3254 9281 4988 798 8482 2464 9810 5622 6884 6146 3248 2127 1208 9514 9576 587 2968 537
29 3883 3592 1805 6635 1380 2154 9622 8541 3544 871 1020 1889 6882 3507 539 8362 7053 3886 4493 7732 3736 104 1481 7998 8393 3649 5685 764 9914
31 4172 6683 5134 9568 5574 9856 8201 499 6162 5900 452 6800 2818 8255 57 7702 4970 6079 3880 2045 7819 2588 8738 7601 8955 4222 7261 5712 796 8932 6422
27 8141 5465 5889 5934 4214 7449 4718 3573 5176 363 5059 4127 8552 8446 6388 3753 8999 7181 4498 763 3523 5140 9020 3779 7926 2809 1185
28 681 8407 4951 6871 8936 2401 7086 5296 5976 1671 3431 5830 8512 9959 1496 3574 4570 5487 6739 1940 4308 351 3070 2308 2170 3072 3381 3642
28 9738 5939 1704 479 1260 5368 4282 9183 5861 8689 893 2188 4667 918 2549 4125 324 326 1619 7940 8163 735 8779 1449 8363 6490 5513 6576
28 3117 1573 5334 5553 2526 1059 5020 4639 3040 2477 7743 8253 6813 1091 2759 5268 9513 5123 8016 8563 4429 6047 723 2162 4927 5813 7801 4594
28 6440 1826 6190 314 1835 60 4529 682 3079 980 5090 4857 2068 2699 7884 8560 1536 4534 7573 2277 9775 3140 1500 9524 235 818 7004 5690
28 6042 5147 7421 4415 571 3225 3195 4396 5906 2397 310 7612 1261 9876 5174 354 7479 1733 139 1570 7967 6335 7858 9542 6184 6447 4708 5674
29 6428 3452 9522 5545 1795 7191 2637 435 7981 2280 4262 7785 1303 4343 9081 6432 3960 268 2688 4133 3823 1546 3752 5515 860 5092 7362 2561 7021
27 9413 8184 553 3476 1448 555 6049 2409 8469 2021 7661 6674 9372 1147 5230 947 4525 1741 5179 6987 2764 186 8554 6153 573 8539 8629
32 5835 3628 1036 3455 3410 9391 5228 311 8581 3069 2955 3298 3839 777 5073 5220 5356 6607 7499 8196 5098 5672 9614 3569 4142 6917 754 892 6415 7968 4586 4184
31 156 3775 5903 8083 6123 2838 9394 9289 7703 2132 7847 5699 8008 5367 4855 3677 7615 3129 5340 3973 6937 3206 6126 1966 4038 7457 1975 166 4762 2134 5107
28 9832 474 3860 4327 9123 1612 8958 484 2538 4163 6672 394 8149 3437 5239 241 1613 3263 2035 1251 317 3994 6636 3859 5549 6821 1235 4275
29 3875 9166 6030 1608 7279 5671 8564 513 1368 6328 8040 392 7876 4136 2382 1418 9729 7206 1488 6827 9083 1528 1646 4790 1626 8792 7850 2528 3082
31 7678 6497 3324 7295 1053 4567 250 6553 9338 689 4652 3794 5592 709 3941 2324 7803 9595 1931 3916 4876 6536 2934 5824 6139 9766 1396 7521 8768 8964 2107
30 2600 9887 8870 5668 2166 8756 5850 1258 8182 7835 2474 1214 8605 8115 2671 4862 5746 4365 2882 8984 591 4846 2816 9132 1497 4468 7616 9927 5042 9138
31 6340 7643 9727 5475 4535 5855 4784 9258 6007 6616 8349 6535 3176 7484 8967 7300 1771 96 7271 1346 3068 342 4626 8467 6342 7933 312 3450 7164 7371 8887
30 8450 4119 8654 7695 9702 663 6464 9184 3480 8460 5496 9317 5412 1003 5840 9359 7795 9276 3056 3732 6381 7041 3864 6848 3424 6136 769 9444 8879 6207
28 6130 3632 1491 2649 7244 6005 3881 6389 6300 1676 3392 1747 8814 7001 4839 4893 6939 2344 6571 9000 9102 9536 1790 9208 8880 4461 9330 7260
30 4078 8983 2012 5829 6746 8239 4589 8993 4831 9720 5818 2826 9739 5438 6873 4723 1272 3891 755 4359 5858 9275 1827 9028 8323 2203 5582 5374 3334 2497
30 6507 596 8513 850 4408 5348 8937 9554 8274 4888 7091 8573 8661 2833 600 5214 5426 3109 8671 2484 1605 3726 1443 5560 2953 3940 4683 491 825 7417
25 4523 3991 1100 9115 393 8022 6912 4997 54 7949 2780 8675 6701 758 2727 5498 6035 6243 8405 6880 8648 8219 5907 5257 4978
29 9189 9213 7638 291 6765 4030 684 8178 841 4193 9500 2076 609 522 6786 9598 8041 9088 8212 5469 1328 5665 732 1404 4552 8317 8959 3857 4916
28 7418 1539 7613 8356 4910 9139 221 7607 164 4545 7784 9363 7423 1144 2114 7018 8401 3408 524 7959 9574 4537 5624 5173 6028 7934 4419 9346
27 9392 6956 554 7394 3 6794 434 2266 4885 5509 4079 567 2165 4471 5067 112 1013 7832 2750 5754 8922 8243 1119 5805 1010 2556 2661
29 1572 6557 1924 3005 2430 4887 6551 9880 9149 1433 3286 8665 8038 6719 6134 3047 1351 6967 5605 7403 2222 1078 1686 9710 2189 5375 5618 6810 411
26 7426 1271 6250 5999 9097 5860 8718 7202 9056 868 2120 5000 9365 751 2125 1046 8082 8138 3843 9146 8088 6717 9113 8298 7153 1289
29 306 2417 1556 9352 4507 9817 5912 3528 7916 2415 3280 546 6581 7346 580 1054 8029 5594 6555 4216 6071 5089 9569 8802 4138 9134 3664 9431 3232
27 586 5049 6857 3579 3735 7721 4175 3830 9044 5474 9760 4401 331 6508 2033 2287 830 4812 8705 7311 316 6289 8846 5215 7246 8216 2288
28 3387 839 7115 3598 462 5313 2918 5784 1602 8458 1121 7906 2124 7663 4637 318 8614 180 6875 4305 8209 6070 8287 8633 8845 3226 8743 7471
29 295 6214 1410 9219 2384 4093 8991 7392 8263 1871 7472 3545 359 6018 1056 1856 7385 2740 2113 535 9875 4102 5722 6981 6828 4297 4352 8770 3634
27 1785 1425 6970 170 1257 9665 2801 2179 468 5687 7802 2802 133 1401 9290 5040 1906 8291 5421 7182 2392 160 7595 5864 4735 6189 9255
29 7833 8568 144 7367 2339 3443 7110 6874 4559 465 4818 8536 3812 5122 7363 1840 6334 3890 2070 1563 945 5710 2285 4664 3041 9573 9866 9802 4131
29 6975 612 6928 8751 8992 2770 8741 2061 9375 5429 7958 5441 2686 2010 5808 7630 9419 1623 3615 4405 3276 5651 543 9181 5812 3652 7478 9650 8799
28 9159 1062 747 7699 6493 9147 4627 7896 9425 51 4898 2426 8604 4160 683 3108 1173 1584 5139 7095 3200 7101 9022 1509 5032 3601 3474 2565
31 5604 4398 994 1060 9933 69 3278 3696 132 7227 1730 5822 4460 4344 1402 9279 7853 4106 9706 4861 1582 2742 9744 298 9610 5538 2751 426 7900 4526 6216
29 526 5482 4071 9075 8885 3992 8421 6452 9892 4044 5403 7811 5964 6728 1170 6282 3113 4946 5393 7070 7293 770 9840 2046 1266 181 5275 7805 7368
28 7138 3247 3060 9984 3954 8549 2468 4076 3904 7755 5490 8013 3454 4402 3028 5519 8867 9040 2026 2974 5620 217 37 7520 731 5845 4111 9941
26 327 8468 7694 896 5968 1042 6112 8418 4432 1688 1867 1749 9964 922 1439 8757 3776 5087 622 1633 5521 6943 1263 574 9873 6830
29 2851 3611 8835 1148 4442 2664 1373 2744 3205 8493 4844 5420 5347 8337 5761 48 7758 8847 4475 381 1987 765 11 3572 6907 415 2904 4685 5193
27 9321 3025 5984 5476 82 9963 606 5105 1301 5279 6585 1929 3477 4488 7912 6759 742 2081 3874 7567 2987 1877 1316 1237 1967 1350 1911
27 6885 3179 5557 5942 627 9027 2242 7872 4348 5133 1557 1244 3003 1873 3301 3571 471 6110 6270 8357 752 3478 6660 8750 2099 3901 6835
30 7318 8546 5077 9236 5456 813 9477 5916 6538 3212 9818 7407 7188 8335 9618 6908 2151 4226 6940 1710 7634 3789 3591 2545 6408 8542 4827 5285 9782 5738
28 102 7096 4660 9378 8108 9456 8687 9203 6385 1158 5568 1796 6684 8722 1146 6462 8599 5806 2684 7506 7085 423 8104 3729 7152 2119 5930 2388
27 1717 493 138 1670 9273 7482 5619 8076 5838 5749 7377 9287 7237 7099 4258 9421 8480 8419 6297 4041 6420 1372 9004 9633 8105 9841 7577
30 9351 6891 7047 4166 405 3618 6283 220 5424 2961 6256 9793 3146 2998 4603 9381 6565 7834 5246 5923 122 9210 1514 2294 8567 581 9064 7050 6955 6511
32 187 3353 5771 548 6374 8464 9484 7668 7751 3651 5278 6263 4869 8821 2314 7025 2893 5346 263 6760 7141 3915 4899 8449 9539 6053 6293 6929 6762 9615 1551 7887
27 7653 8504 9685 9732 1429 6292 6634 6547 8309 4774 1960 7973 7265 183 1780 9316 631 9234 9663 1513 3257 2104 453 3355 8110 2668 1921
27 5260 3562 8267 910 540 4777 208 5303 3158 5189 1899 8907 3360 5015 214 52 5331 3822 1065 3965 5922 2729 8058 31 1540 1791 531
26 5634 9460 3640 9751 4817 365 6978 8398 2078 1172 7549 2981 14 3125 3718 5745 2543 6131 9691 8789 2732 6832 9398 8583 9018 2894
31 6424 4671 8386 2963 7957 7436 397 9909 5457 117 5183 833 8369 2355 8686 6457 5962 6670 7737 4814 2596 3485 4333 1384 4208 8818 2718 4479 2444 4793 9932
27 7427 4066 2858 4436 5005 2295 1562 1420 1344 4938 6357 1988 924 2171 6545 3971 7040 1252 2650 757 5873 3848 4615 3607 1615 6235 711
26 7136 3533 2940 7603 9719 7944 2158 0 5322 9127 5890 4382 5994 3026 1383 762 6127 2208 3933 1381 7799 1974 6745 1820 2620 1990
32 5455 2765 2241 7487 2263 5680 6731 8913 2322 6084 7875 3110 6454 1948 1029 264 1392 56 2312 6689 8800 6734 8868 4816 3862 7512 1731 3014 3522 1739 4871 8392
30 1808 5326 9942 961 9079 1772 2126 6822 2762 380 3341 1620 1349 4892 55 5135 8796 6757 5982 9525 3085 1058 4686 6934 8428 9881 652 5667 5007 3444
28 4935 4759 5528 6092 1890 9190 9462 7679 9546 8911 1028 7670 38 9628 9261 9681 2245 2379 9626 2988 9237 5338 3526 7857 3943 5734 4714 7540
26 3249 4182 2554 2304 1241 2138 8572 8791 1370 4691 3670 9655 1870 8189 4112 613 9465 3761 4073 8853 2302 1728 2094 7100 6947 9799
27 3155 8152 7648 8261 1505 3804 6519 2738 1132 3608 6707 3453 781 231 1507 512 9 4648 6736 6645 8229 7669 459 2214 2848 3008 2791
29 3511 4568 2736 2701 6985 4948 7347 425 7597 9839 2913 2724 2657 7012 5409 6924 8158 3740 2047 8156 3475 2362 5518 5657 3588 7089 3758 9607 5517
32 2150 3756 2874 9806 4018 4730 3164 22 4025 5055 3058 9545 7429 8855 877 4578 5972 1832 3576 9998 8321 3245 2073 9226 5888 9550 8030 9713 5402 4561 5717 1298
27 962 8246 256 4480 288 2024 1160 1917 5074 9093 8122 644 5600 3828 3616 2653 444 6087 6870 1949 9269 5099 3438 2533 3289 696 2494
28 4052 1364 446 2145 5598 8966 422 3556 3297 1980 793 6697 9906 1166 9552 5546 299 4742 488 7594 1475 8179 8940 3936 990 730 6480 7911
26 9180 7216 5041 7481 4587 4183 9745 5512 3167 1007 4720 2685 4925 2300 7218 2321 5980 6894 6383 4439 8169 8994 4237 1484 7908 6491
32 3660 9194 2265 3471 6983 2168 3292 3033 1440 6559 8912 4945 2590 4696 8231 8334 5332 3786 2632 4470 4482 2592 8817 3738 9009 6723 5316 1815 7106 9579 9100 2611
29 9925 1109 9037 5794 968 309 7974 2908 3724 5856 4544 1797 292 2153 7118 3401 5648 7829 8028 5977 4301 4445 3413 948 1943 4600 2380 362 2084
30 9822 9435 4303 8592 3295 589 8970 3335 9954 620 2509 3637 7340 3508 1249 3034 5956 716 9551 7879 7646 5141 7140 197 3712 651 9353 1727 578 5178
28 175 1035 5112 7992 8368 6815 134 902 2331 8224 2178 6367 8878 1774 5378 5741 8259 8656 9684 2579 6774 3542 6818 4973 2448 6842 6546 7649
29 2584 8545 7606 4318 5658 3347 8924 6470 9436 7243 1074 2878 9844 6182 3684 9122 1537 7437 7083 8208 9519 2529 296 5158 9572 7223 8978 1428 7756
29 602 7793 1205 3903 3009 2429 6437 7691 1098 6185 1000 5289 2017 2656 5732 4776 1616 1391 2839 1645 4711 3087 8838 2784 4666 1786 6435 9555 4171
30 7584 6227 9361 2933 8547 7060 9263 2439 2232 1127 8876 3300 7374 8976 1589 1721 984 1050 388 1748 3566 7627 1658 1878 251 2123 2523 4235 3024 4964
29 3448 5388 1348 3482 9850 3536 2058 1547 8828 8518 619 5314 3955 1962 2413 2185 4737 3319 7961 2112 9541 7263 5995 7289 1227 7726 3633 4364 3399
30 9215 5941 2244 4200 2167 3669 3275 3912 194 7680 3364 1799 3695 954 6414 5820 2697 2309 2292 5630 6525 9656 9013 3426 5221 5536 4947 5021 2925 4347
28 2758 726 4944 457 3283 15 5218 9362 1555 5071 1360 8347 2463 6063 9250 2581 8139 2660 6682 1569 7963 4209 7342 2778 2834 8270 6561 2659
29 7851 3704 9787 8074 5724 5188 8737 610 1243 2624 2289 7209 83 6999 6646 7859 5373 3837 1581 5631 1901 9313 2503 1900 8777 2712 3816 7655 7010
27 6056 4501 3772 5997 229 281 6643 5925 5772 6740 6069 636 8939 838 4335 4146 884 6505 6372 7204 6825 3447 4416 843 7174 2587 2451
32 2717 1893 8431 4219 4917 5949 3680 5353 9133 4694 1207 1233 3055 4882 3094 1662 3470 6119 6968 8420 7710 3433 7548 1162 4000 1374 7048 8117 6303 9383 6656 4915
28 577 5595 5209 1926 5051 7116 1340 7513 7660 525 2986 387 2546 3657 1221 3102 8396 1400 2958 5992 699 2559 6916 4026 3962 1653 4058 7264
29 4891 275 2512 7397 8277 6876 1165 209 883 4874 6215 2646 2522 8877 2877 6378 8630 9325 9624 4299 4987 9530 4968 4485 8275 2264 467 6390 5723
30 2635 280 7787 2876 5965 8162 5696 7769 1229 9989 190 409 1435 5395 6948 1482 5259 270 3650 6494 599 2602 6896 8359 3626 7306 8002 47 3872 3021
28 8849 687 3534 4757 9549 2301 4452 1610 5659 8562 9919 5578 6811 6426 5443 6807 2798 5708 3792 2002 9789 2491 2976 2514 480 340 6598 7456
31 5919 6668 4238 2715 6869 7719 3465 9939 6824 7503 6862 8455 7043 585 7184 7013 1828 8336 1654 6232 6529 853 1019 2443 7376 6631 3274 8195 8068 9995 8265
34 8946 9155 1831 1191 3856 7084 2048 5126 9599 6244 7526 5235 9771 974 3798 6484 1052 6521 7898 6962 4752 1757 5061 2172 3980 828 8772 9124 6499 4411 9080 2670 3403 7502
29 6808 8472 450 2767 2506 9520 1487 9467 9491 1089 9979 9833 1406 3152 3067 9426 7433 759 3966 151 1005 4681 5225 7713 4380 8374 5635 9358 8311
27 4661 9117 9492 3503 9785 629 8746 2135 8834 1354 6409 1309 1825 2539 5664 9344 7681 4054 2723 6803 8430 7169 1318 6366 3946 5317 8816
27 8103 5160 389 6640 6973 158 4231 5596 541 6236 4929 1564 2946 8476 7114 6350 1789 3638 4604 7797 7434 5085 2360 6465 7804 2215 3386
31 4141 8961 4581 4091 6748 593 238 1593 1411 6015 9231 3863 9057 2502 430 3514 2387 756 1480 5111 3296 1356 5785 3577 5300 8247 3354 5543 5877 4502 2936
28 1141 4390 5127 498 1264 1441 4472 1897 5508 6651 3584 9769 6749 6175 1783 3499 1195 923 4649 921 1703 9062 8014 399 509 4590 8596 1773
28 2098 8315 846 89 3051 6102 5990 402 4205 4828 4229 5384 3229 8931 259 2220 7700 1117 8107 761 4806 6964 4013 6911 1947 2572 2059 7049
29 1769 3128 2847 6351 5 4273 4703 9854 743 4168 3228 6238 5998 7321 6448 1352 461 5463 3964 5892 6957 9486 2865 3510 1361 240 1875 9827 4659
30 45 1925 7794 2198 9791 6152 375 7408 8328 1689 1996 2680 2028 6210 4153 1544 8558 6895 3747 2327 2246 1394 7269 6101 88 7791 8810 9094 8062 5988
29 6229 7704 2152 3172 3380 2258 8968 1149 4017 1307 6820 9809 1585 6192 3220 4317 1713 2508 2951 4453 8869 9085 9206 5039 1811 3655 2257 7938 202
25 3039 3265 5973 9019 8766 3049 6393 9499 6296 8214 3134 6337 4713 1382 4340 2806 595 2192 6144 712 3586 7121 9030 2273 3570
28 2734 9957 2351 3149 4123 6304 7338 8005 3675 2909 3850 5309 3011 1103 7757 5567 8667 7285 2515 5034 7451 5445 6713 8484 1136 8387 6061 1627
27 4768 2803 7922 3367 4152 8727 7489 1253 110 4792 4021 8538 4743 1661 4080 5056 8116 4202 8524 9048 6926 3002 634 1486 8236 5280 6537
26 601 5136 3694 3764 215 1250 4394 5168 1519 1228 3124 6836 8871 9264 5013 6792 2492 2726 5656 4403 695 4908 5747 8928 1690 969
28 6933 8698 4349 4701 7636 6313 9537 6212 4263 6666 4272 7345 3817 9278 8886 8926 1088 398 4399 4491 9639 4932 6913 2025 9805 8986 4832 7886
28 9111 2086 8286 5031 4560 9096 4673 7278 2233 7598 4647 4728 3314 3449 198 5752 8168 4118 875 8301 3689 607 6782 6356 3958 5398 7718 819
29 8057 3929 90 3643 9627 2840 9675 7629 3908 8862 5282 6272 643 2645 7044 379 2333 9644 9693 1332 6081 3307 7224 5342 7280 4872 6264 9410 3580
29 2223 9594 7251 1809 3259 7180 6299 6826 7931 200 7046 9548 4833 8507 6552 6208 1535 2757 9405 4086 260 1362 9301 8306 8979 1705 5787 1503 9770
28 1466 8678 5185 952 4495 6500 7361 2470 925 1971 4657 4440 4375 3095 9763 7558 1571 2425 4763 829 4016 2317 441 5459 1446 2481 4097 3808
31 8709 816 1751 8003 1715 7976 93 8365 4575 7401 59 1002 6780 7077 9196 3287 7889 3162 5750 1803 2458 8340 2471 7339 2282 8637 6305 1607 2213 8945 5921
28 7849 5383 8399 4802 7120 4084 7845 7149 7379 4264 4864 8147 4266 909 8489 639 6471 1495 5357 9396 1200 7137 8188 7711 8935 5526 6157 5392
30 9141 6197 227 5653 2000 2971 7485 1794 6817 8723 8055 7275 7336 5852 1919 7948 1353 6530 568 812 3945 6401 4810 3022 3352 1115 1655 1678 9838 8465
30 6423 8121 7929 3462 1597 8273 9640 5682 1322 1485 1767 9254 3825 9689 564 5691 1223 1819 2568 8087 2259 154 1922 963 9667 8174 3800 1184 7978 8307
28 3183 1568 9470 1175 6600 8293 3486 7405 9737 9087 4101 3543 2944 1914 1719 3463 3895 744 5602 8361 5902 4336 2454 6534 5809 5736 7315 6301
26 1999 4878 3260 6790 8701 5351 6419 6523 4444 6711 9952 2610 3317 1068 5027 5484 6058 6949 3564 5762 3397 2483 7411 1385 282 9700
28 3922 8383 6980 8980 1398 4009 7327 8673 8423 6764 4204 4290 584 799 4120 8610 1673 905 19 9938 1155 2284 8576 3938 3045 1211 6952 6413
28 1579 1599 5944 5113 6474 4655 5436 1750 3984 2613 9078 1104 7195 5913 2370 6398 6644 8319 7578 454 7067 3338 9026 5571 3909 3719 5897 9418
28 6096 6638 6001 6669 5483 8120 784 4358 4562 5911 3986 5192 4132 4199 157 4232 1456 9776 9730 8795 7211 4558 9608 6103 4228 1288 2850 5987
26 8551 188 4650 6113 2599 6703 3299 4457 5222 2647 5024 2817 693 2695 3596 1640 272 8703 3097 7252 7644 1874 5937 2516 9296 7364
25 3256 7494 1590 2353 9777 7087 9356 5556 2919 3791 2923 6137 8338 7167 8972 5495 3790 4863 8342 1277 1765 9916 6074 2956 3818
26 9168 3425 5197 9128 5945 1631 6990 106 8700 7062 7387 4092 8390 1936 4373 2945 5295 4441 7193 9578 7480 7119 5650 3305 6587 8636
28 8099 8366 8415 8745 8615 780 33 6727 3090 8150 5397 4504 9855 9068 4779 3211 903 8095 4706 9846 2605 2347 7897 8520 2501 2881 5470 6148
30 8858 5030 1113 61 6407 4156 8663 6341 2541 5821 3785 2595 2062 4293 8332 8109 7701 7622 4103 9985 1984 118 3165 8556 3098 1287 6495 7008 7533 2504
31 1711 5535 4797 5846 487 4909 5713 3332 4069 5587 4566 8798 9883 3398 5793 1723 2276 9185 9453 9047 3376 2229 7350 7170 4508 3469 7486 8032 8582 7854 2879
27 7735 8948 3383 9606 1124 9590 5307 674 6630 972 527 3974 1894 3814 6965 4653 5165 8113 3538 4296 9205 7287 1580 8244 8782 1345 7534
29 1408 4754 2472 1422 678 9629 949 7359 7468 8131 9575 4952 3356 8435 4180 1171 6841 2224 7210 1156 9471 7685 8173 4265 8075 9476 3406 3868 3375
27 7914 8364 7358 4717 3744 4983 6395 5401 8680 8258 545 9035 7459 6544 6591 2753 4164 6775 8580 3357 9859 149 5184 3328 3062 2634 6627
29 4804 6543 8183 1862 5181 6177 9825 9648 3683 7462 4374 2092 6213 1451 9507 6365 2466 1246 8048 1107 8852 5776 7490 8081 6783 3421 6626 8640 9212
33 2805 3709 2855 9506 3201 1985 1390 4788 4942 9864 1759 1872 9526 6085 5689 8591 6483 2278 633 5479 1073 3077 176 1084 7862 5449 3084 9978 9759 7951 6633 4875 592
30 3236 4994 3950 9076 6242 5102 9955 1777 1883 521 8294 9218 4179 249 1498 8762 8713 6963 6288 348 9843 8923 898 5677 9517 4337 5633 5507 5227 5698
30 3145 5014 8850 3264 2144 5883 5201 8256 6097 3330 7942 8769 9792 5817 7290 4157 9387 8702 5131 6307 7446 9965 2905 2964 7807 9705 1181 6266 3554 4087
32 691 7760 1312 8080 2693 4311 2395 515 7375 7840 8249 4110 360 4519 1320 1621 7739 9609 8190 2006 1169 8367 1273 8021 3133 1297 6316 8823 6181 4674 4256 1154
29 8724 3460 5555 9129 4046 7176 3783 6427 383 6230 7409 6191 5905 1262 5947 6629 7932 3473 8304 495 4606 3593 5341 4884 3710 6833 9003 6038 7319
30 7080 7324 5370 5777 8797 1818 8584 9055 3741 1657 4880 2654 2122 2325 3893 5504 8601 6418 222 6403 5038 3428 8380 9972 8836 2095 4746 5678 8514 6065
27 2440 5524 8786 1407 8586 5416 5166 5171 6854 9853 111 4489 3989 3310 9862 6510 9390 1047 9709 7943 7874 885 3374 3661 8376 2814 3876
24 3831 8730 4803 9515 6816 7240 4003 9420 7450 161 7816 9501 8124 8200 9553 7133 8767 5544 9657 4450 6654 3218 5204 6014
27 5552 2607 3302 6961 4834 338 8012 6919 2722 9562 2020 8775 7844 7692 7236 361 1823 1476 9402 8647 4075 6909 4877 7192 2487 3529 2518
27 724 7235 4632 4050 7581 8257 3558 6267 7163 1693 2547 7525 3303 2342 5072 9469 8034 9928 4670 1072 5981 3727 6901 937 7817 119 3531
31 4801 2793 2005 1421 1442 9721 8285 3417 6971 848 2542 9908 6893 2416 5427 92 6743 9411 4645 3728 7826 4528 458 8101 8962 7019 9620 940 4274 4956 9307
29 4960 3361 68 8282 1462 5229 2195 6676 4004 7304 7268 258 7509 1701 9002 2193 6466 2131 3252 8643 2240 7827 542 3841 4688 6161 9748 9544 8618
28 5959 8424 7245 1359 3316 6444 2710 675 9393 9437 2525 21 1524 8020 8035 866 6439 5539 6476 9230 4154 767 876 6899 8803 1550 1738 6632
35 3153 9820 1365 3027 9559 1197 3331 8765 8006 9302 2917 3427 74 9973 3430 1695 9010 5606 7682 6653 7673 6124 912 226 3666 1955 3750 6019 5452 3578 4646 2345 9645 8360 697
33 8561 8523 3044 7416 4386 9268 4530 8417 4692 1836 7117 7869 8067 9029 8222 4383 8761 5727 2485 2411 2128 4911 9611 9911 136 9879 5686 442 2478 6360 8402 8443 6371
31 9106 8406 3169 8017 2418 3150 8714 971 8649 6615 6531 9178 1908 7877 4294 6945 6362 8283 9659 8276 7103 3976 4234 6608 4362 349 3214 6052 2902 7806 9343
32 9151 9538 4870 7011 2524 8445 899 4969 3439 5274 8264 358 6708 7284 8892 7104 2019 998 335 2972 3261 7783 1355 8785 7465 9924 3369 2990 4197 5729 2493 8009
29 13 9288 1983 6237 7715 7467 1167 5058 5068 8330 4431 2859 7056 4761 8550 8960 9156 9726 2580 165 3658 8905 1357 6569 3237 891 3734 1001 1648
26 2163 1437 3693 7864 4573 4304 3326 2983 7415 8466 1724 3795 4045 8355 6861 8310 4719 6023 725 6241 8747 4517 3173 9991 3188 6479
30 7609 5130 3659 8693 4716 679 4089 2313 7993 3362 9993 3415 3390 8426 1905 8031 9587 7129 8098 776 1324 9061 5599 5715 4584 4820 9474 1399 1212 9600
29 8595 8579 7720 2305 9632 3951 1283 5783 771 4465 7891 5434 3035 5770 9490 2617 2739 8242 7591 9518 2180 748 6541 4105 9778 8731 9580 9404 341
29 9340 6392 2496 6890 1066 421 8833 1804 4858 3185 313 7105 5137 6145 4598 5695 8773 6120 8459 7814 1510 5381 2197 7477 2862 8060 7841 9918 2423
27 8544 2090 2297 3914 8237 8711 7880 2774 5502 9921 3631 6025 5330 7126 9935 6204 8534 6387 3394 1722 8521 3995 6248 4840 7123 503 1993
29 7828 3937 9104 9175 6275 2519 2873 3182 8462 789 8499 4334 7432 8191 2560 2979 4492 1213 2118 5929 8600 668 3597 5719 8302 6141 7029 655 2895
29 5046 1040 6416 7519 3560 2622 5610 6286 8316 3234 7672 6612 2080 2730 1504 369 5755 1225 2022 6314 2827 5250 5437 8742 1682 1518 1015 2807 2783
27 9696 3075 7918 5613 7458 2815 73 2391 456 2310 8812 4174 9808 1708 5768 8015 6433 8175 7217 5103 6923 1086 6260 8516 4592 4635 5211
27 8644 8447 4769 2186 8884 4323 9619 8251 2799 2255 3982 339 2237 6594 507 244 8570 9142 3673 1183 2978 942 2211 5795 561 7947 9604
26 1587 7639 6475 8339 6046 706 173 8381 8783 1683 5096 642 5080 9694 6321 1469 6617 3869 3007 4285 7452 7734 9148 1891 869 6787
30 2368 5057 5703 7030 9747 3268 3412 7910 8793 6690 7767 3131 76 5219 6291 9668 9077 66 2319 1230 7535 1077 7945 9364 4907 7125 617 3645 977 9895
32 804 6595 9202 6509 7253 6348 5714 4628 4083 1477 1792 3262 6586 1493 3629 2424 2348 169 4149 2307 7624 7241 3539 4772 9379 4705 6002 7517 8070 9452 3826 6906
30 9742 9257 1734 416 3396 6556 5706 3854 7316 7748 7291 5781 8437 3879 3889 7124 9011 3824 8839 1101 847 9125 9357 9198 2405 3196 65 6377 3159 5453
31 5832 4060 6294 8977 5258 5744 8500 3420 2001 3144 2846 715 9332 1292 9464 9707 5299 1416 9564 2692 9796 618 7325 5004 8998 9813 7617 2031 8784 6179 3595
28 929 7708 2228 1417 3266 2036 9485 5084 1668 6976 6993 5048 5804 6384 6905 1502 3031 650 5094 7420 2356 4409 737 566 6881 3472 3080 4331
27 2672 1577 4807 544 1014 432 3036 7538 8506 5769 995 9051 1483 4215 4213 1530 4756 6492 1941 97 657 366 7139 4459 7677 4866 8753
32 3384 1807 6655 6889 5460 9454 3001 5253 9274 9327 7863 7355 7560 6665 4551 5104 2527 4310 6725 5205 6140 9746 6194 9623 614 3459 661 3979 5950 6513 8548 233
29 835 7633 4122 665 817 1969 3997 720 4638 7761 3835 3846 1321 5993 1885 6072 3370 4614 2929 9807 7780 6067 2117 6799 3208 262 3583 8132 6804
26 8097 27 8851 3682 7528 8681 7299 4251 1219 4201 4687 239 2800 559 3662 6724 5931 3189 1501 2340 1812 9947 9900 2781 126 9558
28 3363 8205 2442 6664 1855 1430 740 6128 7142 4289 2931 9677 109 7557 492 3805 5773 1565 1090 162 3691 6273 1859 2779 5489 7422 2249 722
29 2381 6796 6151 1691 2555 2912 3917 3318 9753 4325 7036 1206 3622 5306 4218 6345 2631 588 8271 7563 6122 7255 708 4850 5261 1981 3030 9161 9438
29 8090 395 551 2350 7232 2358 4313 177 141 6572 1120 4047 1920 3849 3321 5075 7924 1848 4609 3773 329 7391 7454 9265 2328 9342 8487 9015 419
27 1788 1753 276 8063 6767 9504 5157 7870 9885 9910 2935 7712 6174 8688 9596 7093 1075 3924 8881 2074 640 856 4270 3457 8412 8470 124
28 4322 2332 7698 2049 970 4734 230 2558 9593 5803 2984 6624 3137 7733 7514 2290 6336 6558 3788 1696 1586 2160 4319 1375 6667 2789 9768 6091
26 3902 3119 108 3866 1756 7488 3587 2303 5023 822 71 6716 3672 4207 2341 7848 6083 4554 2641 8126 4999 6251 6022 4981 6217 7134
30 1641 9445 5354 5115 9052 3391 6966 7065 6280 5293 1427 203 560 9871 8345 376 95 7656 904 3088 7283 5271 1006 8427 3066 7281 2828 3161 5836 6017
29 1959 4473 6154 3519 2169 4933 4104 662 2274 1643 2705 6114 2082 5540 4727 1886 6438 1743 9401 6526 9521 1232 1997 9082 1601 7837 8037 3555 7641
28 4467 2191 915 5462 3623 1740 9165 5396 800 5142 7815 3490 6486 3175 1457 5248 6417 2490 5554 2871 5961 3613 3081 621 9463 547 7997 900
27 9581 3288 4980 7496 2573 6844 1674 8933 6446 8486 323 4064 5828 805 6540 9427 2690 8379 2861 9245 8326 4741 2709 4695 5231 6942 6051
30 8854 6791 2563 3972 7982 6620 6459 4005 8910 7621 1998 8645 356 8944 2808 2606 5428 2369 5718 4051 7189 1376 4778 5328 3910 1279 714 4257 1315 7207
28 7995 476 5511 4966 2236 7464 6562 8477 4124 4579 228 5854 2014 729 9757 7353 7447 992 6514 7497 8735 3838 6201 889 3985 5774 6320 1651
25 9054 8434 1614 6402 5478 1541 2064 9260 4028 4658 2354 7809 2540 1567 9140 5394 9676 3967 5264 3023 2694 2627 2915 1533 4678
30 8220 7662 7439 4937 7625 1465 2609 7369 3770 1306 3340 790 7651 6434 8106 1128 1314 8223 645 5212 6938 4854 3725 6840 8308 3527 8165 3349 9882 6164
31 2156 5966 502 6864 4476 6516 4795 5863 4758 4145 5584 5297 1097 7792 8807 7072 1726 2187 6904 2593 6758 6487 424 7547 5468 1331 6887 9193 8077 7424 2406
30 8598 4805 9227 2614 2916 9899 4126 5875 8377 7693 4413 1622 4520 7846 9334 3096 131 3418 8295 2625 8452 8825 2449 7197 7524 6761 321 2716 8631 1363
30 1965 8125 2396 1923 6622 3610 5748 5053 4241 2867 8047 1618 4919 9672 917 4610 8119 1977 7051 7582 293 29 18 2393 3547 4961 2544 852 6680 5486
28 9371 773 3312 8543 1644 1131 6902 5369 473 8623 9497 8813 2404 3495 2111 2029 8233 1116 944 890 1041 114 113 5996 7413 2400 8167 1778
29 4189 9913 750 2140 3851 4015 1944 5523 3742 301 5352 9280 7388 4748 8490 2462 5614 7632 3093 3749 6886 8809 3219 2926 8146 12 6029 3038 3810
28 2139 9868 667 5868 7412 3667 9795 2039 7473 1548 778 6829 6742 9299 494 440 2216 8973 8444 7686 3977 6986 7666 1958 2749 6325 4345 4747
29 6198 9446 7937 1976 931 7158 320 6793 2499 6436 5035 5100 3435 1742 3063 475 7909 3343 3432 774 1438 3900 8456 2437 1254 2311 7729 8479 3504
26 6950 23 5262 4006 9980 7016 7878 8001 4055 1226 5281 3010 2939 9736 3552 481 4159 1335 2377 4039 9905 6076 2008 5481 7194 8694
30 3233 8227 5241 854 8565 5400 3373 6754 3203 5406 2457 7536 4906 8956 6399 3963 4549 1224 5419 6789 7372 2476 1989 3498 6080 8084 3168 8409 265 7796
29 2993 8492 4824 2085 8954 5079 8000 5843 5704 6287 8899 2316 2761 8752 6451 7310 8519 5422 1240 967 6805 2575 4848 2434 2962 8660 3148 6650 1793
28 9488 7782 8903 1745 5516 8651 7022 2238 9324 1194 886 5791 4583 4829 8422 449 1781 9070 3737 5283 8312 6694 9377 5575 4631 677 6332 9527
30 377 5097 8566 7442 1152 2201 4298 3780 2194 1218 3313 4921 4456 8963 4992 4424 775 2663 2473 2733 6477 4651 6517 8192 7600 8197 6169 8501 3059 7326
30 6613 5008 1021 2482 8950 5910 1210 2137 5323 5312 2511 6872 7776 5291 403 7247 7112 2060 8329 9262 355 4330 7113 1982 7714 7746 5294 9968 1268 4901
27 3240 9031 5908 7475 1080 8250 9407 6027 1770 431 5597 2548 5869 4930 8787 9098 4847 508 5563 6370 1061 486 1762 9687 6573 6732 3748
32 9888 7511 2604 1700 3757 7773 7201 8914 4736 8325 4292 6705 1754 8089 7308 4161 5646 2226 7292 2133 8303 1008 9682 6066 1153 7354 1594 806 2829 1946 870 9478
30 4065 6729 2570 9251 9874 1412 3243 9733 4497 7531 8938 9160 664 7556 7196 5692 9779 3342 6095 5788 7461 8202 464 7604 4936 4518 2067 4881 4585 7527
27 4107 9157 2583 2399 5349 1558 5585 2053 2410 7580 8602 7928 1405 7443 7860 2845 8498 7881 285 1379 797 2363 2638 8965 4702 120 3071
27 6570 4466 1846 4503 2205 7323 7752 5654 4486 2797 5355 2230 7771 5162 7130 5731 4740 9266 4725 7425 8344 4449 3559 5711 2329 6564 496
31 5588 957 6959 7173 6578 9304 3836 2531 7800 7927 5407 6606 2050 6310 5848 7882 3567 958 1845 3714 1201 4245 2831 4029 6254 4593 7386 3138 2431 6088 3116
26 42 9417 7566 8432 6504 9907 2057 5759 3500 4190 2011 1389 8413 3136 9256 2225 3458 3193 976 6641 5814 3676 7128 4571 7553 5044
31 9049 5756 2365 3064 2459 6262 8410 956 3348 150 9126 373 353 3241 6809 2615 2741 7778 5775 6104 370 6469 9137 4203 2655 7055 2063 1800 2275 9971 8096
27 3190 4974 4751 5156 3953 5797 7441 1810 184 3603 9780 9228 6143 7199 9119 5154 5927 7143 5572 2628 2196 959 8985 8343 3993 7903 2217
28 9872 4922 1130 2777 3763 304 6779 5360 760 8289 3320 1526 3488 1879 5379 3599 414 5464 3371 6788 8086 8676 5363 6209 3998 4580 9152 3436
28 9053 698 8934 128 2051 4553 7572 4315 8642 1431 2320 8260 7706 7213 3981 337 9400 5662 4865 8331 6468 7818 7360 5819 2885 3451 7322 4821
28 671 4989 8297 7020 294 1677 6994 5159 4158 6033 384 3127 7258 680 6706 2821 9671 5399 46 3600 9834 6116 6602 8788 3015 3308 9071 6730
30 3423 5149 4957 9384 9752 873 7381 8873 4931 878 3563 8826 7233 1866 1706 1413 3293 9295 3853 463 3089 6691 3053 6290 1685 2269 6503 6524 6159 6405
27 94 5721 3333 906 7383 1822 4355 2435 7038 1802 8677 3515 8284 3778 6228 3961 8135 8529 7333 1775 7665 1995 5615 9613 6008 6663 1635
30 4852 1660 1816 5345 8699 5423 5022 3821 8211 8728 2052 1215 7941 7344 6156 1511 8414 4596 9641 3365 4982 242 7977 3154 3351 9774 1369 6673 8180 5255
29 7545 5914 16 7742 3405 3746 232 6099 8517 4900 8483 3506 2495 5909 9616 4843 3327 801 7027 2702 9195 5933 6281 6688 7090 1079 3970 2016 519
28 9284 7448 1140 7985 5210 7054 5887 4630 1193 1092 3494 1915 7288 4011 3983 2034 5565 7273 5415 8662 672 8719 8748 7303 44 6798 6498 8314
31 3042 7343 5467 5206 8717 5612 3291 3118 3019 8920 9310 9994 168 6918 7939 6368 6298 6147 9050 8758 5688 2639 9511 8354 9108 4061 5985 9962 7966 2594 6596
29 8502 9718 7015 2335 9073 676 8027 4393 6218 9451 8042 3925 5530 2852 782 7058 9197 5001 4656 7262 1334 4022 2199 4721 8708 9987 2585 3913 5561
29 6330 9336 5195 3701 8130 6766 8050 690 9406 9339 266 2030 3020 8248 1698 213 2704 4033 5385 8571 28 520 5872 6339 1930 3959 5859 2969 2367
25 746 5324 8733 1049 7952 653 7317 7745 4031 1329 8861 3416 1358 6323 834 9896 9105 3270 3358 5408 6506 127 7741 4699 2719
28 4469 7946 3921 2633 7151 8494 2136 2679 6344 4281 1045 2897 6352 8137 8279 4280 2110 6343 4372 7064 7017 4462 5016 787 6921 3760 5915 8395
32 4830 1492 2330 8049 4739 704 2748 3934 3654 4542 2947 2928 6354 9983 6176 1294 1892 8254 5943 7676 7079 7208 3378 8071 7736 1018 4733 7683 4995 4895 1801 1099
26 934 3171 8503 7575 4252 5177 7592 8603 2651 6927 6115 2056 4139 6977 9046 3222 6984 6831 3624 880 315 2093 9698 9164 518 4644
27 7132 3258 5128 9940 9625 598 3103 5433 8679 204 4500 648 7990 9217 3897 5287 4787 4928 1343 137 9399 2856 4360 7730 2441 6969 7492
32 2234 9960 5608 350 8193 6922 9494 2728 2281 5146 9815 2100 1709 5766 2044 3446 7623 9588 4240 9066 1450 246 8069 142 9225 3141 105 9563 172 950 2582 6575
29 1187 4246 1909 6925 3620 1961 5683 4454 5012 332 4565 529 4617 9666 5505 803 5242 4187 562 786 7562 8706 8510 5101 9320 451 9505 6755 5065
29 9814 5532 5669 3612 504 5052 9272 1882 3532 8628 7068 6224 916 557 367 2419 407 649 2488 2662 4220 1782 8929 9661 4291 4811 2616 7399 5208
27 558 328 6778 3899 2965 7430 8754 9986 9949 2552 3606 5200 2235 428 99 8497 2564 6900 6373 6568 5676 4267 3948 717 8830 4540 1637
29 6021 3656 563 4067 8052 1055 2642 3281 9084 901 4726 1849 5694 7873 6060 4090 4845 3400 536 8199 2676 4206 8888 6769 1718 1470 3697 4767 6172
29 2830 6992 7014 7230 8872 4192 1760 3858 7605 4388 5763 391 9857 8989 2842 7532 6846 9830 6045 7357 3052 1850 8079 1479 427 638 3092 2530 283
28 5325 9136 3181 8143 5895 6322 2352 941 2298 5639 4483 3336 1647 3121 9414 5202 5076 1950 5617 8856 6589 6642 8635 1538 7518 4287 5216 3107
28 7320 7313 2890 5751 1325 5298 8320 4745 5343 1516 5304 4599 3801 8129 4934 6877 478 4991 3445 5663 8382 6858 2927 7156 1270 3120 4605 8194
31 3187 4796 8118 8841 3702 3703 1342 1151 6312 734 9835 5169 8616 7157 4371 9252 2869 7155 7779 6527 6247 7254 2621 7498 195 218 575 2959 8589 6271 7559
30 8453 182 1192 7042 4249 6168 1178 1133 2920 1707 4370 5010 8617 5661 225 533 1135 3939 3723 5628 4837 5893 9605 823 4155 8712 7107 5609 7608 9163
26 3516 7574 8952 9956 6657 8726 9107 7671 8025 5425 1163 9300 3393 7007 9091 5187 247 7510 8704 3935 8451 9686 7508 3083 4063 2480
26 9246 5740 3575 1220 9754 9961 851 2832 4856 9502 4511 4602 5758 4538 325 8313 7507 728 4729 5155 9253 9679 616 3796 8092 7652
29 5062 3877 701 8625 5826 9735 1276 8093 80 2106 550 8213 6449 6941 4943 5924 6628 211 9162 438 1561 9468 7228 3706 6838 4490 7542 3589 4690
27 6261 7205 4115 8590 5153 404 9773 5901 8646 8588 8794 3434 116 5265 9547 5978 2949 6802 490 279 364 7501 1529 8203 5593 4354 9192
30 7901 1746 7744 659 6868 590 1784 4521 1549 1692 3379 594 6773 9664 1553 1664 153 6009 4704 985 8947 5866 5145 4242 2210 3614 6972 8290 6496 9969
23 8607 9441 5310 6255 8471 6036 926 3865 4130 4564 6951 1829 3920 7750 9653 9429 8181 3221 2896 6577 1881 1697 1596
28 8896 4616 5886 8053 5144 8111 3037 6472 1694 6914 9654 9158 2666 4448 4074 6621 302 7999 3466 9298 8557 9063 9948 4326 4320 4346 5029 4188
28 9443 6603 2769 3139 6485 9241 975 2937 3678 3892 686 6735 4851 9716 6223 4902 1732 1652 9946 7226 5625 4173 8010 983 1937 368 6960 5033
27 9543 8177 7883 4715 3518 5224 9350 6584 2989 7727 8815 7150 5800 6998 5642 8587 5060 8403 7198 7892 9903 8535 7618 6068 7772 7066 9837
27 3720 4088 4279 5251 4307 530 8641 1011 532 9247 3685 4420 1094 7307 9893 2173 8161 9926 1699 4979 2065 5728 20 9293 3074 2007 6441
30 8085 6093 7329 9967 721 8046 8454 8292 5637 7812 9110 872 3078 1034 3132 2551 802 9409 8288 5003 6863 6004 6158 6771 1583 8695 7843 1559 9724 8909
30 1030 2785 702 6363 4607 7286 9489 1854 5670 5170 7111 6473 8668 7082 4825 4515 5839 2015 8210 6249 8692 8806 5088 4510 455 497 3931 966 4775 960
27 9858 6879 1247 6756 6073 1600 5499 2591 3803 5700 7610 5480 5442 8611 2743 4148 7500 9647 9783 7786 5753 5234 8685 6013 9869 3106 5666
31 9714 2795 3322 4286 5244 8281 2853 8874 400 2243 3553 4425 8384 3700 4072 5643 8155 2754 9199 7504 7749 6455 4012 8606 749 2796 5948 3668 2957 6898 1177
28 7781 3968 6482 6935 3844 768 7028 5760 3192 5119 6574 2720 4423 4546 2576 4332 7546 3602 840 7373 707 4569 2824 8736 8305 8061 3870 470
29 7229 4574 4099 7351 4697 8266 939 5570 1423 9812 9249 5894 8185 1761 4477 6518 5150 9897 4709 1953 9503 7220 7895 9143 1209 5870 8941 5789 4962
30 5673 5503 2042 4474 5151 9200 9238 9583 2403 8655 1248 9090 7983 7282 4914 7919 4177 4700 6714 3852 7550 9373 8065 8811 7332 6011 8272 6932 5361 7688
31 9692 6597 5675 5632 3733 3091 7296 5742 9658 8577 7122 997 1176 4417 1142 981 2219 9560 8171 3621 807 6132 8280 129 9472 9450 9032 5276 2911 3918 5823
24 3590 534 7219 9816 9678 2992 2450 2562 1837 5811 3251 3609 635 5989 9239 1164 1180 8473 9259 2177 7810 8574 946 8114
30 4760 6461 2813 1139 1964 7144 8634 2489 1242 2943 3975 8639 5767 3692 7081 1611 6695 8684 9801 148 5641 3793 7389 821 4783 5725 3467 1071 5418 5273
29 8172 3216 436 1956 3782 3306 7147 4144 4597 3520 9270 2071 8889 7000 4081 2428 965 982 7626 5841 8300 4668 4849 2619 5017 1543 9767 1638 2678
28 2921 6062 3765 9635 2640 8072 9915 8831 1299 9006 7305 300 5847 9824 1409 2283 7159 2270 4513 7266 1478 7956 347 79 2776 7654 5284 2254
28 660 6425 5245 9612 7894 343 2950 4185 6163 7390 7071 6814 140 8755 1452 7033 4109 8837 1763 4853 5623 4780 8252 1978 978 6358 8187 7063
27 8372 9988 4068 5263 1681 6000 1515 5739 2689 670 8159 8824 3819 9207 8650 2256 4043 7585 3253 6043 4563 8411 7074 6709 8011 7294 9958
25 3766 6610 5387 3671 4903 2334 3625 7024 4679 5550 4019 6878 8348 3073 9674 6400 3549 1026 8531 7619 2422 5386 4940 2349 582
31 9475 9243 9797 6382 736 3186 2394 4377 3745 4550 6277 7419 3743 4689 9303 2675 7893 9312 5026 4027 4654 5853 2898 2455 5011 2072 77 1295 6012 953 5002
25 2823 2182 9743 7969 7543 1239 703 308 964 7061 1039 4533 858 3585 8780 4838 3419 5799 201 3861 1112 9074 7738 2371 3006
26 7382 6347 6488 4259 7579 5148 4001 2673 8235 6847 5382 1880 8094 9800 254 418 2899 1884 5626 6679 2376 1393 5256 3345 8683 5707
31 4494 5798 5967 7724 7177 6554 2868 3871 8569 6331 3882 8153 1032 5874 2204 2251 4522 2445 7248 5655 4143 1284 7565 4536 2612 814 4020 9586 641 5365 3708
27 4114 3665 1860 2 3557 6710 2433 1081 1679 6856 4873 1085 9008 6226 9021 1033 3594 1578 4886 7913 5558 2427 9374 6327 1629 4791 1864
28 5645 7871 40 1278 9884 1907 8820 8790 7561 7393 6233 943 3277 9216 3147 2589 278 2130 1161 6039 9294 3509 3483 6478 4271 4890 6133 2103
30 7337 191 7384 5086 1575 9121 3151 9182 2892 9976 8894 8857 5249 6082 5093 8990 3043 5899 5816 5697 6458 2190 932 1527 517 7705 2105 936 8771 2980
29 2922 2202 9459 5226 4391 1300 6411 9990 9851 1302 9690 135 1436 125 3389 5590 64 5272 6199 6549 3739 5019 1841 9886 9912 8895 3157 4965 7690
29 5801 1143 4808 1779 8829 1025 6566 7406 7675 6276 9482 1182 5701 4295 1968 6338 6376 8866 8056 6034 8474 3699 8763 5337 9950 5471 1916 6784 3517
27 9662 3198 9039 1051 1095 2745 1904 8488 6795 5413 7039 6206 5497 8691 9283 4434 1973 4389 549 867 2089 1108 3988 8916 7861 4712 4361
25 8299 9601 3501 6284 7259 4621 8638 8988 2513 5018 4430 4986 1494 7564 9999 9509 1291 7971 7657 6579 8527 41 3404 5054 9481
29 1813 2652 3827 6265 9804 1737 4309 5223 2176 2835 9067 7059 6460 628 8882 1453 3013 7823 248 1684 7640 9649 6593 6040 2731 501 5849 8225 7907
25 2452 159 5537 8438 605 2096 1895 7190 1395 1630 510 6026 6100 8975 8982 4404 7495 433 1506 8433 7505 2706 7435 6865 9154
28 9282 6931 2954 4151 3238 8234 147 6747 3388 7709 4243 7404 1744 4410 3250 4509 8133 4035 2886 6839 3142 7274 6548 7868 1939 7214 6142 2786
30 5266 7822 1134 2069 7867 2755 4514 9235 2771 2960 8652 8391 4002 1489 9311 6996 210 6539 3525 9528 9005 4198 9305 4663 6317 7583 9285 3197 5621 2623
29 688 9591 460 7667 6753 6309 1009 2843 1118 1532 219 9012 39 1460 5108 4633 3978 5737 7994 7428 9701 3787 1979 4342 4505 7463 556 2267 7272
26 4904 4433 6155 2756 6016 8897 4221 9220 5070 8505 832 412 7620 1838 4288 2315 2181 5636 8059 1912 9508 9523 9041 5491 7568 1445
32 4949 3551 9589 9756 8613 785 3847 9315 1203 4799 8974 3481 5647 6693 1934 7242 3269 8597 101 7438 4868 6685 6834 7092 5932 632 2819 6059 9422 4268 5991 694
27 1386 5336 5377 4710 5522 4395 2247 9495 1603 597 5983 7370 9135 4918 1552 9734 7813 2087 4879 5194 4024 4426 2618 6311 5372 6806 3227
29 4260 2648 656 3811 6125 745 4350 9380 3648 9267 7097 8144 5118 3944 5581 9292 955 3885 5627 6346 3223 6852 2336 8515 3842 9828 3468 9847 6588
28 3832 1424 5917 9131 3350 3411 2323 4356 9461 420 5350 6997 9187 863 1636 58 386 6512 9929 4972 5143 5765 2991 2866 9001 7094 5779 9741
28 1817 7569 6258 2252 6481 9397 2536 4588 4062 5175 8145 4032 7491 5270 6048 5252 4357 6219 1159 4912 1447 9069 9170 3687 5548 4897 845 5953
27 5254 4753 49 7183 2343 5318 3541 9457 472 5501 4376 6024 831 9389 1057 1606 7069 6958 2361 3561 9945 857 1576 6988 4412 224 7555
27 2209 6845 7395 7611 9150 1560 2747 319 8154 3905 9842 5124 8352 3923 7587 6111 6050 5986 6853 6118 1455 3947 9865 6308 7764 8682 6246
29 9038 7309 1267 6410 5867 5167 8441 8532 6715 881 9750 2121 3730 1461 1927 303 4819 1970 5164 7057 9496 8408 7754 3239 5344 7970 3957 3769 5320
28 8653 3679 130 8530 2218 2279 3170 5315 6329 8840 7108 4100 7554 5579 9367 673 1122 2432 1231 5431 8091 5190 469 7972 8987 3956 6737 6121
34 1472 4543 8919 4 4165 4181 8204 1245 6186 8004 7455 6318 5327 2900 237 7005 1667 5842 6075 9877 1403 6396 4023 7964 4007 6855 9306 6801 9819 1716 7166 9045 1928 4539
27 3581 8207 5472 1758 4976 8865 6274 1317 4306 6515 67 986 3441 8341 2108 604 8269 7476 2665 4939 1687 4121 4042 5466 6404 1027 9354
28 9764 8969 9042 1123 837 9585 2027 6675 8593 3105 4178 7838 3199 6692 2326 9103 5957 1190 4464 3230 9493 826 9101 7396 8024 6542 5681 9697
29 3104 626 3987 8439 9242 4950 9240 9314 9376 5329 1371 5611 178 6166 9996 3884 9214 7225 4860 8 9432 1388 3768 5286 5305 1474 287 212 9403
29 9014 4057 1196 9699 6910 9937 9831 385 1238 6550 6860 569 8659 8142 3180 4312 887 6528 5458 3497 7469 372 9176 809 192 7923 7002 7270 7162
27 3636 1204 417 9130 3126 738 9943 8627 1189 4785 4835 1467 7088 9448 5114 1858 100 4770 7920 6733 9318 3135 1957 9023 2999 4963 3952
25 5955 528 9951 4195 1236 1521 9848 6221 1852 2116 6129 1308 1830 8370 2200 705 9512 2159 8388 7551 6431 3653 4516 3057 9784
31 5876 1387 4662 1377 874 5082 4278 4116 5969 5975 8358 7076 8844 2184 5833 6450 9024 4328 1632 3928 8198 3000 1534 2174 2109 8729 2667 6751 836 2952 6614
28 482 1531 5109 1913 7650 7980 7960 1735 3802 1083 8262 5311 2924 7257 8666 6375 274 4059 7635 2023 9333 7301 2884 1333 6637 6269 6843 5638
27 9861 8440 766 811 6677 2966 7637 1932 91 1269 4443 6178 9072 4368 9617 2043 733 2164 4499 5414 2366 1857 8043 9765 5960 1991 3048
28 2772 2636 7031 5247 928 6520 2782 2794 3156 1326 3797 5411 9704 3894 245 3461 1341 8997 1234 5025 3627 6661 3713 9788 2737 8619 1665 7341
30 7179 3210 2766 5566 2914 4096 2674 437 3018 9970 9821 4547 7267 895 3271 8764 9323 4669 9823 5362 8822 4859 9331 6108 1628 8672 6920 5918 439 9643
27 7642 5564 6117 4186 1016 9229 8526 2601 2286 8832 9007 7589 6915 1070 4421 8860 6326 4842 4056 155 2102 10 25 7770 7731 1150 7899
27 2414 1768 5534 2013 3722 7915 2142 4724 987 9412 1933 1847 8007 6006 4113 8843 7003 7366 5871 9369 9602 9977 9557 4381 4224 6823 511
26 9328 1938 5881 2535 8594 1282 3604 3784 5036 4823 2004 7493 844 9630 4496 4406 6678 5047 7034 8664 5358 4993 2505 4954 4923 7215
29 1824 1330 7890 4636 9974 791 7988 4117 9889 3402 2825 2977 5782 3942 3344 6991 5493 772 8064 8508 9631 3112 5936 2385 9723 4998 2901 4556 9860
26 7855 4481 6445 53 4975 252 5510 5862 753 7950 1319 2390 5006 4750 7836 3754 9758 6193 727 5364 5217 6077 1305 9535 8774 1508
31 5500 6200 429 3177 7986 236 3272 996 5439 6522 3086 4665 5951 3834 1102 123 4883 3512 4557 8186 9981 3255 1625 1945 1432 1311 2626 196 1323 1954 7774
30 4967 3833 26 5207 4250 2569 572 9439 2161 1545 1986 5106 4591 1280 7953 8373 7808 6195 2700 4894 1463 7904 5735 9722 5180 9582 5196 1255 5473 647
29 2996 8346 5938 4996 7331 5940 9416 4677 35 6057 4524 1310 9368 2948 345 9845 2077 938 6180 7200 3329 8525 9114 346 2669 1951 3311 7965 8805
29 3491 5837 8078 9584 8927 1554 4082 2644 7349 261 3647 8318 5290 5063 6044 8732 2714 4321 500 8720 6700 4324 7523 2054 4384 637 2532 3285 2994
28 6897 1186 7109 1588 2212 408 3479 9898 9308 1096 84 9370 9902 3377 4167 5037 9174 8537 1216 8900 7 410 6239 485 6704 1672 6240 2155
30 4397 5213 4400 9761 4314 167 3114 3644 7483 8528 1525 2629 3484 4822 7328 7740 7431 9712 4129 8221 1720 5288 3617 8157 5120 6797 5882 8776 1473 7348
28 3123 5069 3867 9322 1592 4385 9442 6171 6252 7830 8721 1188 5477 7172 3641 9567 9144 4261 1992 6089 6489 3163 5764 6222 1798 4913 824 7917
30 7186 7979 273 9428 3949 4478 4247 1419 5404 4749 1853 86 6220 5199 9534 8996 4618 8863 579 4463 4036 7154 2261 8522 378 24 5432 5551 6974 3767
31 570 1752 336 6245 5448 5117 630 5302 8463 3166 3565 911 2790 7312 2967 9455 6726 4085 5778 5616 483 9086 9652 1129 6583 5391 516 2306 8744 9109 9556
31 2713 4169 9592 3323 1659 879 979 7790 6167 6361 1082 2009 199 2260 907 2520 861 623 5652 8578 4623 2910 6064 5920 2438 2079 1281 8953 5559 5562 85
29 207 1712 8481 5333 8624 8957 9936 2375 5935 2735 7330 5488 1972 4128 9232 9355 8333 255 8491 5267 4225 4269 6355 9221 2691 5780 2467 4037 3143
32 2550 7529 8134 9033 5705 1293 1994 7541 243 2337 615 8245 2412 3290 1642 4277 2206 8908 9717 8827 7023 3751 7168 401 4620 4624 5702 8485 2537 9894 9188 7460
28 4077 8995 4794 3781 9095 6681 3267 1787 2129 8848 3215 9634 2760 334 2148 2534 8475 5531 3184 17 864 3809 7250 2566 2250 2571 2075 7187
27 625 8404 5898 2930 8176 5376 3777 3774 3546 4684 7645 2373 2903 920 2888 3639 3359 6106 7098 4233 4572 9680 4905 5430 7474 2810 8696
25 2378 4634 1285 4034 795 9565 1725 6188 5064 3273 2066 3246 305 914 669 4244 9017 2460 3969 284 4255 3717 7789 5050 5269
31 3492 6671 271 7161 6421 9223 7356 6160 6609 4782 5963 5834 5417 406 989 5095 2231 4836 2420 1043 1844 1591 8626 7444 1017 5629 9934 121 9349 4418 973
30 1942 2711 7689 3932 171 216 6686 7777 8123 8808 4582 7032 3807 7238 6837 5958 4070 6054 9944 6443 1729 4427 6467 3521 2398 6533 8891 9388 2291 98
25 9740 862 4896 6995 5693 4048 4889 6225 9116 322 8842 7962 3368 7763 9169 5827 5573 179 7825 4755 4210 5232 6041 1313 4977
30 286 9440 6770 330 9224 3845 5116 1414 9725 6979 5879 7925 6648 1490 6741 9483 6078 538 5389 2696 3395 7954 2374 8045 4150 5660 4619 4422 5591 7775
31 9890 78 5529 3582 7723 8375 794 8238 70 8206 7400 1126 6601 382 9923 3409 7221 1736 307 5335 3017 2461 6391 8622 8112 9112 2567 2498 9423 6647 1851
27 6812 4447 8170 8324 6278 1217 6859 1888 4953 257 7766 9043 9931 8051 297 4010 4924 6394 935 1814 6560 7687 7544 3840 1367 5410 4329
28 654 9688 3505 5815 5308 7842 3346 9975 1064 7955 3194 4379 8371 9177 611 6306 6611 4826 4451 1624 4744 4253 8739 5009 5380 9642 1327 2630
25 9211 4338 8949 2479 8575 2359 9395 9870 5904 933 3705 2032 7378 5884 1903 7821 3309 8127 4366 7717 8164 6776 8819 8351 2436
27 7256 7175 8400 4455 2101 8609 8036 4527 739 413 4212 2389 9434 5450 234 3927 5810 9473 913 827 5494 1669 2248 7930 5527 2386 1868
28 8669 5865 3099 4629 2677 5796 9540 6744 8904 5390 6183 2891 189 7696 7035 7725 2708 4191 9337 6165 267 9638 2553 3930 3207 9829 1522 9204
30 1048 9826 7380 1275 6699 4926 3755 7185 43 685 4363 5547 7935 8296 9179 143 3382 1137 9794 3820 5186 7127 4211 6031 506 4613 5359 205 4548 6055
29 2091 7006 1037 1520 8327 4053 5896 6359 6866 2083 3407 3174 3284 1963 6851 5485 8804 1426 7314 5339 5243 6662 5091 4367 9244 7697 6639 4014 7414
28 2146 8044 7335 1776 2841 7239 9172 1639 9186 4941 3191 5405 4985 4813 6380 4693 1336 2453 9566 9516 5743 146 7987 9335 8241 6397 3366 6625
28 7297 4170 9646 3855 7026 8778 1093 2574 7045 3487 4577 2643 4601 603 9222 9424 2889 4800 842 6020 2880 206 7905 4108 8100 1464 2804 7747
24 1125 4458 6718 3907 5125 8322 6412 7753 4428 2500 6721 7276 1887 2227 9901 9386 7530 4283 6501 9277 9347 7921 7593 4789
25 666 4766 9408 2746 6618 7866 4194 5366 6590 6386 4098 4276 2475 8140 2792 2402 4595 9271 5203 2421 2383 9863 8585 8715 6202
28 2698 1566 1595 8026 2752 908 9571 1174 466 7765 718 6456 1044 8915 6453 5447 2299 1806 3282 6259 897 8160 3111 8658 8416 6442 624 4254
28 1512 3873 34 2906 6580 1138 927 9798 5121 2183 5083 4316 8278 3646 815 9683 1338 9016 608 3217 9171 4920 9167 7659 344 2268 3829 7936
24 152 552 9366 8166 2253 62 5163 5277 5028 991 8448 6253 9326 6930 1598 7231 3231 5444 5607 1031 7647 9904 3101 5240
29 6257 8781 5583 2860 919 9803 6738 3429 3242 9660 9728 6989 5198 2811 6502 7515 6850 8707 9867 3337 7398 1910 5684 1110 374 8018 2143 3422 6090
30 4049 7222 5492 3681 9891 3919 9772 9669 1004 1821 4137 7614 7824 5974 6892 5577 1114 6353 646 5640 6333 1663 5589 2115 8533 8749 4407 103 8268 8385
25 2517 810 7707 3762 289 3619 1609 3304 8760 741 6187 3721 5786 1063 8217 9922 8612 9479 7658 9034 3493 4698 371 4707 4300
26 6319 1038 6234 5461 3898 2346 4642 7078 4040 8511 4612 8859 5152 2372 5541 6946 5043 5891 9319 4971 9036 6086 6532 788 5851 5644
27 9360 2557 2141 3537 6369 3715 2055 8734 865 32 3054 3605 4555 2521 4541 2598 6605 4675 8716 9715 1347 9953 7856 4682 8240 6173 63
