204
5262 20
28844 95646 53154 27196 41551 48846 91910 65968 46628 98470 51443 72913 92325 86463 39248 49839 63405 11334 72613 30747
2956 20
29736 81910 56764 95287 31959 59763 21990 29280 16091 11030 70272 40915 94114 89956 99281 44076 3165 94760 16541 88154
3528 19
47404 44025 65649 11406 54107 77315 20779 14379 64281 13065 56196 21325 56985 56758 12587 48550 14640 65781 12597
7194 20
40462 30212 95110 43268 15572 44464 11413 10118 37962 76133 90138 43181 26650 84345 90342 82493 12667 73670 55285 59146
8510 20
81866 86820 56287 86341 72649 86205 43634 64636 77860 30433 96564 4701 67242 99761 82795 26711 80831 49819 63616 36939
3340 20
93037 3093 23129 68278 68239 9793 63980 38845 51718 56610 2236 1764 16775 74694 7834 68138 71716 3253 76288 4625
2802 20
21662 36831 18325 32087 99567 40839 88283 25313 59882 89744 35776 650 63603 33765 10209 4430 85309 63672 77727 41249
8542 20
16292 43577 24347 20987 26395 61454 18754 12340 34348 68113 48279 11583 44465 54256 86717 29450 71604 49633 28379 1111
3084 20
48422 32276 43483 37154 57961 88883 41059 53326 91068 41041 50781 35572 23501 47800 2698 74937 46442 86246 20852 25437
5190 20
68600 24051 74434 65394 6211 14294 53077 47277 7402 43589 89403 20237 37988 99774 85163 21527 32210 58789 56102 4574
5658 19
77091 27028 91436 60182 74154 85080 9546 8252 41562 13207 97508 91369 85274 82823 97725 56084 85013 52043 96141
3918 20
33065 66986 79779 37814 92586 15504 37462 8816 30360 6488 65440 30904 26841 80465 40740 78377 22070 58849 2558 26926
5870 19
79361 13418 34906 75105 91478 37916 29005 89387 84668 37879 44126 89879 34047 94414 14544 7784 63695 68413 1992
6338 20
81404 68833 21488 88523 47381 91815 27517 50325 39686 21040 45464 14258 55535 32833 61712 27591 28600 83548 51699 97013
3196 19
11607 13254 38763 51557 10902 64519 30557 38745 93254 9729 34493 79514 11831 76495 56326 3331 17390 57788 81280
2848 19
35687 62620 5751 75603 74316 70030 18512 88092 60367 503 37377 82775 78366 75658 88949 88912 43196 32595 76808
6354 20
11779 77499 35387 42259 53291 8418 41280 3463 95748 36917 47795 72611 87898 3862 20571 70659 95194 6937 22071 61995
6908 19
61351 98346 52330 32422 4898 19304 7321 79703 31384 65309 65984 65362 84783 19732 34871 9148 65778 55062 68136
4986 20
33551 79579 4729 43399 39918 33432 63953 32355 74389 48818 42085 15829 40108 95617 35806 8519 57871 76814 83473 58246
3500 20
18814 80077 97517 91723 91749 62902 74833 84480 70715 28733 68603 68908 10305 11023 64392 7149 41618 54370 3419 44587
5286 20
72861 27112 92516 70175 14964 47531 46099 55530 38170 60587 47714 60965 31813 72542 16944 88998 571 92984 19499 48641
9260 20
91356 7100 57171 43959 69243 368 84719 84525 66660 28823 79817 94786 7177 82768 29479 48216 47610 72945 54033 67946
1808 17
1135 16486 26397 97527 64466 31208 62617 53568 86297 37057 44808 71323 90569 7538 24713 96928 28012
6240 20
63599 45779 89957 86000 70284 807 99902 3756 72215 41195 54200 92494 80761 74725 82105 81665 75149 16260 95577 85769
5288 20
45568 25465 76246 86827 8260 25096 53516 35291 84739 45494 57696 45285 35476 86734 21544 4356 6193 27945 43777 91944
1322 20
48941 87312 32402 83190 46618 77606 50977 25973 15297 26557 49350 31489 55860 41272 44823 15973 86001 9112 5110 66405
5990 18
21413 74081 1247 34544 52146 43436 9318 19261 18246 57138 63121 30202 52134 19577 30414 5441 84242 5274
8802 17
13369 8449 55061 92631 10694 90009 53624 96546 176 12535 89240 91057 27963 40054 66987 55517 2498
2266 20
89093 48670 67618 35861 41188 21741 20708 87020 41625 20269 4635 80544 50898 23940 6023 84375 23045 24559 22869 28103
5120 19
47035 50332 87694 47585 42077 98687 34286 9355 3919 90653 30532 46678 23625 36243 53012 57157 54891 12033 61536
7856 20
1040 11109 99984 79929 30902 32229 67684 81414 20790 98055 45529 94388 36372 15018 75480 76960 27612 41979 49155 88388
2728 20
46785 61473 9703 53457 22118 67215 6637 5480 50191 16602 35016 83629 13278 36175 7442 78179 43337 18075 95115 31631
8278 19
37278 15677 4532 29502 99384 98735 54109 56378 66706 30583 22546 17427 31160 31040 81556 58217 49140 42697 88407
3212 19
70957 22806 70198 14572 16695 443 89988 87052 82204 70712 74681 81083 60313 73298 5223 92791 93400 81745 95307
5660 20
73779 43765 27169 2816 85802 50999 24754 93477 11521 52506 81508 66058 69904 17347 2023 22923 62515 74125 3571 65030
6030 20
55366 59103 18432 34807 94206 34244 44696 84758 4840 45093 56574 10788 45619 12014 50932 62459 60802 61320 57506 32227
3898 20
24096 18968 82966 71256 98832 52845 2883 63589 5658 7767 96757 99572 99686 77607 75188 21318 29512 46254 41367 1416
8376 20
55107 24790 78967 4685 65716 74653 48855 61295 3949 9443 98086 9776 42996 94512 95029 53254 61376 78816 40737 49469
9026 20
38479 63081 11304 49050 5672 47890 28662 88072 71928 77628 85018 52031 60769 4090 22984 40848 38189 48415 38979 60048
502 20
42139 36247 41394 30980 2436 28038 36245 51726 88034 49704 43465 56930 68948 380 42849 6156 16364 30613 80354 96369
6680 18
89643 82696 96673 54815 23964 77225 8177 76201 37866 7453 31484 66710 34884 64382 45755 46621 33191 1489
9902 20
60464 83976 54317 96872 60946 68640 17168 17051 47056 80866 4648 94786 99435 84586 28703 9077 81802 97325 58531 79988
8550 20
46631 60857 63686 80892 86342 47970 99148 21220 70417 71821 2809 4338 32042 39744 95189 86091 80800 93416 98905 92110
5222 19
20379 72537 29310 97483 2013 85641 57813 30014 35787 52184 29626 42207 20784 75980 71017 46689 55573 2252 70329
7050 19
60690 22992 53202 39839 33222 88124 26248 28338 90138 4701 9648 72796 5122 89782 54655 97816 80204 11729 99793
3924 19
37278 84765 44428 96281 62671 73818 2502 30483 58664 29826 89879 68175 82765 51671 10878 78135 69742 96098 73637
4108 20
92636 91659 1710 6185 27668 44097 85047 64013 64706 45711 15150 57039 78222 78287 80293 59767 94677 2201 93387 38213
698 20
83215 64201 17897 92378 45706 49971 10212 55168 56492 71808 20469 87536 18167 97265 93253 39545 59352 73350 99807 34171
1952 20
25452 69105 89648 84913 20915 2565 61575 79713 78129 70061 27399 92649 96395 40726 7768 3121 3485 61758 1581 84408
3074 20
83836 48693 12074 77438 74527 97801 42729 91907 10681 61374 87307 33275 37321 69114 17099 72268 54007 2729 6451 86409
834 20
1989 6910 94957 53611 54617 35858 275 15324 96586 66048 10368 24763 99685 93582 60189 47041 23860 42052 67351 95889
8866 20
64294 46541 94976 51203 51197 53097 68362 10802 54230 12864 84020 27731 43036 23365 63561 29276 19352 38711 66206 66372
7046 20
61656 6594 34807 85122 40136 92911 69437 672 89143 49092 22389 82484 66494 56113 39469 63837 46939 83589 14623 55861
4936 20
67246 15132 59586 22455 50910 55111 48757 6745 76499 71515 58641 58943 82367 92160 64188 4270 97638 75860 44075 84408
5858 17
27465 27023 44911 38518 30469 38703 43243 46862 35499 81535 136 91547 58328 21993 70385 54481 87204
4884 20
98604 84503 25730 48399 73543 99505 48981 58775 27609 31444 48214 4533 40660 16400 72868 16842 69852 62385 96549 9663
8826 20
20941 10327 3122 28378 49728 59260 7199 46770 14730 57058 20025 86589 84151 91694 32534 68090 37650 66666 7762 18639
5328 19
52093 54995 84514 69525 70202 65434 57718 47150 73448 47589 80596 57976 96111 31295 73485 91693 60287 30059 39531
4768 19
83871 89392 74373 92352 32593 28226 75040 15032 84077 65527 72828 44035 34763 40514 6258 40138 66377 47168 52570
3122 18
30326 71237 38789 92091 25619 18027 58267 92126 9880 16710 37006 87458 53032 16984 90433 5669 37612 27889
7258 20
21168 5750 51851 72472 64501 66715 5300 6044 12758 93128 99147 70113 88364 68531 4753 16242 789 26714 44889 24513
38 20
57153 2596 41297 82303 77516 53043 53181 59697 34109 33832 31923 15417 289 10987 62074 45938 84845 50289 84320 54031
4390 20
79516 85567 21469 89775 67749 25329 64341 62410 42967 30283 21788 9115 59308 11111 13602 34559 462 53185 18650 31905
2930 20
6159 81711 71796 74811 30721 29361 82355 50666 52286 96 33539 45149 78843 38758 10613 44199 90912 7543 19036 18009
2680 18
48422 30989 2184 79385 26338 29399 66307 7179 83278 2239 7227 11220 46563 56105 9369 18235 42587 70815
5844 20
32682 30076 45653 19408 42405 88220 72829 26814 75524 16526 33656 9446 87058 33208 76311 72305 62828 40862 51794 53663
2524 19
59548 37217 91379 52936 12010 99440 21917 89874 28974 81930 93039 89597 60418 97293 91993 63823 15082 4865 76659
1944 20
43377 67802 47495 17859 27474 16153 41005 15185 22442 90445 2389 23737 60423 42783 67061 2497 71103 55508 54586 35199
1750 18
22879 69768 16430 83367 45012 34973 58702 25801 76351 19725 66502 7369 1076 50280 23244 24063 18696 31777
2430 19
11905 72463 66450 93761 76553 72157 32697 74238 4878 38052 92420 51428 38005 31267 67496 78323 3191 28288 87296
1948 20
50584 81788 36841 18860 95871 2107 8501 18023 29246 52218 90806 59834 5647 34577 44538 75170 50200 59541 81697 52876
4494 19
82702 68220 38308 22281 8131 30364 37130 84230 75941 51686 996 33832 36357 48484 52810 63658 81455 68102 12144
8776 17
34052 5537 1073 82696 50184 91380 12450 84944 66454 12154 59041 65184 36024 34992 81015 46182 57524
5192 18
7317 89768 13673 27348 39432 81132 77235 62448 55132 61967 85984 92388 99555 99463 76435 34838 8770 27542
528 20
73181 32309 59053 19188 58244 88161 99300 92154 51971 49444 43906 12083 22244 68055 99607 33829 25941 49927 26064 69178
666 20
14167 66077 85210 54340 26728 17375 65703 77281 16094 98009 629 56452 42018 2253 22979 83552 28898 66274 43130 56312
3102 19
57630 56068 37223 9404 57225 8504 4790 2684 97317 68416 88606 44066 60973 97265 34746 12481 51535 41567 21609
3856 20
91387 30272 71206 13849 2137 50666 71220 56262 98559 37082 78401 28227 7612 16058 29389 9633 97196 35298 99276 83502
3172 18
99143 64819 81029 6839 72033 75129 30002 45853 9184 5425 37911 98168 70460 46358 59150 79629 91872 42446
4010 19
95397 94316 79354 70907 19293 94802 85118 26904 77068 36257 31161 17246 65171 97916 78552 21358 57394 84815 83642
2840 19
76512 27803 26410 18028 72371 28783 88102 74425 89894 20791 11526 24206 24401 46426 80524 39276 82035 1597 84686
5332 17
33667 60452 55114 24085 95190 18220 76598 26796 86730 77976 53405 78768 88819 25484 4386 15898 29143
6890 20
66283 27253 4892 42696 33382 86625 85296 37423 51247 4035 64997 96884 81792 38675 34801 54121 21852 67596 44515 61680
3384 19
12711 51199 1643 13679 56466 17111 19384 26326 87509 75801 36480 93036 56858 97683 93935 68516 3721 44581 45606
1696 20
681 76562 71790 26029 66596 10699 19413 87597 95698 7640 28295 69839 80884 74184 88991 4371 26788 96781 94950 1508
3450 19
64105 96309 20639 75688 47773 72812 19198 21222 51028 11418 74978 58216 37583 73196 83499 23399 83255 47814 98779
6076 20
54995 77961 87132 35781 39108 74535 69583 39175 6670 78023 15187 77621 54771 6021 85081 42724 15116 83715 87299 88556
8964 20
49467 54183 10365 97425 79991 61732 90221 89662 89503 81854 67305 57388 44967 44312 93118 50173 44553 24692 78570 83502
5524 20
91667 25305 60104 41582 64889 51939 64425 88859 41243 64328 35912 97191 97493 98228 5100 79870 80991 46548 61888 11579
6198 20
98898 33907 540 70860 23576 89187 61304 70395 13117 95897 80302 73481 24562 67095 45758 75284 91092 70504 11896 19156
8012 20
20336 48413 16659 69553 14125 43253 27982 35677 51192 12746 66990 26469 95141 55852 29579 11214 73549 54398 94250 70040
3180 20
91546 44930 42873 2134 23648 10382 74549 9828 80717 90864 22519 2770 83061 8255 27041 67334 16264 75650 39080 94592
5608 20
94527 87397 33230 47970 75044 15559 70212 90984 59683 31996 99331 58257 93924 3882 95493 98398 21198 33613 60222 99392
330 19
70232 77458 56855 28355 37089 6338 82111 76135 81958 78600 57068 71402 78531 77356 91426 51720 33518 88798 29967
1064 18
40565 28371 79778 41915 91636 22798 86400 83846 44285 89500 4761 50729 92286 75534 9513 78986 55620 67734
108 16
67037 84312 25896 13920 66803 72890 42403 52778 1443 50638 97254 81349 16396 49211 24468 30585
4280 19
68277 11014 61889 51199 34067 21656 49034 96257 32349 74569 92186 1216 48255 44281 16729 31007 99635 53975 33375
6602 20
25109 89106 1990 31788 96993 19561 8738 16442 40547 4023 4947 38908 19556 92476 2972 87044 71697 17449 35755 70229
4506 20
47500 16297 89202 55119 89178 41436 25107 96855 15369 71521 225 16480 73192 77523 43078 40755 97419 15113 37203 92577
2264 20
12537 93410 33770 47465 91957 58438 54808 71646 32146 40655 42644 3261 88903 51733 48298 21363 21533 84502 13228 105
8482 19
65406 22983 57750 63342 28901 11817 80956 62174 87208 32512 39604 94093 64581 69432 23074 72229 5812 16678 66206
830 20
35379 51182 35870 89686 4159 81386 54775 23893 38207 51525 14555 31832 27588 20048 32142 48942 61405 5888 33165 16613
1720 20
17683 27169 55020 77123 69340 27050 69766 61696 87905 92223 38013 27588 92083 57249 38587 15935 75781 3974 73643 35691
2130 19
77947 91882 87160 78289 73016 93966 56400 54970 9015 76483 33295 36080 88148 59899 39346 28543 50281 9836 95946
110 20
52714 37240 34149 79878 30930 30150 88101 95128 26334 13647 12794 86566 49673 88825 2612 2172 54182 44334 462 68662
486 20
19979 33857 14463 40821 28617 90322 25516 34016 48340 91767 43824 22596 8039 67052 81411 66764 3667 4157 85694 27509
8344 20
93456 37227 73170 61291 64796 25870 89841 1809 375 34144 9431 24224 24564 76277 81230 67135 95094 87093 11279 76947
8412 20
50700 46055 37183 72813 45825 20205 13065 60437 29475 4095 15325 21535 18792 55755 77600 22621 77130 51832 19469 26379
6480 19
3239 58788 31252 88967 24970 70624 41151 63771 40965 48404 66073 12530 2140 28472 60493 75140 95905 59117 31503
9292 20
64540 30050 57217 74853 8376 78733 87555 47445 36223 73883 20136 61007 99991 61592 21572 89107 37218 89958 94651 52237
1672 19
79309 88896 58737 32937 65475 11472 43994 48816 46794 21077 33905 95451 26497 23010 65888 42037 33446 66978 56437
3892 19
70491 45740 94673 81283 94057 16007 37602 59859 18216 26043 61933 5055 39379 72024 93984 43211 70889 6934 34940
2836 20
36158 56241 48647 41546 70987 26719 76551 80455 90864 45974 37168 40677 20226 76713 55364 5959 49730 16675 56066 84881
6626 19
15087 29810 39101 21240 78315 27001 16056 55400 69247 61534 27145 76838 97791 29372 86764 13500 54001 15393 12670
8048 19
85138 7872 61395 25713 67415 62073 97843 56000 74750 47185 88984 40333 56147 96867 71537 67597 74278 70994 71113
4784 19
5874 45798 19690 38070 61950 20247 49985 24706 62322 50451 49173 27503 13110 61279 42608 9482 48016 60584 95757
6728 20
9061 29613 63077 36527 26865 263 12337 75871 22334 40354 12458 43230 44704 65692 89773 57623 18219 16241 4523 14553
8080 20
82759 22430 11924 65694 21499 63898 45873 66779 96219 8867 52041 26095 98640 99214 67458 30424 14432 12231 34899 89659
6410 20
30243 89005 34194 809 54008 48744 20758 78036 40700 96931 71591 56958 69207 76807 69228 42953 82634 72304 84068 67438
4990 20
66336 26985 27764 47549 14896 65060 1722 45994 76494 22049 4707 68844 98988 36009 48434 86643 75157 92082 65423 86359
816 20
94197 31129 34200 2194 25439 65595 69455 54593 13037 95036 16803 62757 79566 69269 42226 45051 47022 68646 79586 70901
5416 20
82422 64931 43114 96552 14008 57484 14779 96343 58419 73774 34517 28024 74184 39506 42940 56282 83932 37677 75651 46311
3702 20
62449 42784 8076 90832 98532 71754 24372 47864 93418 75646 79332 70104 26999 70893 19732 85434 94077 2958 29689 18328
4886 18
62886 36135 22643 52396 76796 89883 48055 76070 38444 50616 35445 46019 72255 3997 61228 85775 89581 44950
3682 20
90937 21689 9497 77503 10323 6586 76892 92269 37199 57389 95102 31189 3036 8138 84061 89534 99961 66478 47022 2761
3538 20
87017 33024 7619 59229 89148 41913 95524 47207 21137 29957 39873 12071 39695 88216 85843 36196 77756 78261 52421 18408
2712 20
83283 52190 15920 73445 49706 77787 89796 40507 56979 61543 74453 1718 98328 70779 66975 63860 57786 7850 74656 13975
2142 20
32627 95206 63642 6887 6476 40591 24067 16958 95131 95444 51129 54740 72878 71649 69803 58381 18563 37300 93264 15724
7462 20
11752 93284 52515 95452 42765 28301 37336 75648 53788 70974 75582 52799 59457 62527 94814 36417 14429 45520 87672 28041
1932 17
74040 20379 15370 59592 64648 18952 65968 40690 52294 54415 53320 68523 42312 99123 6750 74347 61905
3416 19
30200 47750 16336 97263 30138 67395 79508 35718 63266 45679 73555 85474 42746 93112 55210 13969 5363 7109 30026
2210 20
45742 24010 22222 75455 10472 81432 97524 2883 35276 45712 46187 22025 82336 90457 89740 94034 63454 58548 47258 78451
1412 17
20841 2800 13147 33992 15331 28375 2442 10091 9322 90300 1804 68665 20981 10130 96598 21956 27067
6052 20
33065 5173 77824 54088 6166 91727 28839 96927 2743 26360 9895 22250 34292 55319 59567 59129 77345 95553 95428 46120
6100 15
7507 17096 20053 89911 80440 31709 57053 55851 41617 50044 77035 63291 69020 14042 20139
6184 19
27169 56358 18211 77378 41758 28130 30594 53688 43220 52121 52667 31908 30153 97590 45266 68998 61478 76547 85027
6666 18
13790 60774 67485 8836 62736 70240 85361 80553 50040 82607 30503 15281 80563 82161 46745 58261 3656 11737
2016 18
57938 78515 46188 13092 96445 51508 27054 27777 31576 49419 78428 2818 65480 52669 95842 84098 56557 16964
3954 19
58468 30722 86932 74523 26223 79439 89875 94900 49282 44362 35476 80164 58335 30488 64735 67078 53076 93365 43892
2758 19
40691 18061 99303 94194 50974 6759 79392 50975 29568 70157 13597 5584 98744 30402 54450 35731 91675 33885 26558
9742 20
920 12492 79041 29616 52743 42134 10014 2030 11543 55914 58146 68337 17652 50357 83073 98377 18945 17164 66996 72701
5604 20
50397 23499 96771 9668 8801 45811 22263 32041 24226 16711 84309 99840 82962 35866 99134 36731 50305 12886 25769 72496
3532 19
53596 67168 24458 81273 52409 79777 72289 74387 61094 77826 69757 50775 13224 75892 6660 93776 75696 12421 554
8428 20
54352 12852 4888 90447 45593 51351 35921 51192 9893 76415 51564 4781 89105 74644 53206 7574 60102 86503 73820 88932
4088 20
29958 39554 69029 71861 27066 89068 25945 63471 64546 92294 79761 7230 69976 59429 90947 34336 2766 73699 63723 84863
9426 20
7840 20958 42024 16018 72070 4500 47016 6256 15110 97498 15233 2430 70362 79089 18798 86903 344 55232 20393 76521
4650 20
72250 62375 84942 88131 164 356 77998 29651 99729 35649 78626 7115 62261 9016 89195 51699 28641 96724 99825 67783
1708 20
41186 99670 68050 46127 41059 92231 24645 70000 20317 22817 81781 40915 38894 59807 59064 78498 30572 5310 95779 59377
3442 18
96680 1328 66601 97360 92021 12941 12706 26762 75648 9681 13436 1271 45900 29998 6368 979 46182 49144
2856 19
93846 86181 61667 94906 48620 89187 68625 24353 19174 29116 96522 20040 28211 11065 61659 16987 27125 42416 31269
3186 19
38417 87730 30296 44802 86587 62739 86340 41604 33602 38052 82484 63710 89278 67650 62871 74253 69558 33870 65573
4766 20
91546 38361 56433 80222 26969 66935 41218 10962 26122 4339 49004 56401 9842 28930 59468 63233 31334 71921 32182 63388
3624 20
90159 89310 81393 52135 40192 89741 97811 38890 66766 85113 78702 53322 87752 86931 87679 65584 26813 54479 78892 52496
8740 19
25061 91607 98810 30551 8162 9816 39310 23030 48455 66397 1599 94253 25775 31970 57183 33834 49685 71257 39013
1606 19
53927 70093 90712 81940 38793 16274 97193 67839 50810 13551 64953 46309 87528 62986 31818 28304 80392 39931 8554
2534 20
96082 17825 66432 40834 13994 5885 53688 9506 34469 39525 592 30878 9453 62486 90776 67886 91226 82685 18473 2829
2912 17
47366 68541 85686 16986 98342 85133 67018 16266 14939 4361 47831 65834 32097 47245 93384 82125 58663
5886 20
89074 42824 10040 34734 14627 36728 35038 19155 56395 38998 44522 11954 4916 61497 68429 56722 68857 48077 8051 90985
6394 20
15294 44100 59670 1864 15359 82717 46959 14783 50515 85980 57086 14134 99941 42164 15037 37650 60699 30375 43206 56321
7992 20
1780 51051 57060 43290 58993 70919 35666 47535 87377 84099 80609 51006 87655 61597 55704 75272 92155 93675 85299 11956
342 18
1041 76712 14190 96439 98551 83172 6770 28062 96480 19756 25686 93834 46997 33601 77844 8249 43211 52473
1830 19
41327 52190 88967 10384 14124 8082 77044 94661 10654 75438 86674 72435 86093 28247 37789 37774 80495 72267 99349
2616 19
42684 98811 33440 99755 45173 63857 49382 72568 5425 69792 42318 96708 47574 24003 18345 54475 78234 94006 98799
5488 17
76984 3770 80671 81872 86521 75924 74915 6212 77233 16091 65437 76142 70036 27767 7258 41856 99992
7528 20
51167 83190 60792 85103 69583 56429 71135 95518 6181 86064 75741 60695 26712 89748 84960 69806 33508 6290 76664 4642
9064 20
35619 41083 93917 64100 91673 5467 30403 46561 69266 27178 71134 72658 97706 2569 42493 9004 15673 95218 92946 92526
7020 20
37238 21238 52146 86567 48068 52262 51274 65724 27233 29336 8613 17907 27346 8295 66759 41995 91384 82659 80496 49428
8710 19
55999 62148 73320 57430 45052 87950 1478 7753 56024 50139 81916 51294 98644 28851 13807 62132 26051 47254 60822
6138 17
2904 25563 5537 43919 76490 1388 45787 9878 34797 92895 99210 13607 96849 50189 65572 8143 44352
3944 20
1204 59595 65662 65305 29462 74387 11627 78442 79347 81506 35132 8613 78954 47295 23587 74510 32969 33606 32437 70806
9664 18
45847 17987 8084 19225 41984 46705 91604 33710 71631 11151 69973 75615 68023 58981 93054 5466 4454 5678
4026 19
92691 53835 31217 65444 23008 25257 71968 64823 44499 51428 79480 16225 51244 95549 58155 22440 9792 64668 41015
5180 20
59603 58315 54953 97615 34053 43951 70859 83513 78111 45635 29997 37688 5742 48875 24522 45069 66541 90452 42927 81087
802 20
76985 17057 5896 76566 56920 13170 58449 2236 54414 4749 45239 13769 26745 61483 75380 48257 37875 88244 86633 20960
4094 19
31450 16869 65400 85450 16253 81296 28650 75276 7932 37522 5708 956 80520 75223 44463 19298 94556 29083 10296
4562 20
41965 82898 37559 29542 15230 17153 19958 60457 86913 48566 79355 6090 62486 86939 86617 15465 37313 41258 48856 37083
4470 19
18597 56327 81026 65586 75038 95174 47269 39343 91372 60651 71171 90978 91502 94805 19971 4980 34107 31664 24426
4548 20
13812 95580 21433 5724 14237 18594 69748 706 45754 81383 51872 20424 31581 5336 83970 50802 71022 95634 89548 68863
3932 17
96754 69105 79121 32503 89946 22877 83505 51362 78308 57809 14222 83275 18759 44201 8523 42289 60672
134 20
97380 10379 80138 17819 38474 53171 78606 23088 96609 19160 43532 29957 3776 56251 8420 70823 43389 97315 66461 13875
6446 18
20739 84505 91948 40460 35749 23213 34131 77868 27778 31259 27504 85020 14959 72482 88337 28497 95880 13444
5744 20
46245 5565 77664 3029 53109 76796 10387 21967 71926 83886 9651 39893 93211 25658 79408 37800 44347 50922 15290 5149
7892 19
6548 23646 65033 20108 30765 36681 17013 65263 66385 40099 75106 34292 33586 93639 77853 61688 82457 82443 78060
9914 19
55570 70121 61827 48102 55753 56295 41314 72551 55524 43873 14449 5946 83786 29450 5811 90206 62118 52615 68061
4206 17
94707 52305 10579 25083 98670 52840 19124 11028 14424 37862 6743 32613 82672 52599 61578 29044 82318
4752 19
20487 88182 5633 12138 54962 15707 24430 91467 75624 98333 10170 52992 49492 42899 37443 93898 23742 77479 1632
4344 17
79309 81318 43889 71891 18753 13272 18601 70873 6364 62183 30440 73762 61584 94155 59150 86553 70909
6878 20
64887 62989 42178 39392 97960 31612 20458 47501 64213 43263 38761 47302 55859 82258 10234 86189 21581 75470 50004 91591
5596 19
62930 13972 5547 90997 55073 74714 25320 24639 58337 28463 39151 96876 7485 46101 79291 3363 51701 2298 36023
7692 19
76649 67435 76291 8076 82743 46483 93944 71346 75070 21906 2396 22221 4354 63839 62066 66810 32416 3956 46091
7880 17
86701 97083 95469 46368 21728 93821 58153 81194 49524 31355 99161 82599 37621 30845 15831 13590 94706
7522 20
11607 51684 32960 63048 9296 97569 41286 36152 58738 39340 55676 68579 6914 69288 68646 55714 88316 89142 95687 18111
9698 18
60333 21608 61887 61868 11028 12943 81491 62410 36329 60778 31753 56882 27109 38748 86843 87643 71897 28718
4438 20
18150 16839 6981 94060 32374 45423 64114 21066 80060 30534 22834 53090 56046 79506 81731 56654 47192 55321 54038 55360
272 20
59229 89139 44802 13761 40032 91654 56992 80739 30890 62274 59705 77442 58009 96918 71630 26421 98607 43787 13762 82340
4110 20
5499 59987 65188 91863 41799 41440 47421 97431 62518 88144 18570 55571 47379 77093 61117 92375 30771 93835 31848 57445
2934 20
36960 79717 48893 14235 68974 77946 76964 18448 19561 13654 95398 49195 37446 21414 97590 57443 58250 87808 57733 27577
9502 20
57088 83790 59239 89530 79991 44506 61082 66529 17386 74636 63291 75845 83106 72919 17207 42928 71915 13108 26378 41838
1368 18
76599 59709 47959 96289 89530 3569 18534 62168 77143 76404 29962 7471 6642 90353 78566 17968 75396 63941
4538 20
13151 68373 36013 77141 83406 54550 7341 37632 27432 25367 24443 96431 16400 77337 54049 48995 21349 79711 60244 96225
6856 20
612 47401 28439 69864 36727 51354 44929 88298 49856 97430 49358 71379 56796 53296 25787 94797 87468 63123 39161 61709
9516 20
41803 61417 26076 4552 94218 63986 71749 2686 74497 91216 47525 54287 2051 37923 92408 33654 24709 23928 99010 84347
5220 20
1382 65479 61304 49113 77032 48043 39325 89240 66708 4174 7820 74761 25060 53356 30494 52297 11071 10458 48745 71113
0 0

