11 8890 3269 388 205 8125 3320 559 746 556 579 685
29 1992 113 4379 5744 699 2519 2056 6706 3442 9952 8229 7120 3925 6002 3524 67 112 5006 9132 7656 4932 8511 4919 9009 4381 7970 1337 4149 9049
20 567 789 442 135 4021 1745 106 350 2000 6155 793 2142 1690 3933 237 9001 261 7925 5577 1190
19 48 1178 152 379 235 11 330 414 53 1941 7998 9582 6427 7258 312 6050 5930 1974 6477
20 4839 303 1335 4679 895 485 531 412 9213 249 3232 3164 3736 9245 7447 9862 7800 9438 4320 644
17 837 3156 3580 7320 2106 6403 434 678 9405 1768 1629 1875 384 134 4927 7068 251
16 4094 5497 4829 984 886 8950 3940 6540 884 2044 7908 650 2915 9541 257 8625
15 203 508 776 686 7466 3763 2817 6383 7200 5223 3677 5322 3113 6978 8195
12 817 1066 1867 6069 640 9068 524 7381 584 581 676 492
18 1138 4435 8711 1176 5794 7847 6422 7958 9630 3368 1075 1656 5725 727 2844 6611 5142 7836
22 8703 8578 542 546 4266 544 4591 4314 6678 3847 9163 3784 4505 8911 2370 834 5946 6881 7772 7869 1982 8874
10 4059 8292 9084 5113 4309 8670 9501 534 5117 5296
10 768 608 657 821 484 2281 536 928 2921 3560
13 9121 2461 4870 7222 7674 80 8565 7571 4956 5342 8043 3255 6010
13 7429 606 2418 2896 1184 17 347 9415 4456 8522 1379 5162 764
10 497 808 894 996 8471 1666 153 3379 8639 2448
22 7913 5601 7171 2275 6393 1897 9804 2198 8438 5411 5005 3428 6497 8408 3761 2014 1754 5290 5346 4753 6782 3812
17 7952 5018 84 2920 769 2147 8219 7438 5553 4722 2630 264 7748 6592 4518 5613 8139
33 1209 445 1815 8518 1305 9393 530 1273 1757 5235 3090 4724 4302 8767 1353 7085 5222 6620 862 217 6219 7339 9085 46 63 1482 8608 6535 9527 3932 4606 7954 2273
4 612 3159 1460 1000
15 1664 1993 8773 3776 4137 5133 1182 9907 3219 1899 9826 3728 9253 8087 3792
7 742 8688 9799 7353 824 6556 2528
18 268 3457 563 2241 5870 8446 3395 930 9572 4597 3215 8977 5327 9998 9358 4820 2819 2579
5 7468 6274 5843 4413 5979
20 2576 8271 2432 677 6252 3495 3228 9948 7414 4100 9788 9122 1070 528 6373 7484 9895 3787 304 302
19 1978 7293 5445 7070 5693 423 209 990 5201 4279 5238 4840 7680 5556 6286 6027 2842 4222 3288
7 8227 5621 5251 3944 4015 2249 2940
10 719 629 1364 9968 5780 2005 5431 140 7977 4040
12 190 8329 9305 9514 7965 6031 2264 5268 3006 5303 1934 8253
7 920 9020 666 310 6397 4229 8994
26 7640 9698 6150 4848 9003 9164 6024 3629 3167 342 2498 4947 6558 1314 9983 8896 3299 2712 7330 5102 1975 8709 6447 6988 3265 9317
3 6039 183 5968
20 1528 8149 4885 9851 3055 7442 753 8412 3646 7453 7046 7470 2621 8500 2396 5800 291 7032 5935 9639
10 3743 6654 3253 7013 1763 1847 7084 4267 2197 762
20 6456 700 311 196 9139 4555 5957 6930 4297 2938 267 5343 6868 1582 4513 2157 9486 6878 4079 6170
17 6115 8204 3257 9267 533 7464 7926 1679 6578 3996 2101 1793 1786 1890 7604 3497 4812
13 3988 1438 7475 88 2571 5090 378 5717 711 636 9496 8273 9824
12 4214 3607 6110 9627 3869 1386 2686 7263 5193 5441 8345 391
27 3471 6794 1543 8175 6412 32 6048 3958 159 6188 1752 7525 5442 5710 7446 7528 2368 3401 3437 7367 2186 6421 4272 8066 7029 6616 4987
24 9216 8024 3572 2917 8146 7710 1349 3531 1710 4087 6128 1804 9832 2076 1469 3145 7671 115 8729 8286 5388 6664 9773 9756
12 7862 9042 4171 8708 6657 1248 2129 8855 7506 1147 9119 4374
8 8509 9544 2356 3739 8737 4328 6515 8330
21 7229 1874 6839 6165 1245 5124 760 4430 1657 5114 3909 848 6619 9502 9157 1792 637 755 9220 3872 4140
7 5424 3236 9852 8978 9927 8704 1304
3 945 9581 943
12 9523 6780 9935 3329 1515 3549 2015 658 7220 8419 5882 6686
6 7957 7227 1670 3694 6911 464
11 157 3333 1192 3767 6108 1618 7431 8320 2725 6158 4324
12 4894 8965 8628 7282 7665 3570 5383 6346 5589 9750 9552 8154
17 222 6044 3951 4833 6765 474 549 4062 6848 6873 2776 7286 813 9236 2932 3363 8047
24 297 6656 7553 4948 462 3314 8830 2537 2754 4358 7949 4360 8289 6483 1069 4436 8655 1073 2458 1287 1467 8714 1643 2822
6 9901 5991 8819 6549 5487 2445
17 5649 5576 1257 7561 6602 2164 6565 5094 4569 2387 2753 5066 2763 3376 538 2463 3517
10 4687 9864 1346 7613 8780 2022 6691 8168 68 4936
27 585 6404 4414 5517 2135 5719 7692 1565 4895 8193 9722 3451 5093 8314 5635 1651 1058 7439 8172 3896 7563 3318 5673 781 132 1156 6439
25 2774 7329 8382 6710 6438 5751 8378 5861 5300 501 9847 2649 6378 9867 3805 9310 4638 2066 4254 184 7385 5912 2310 7202 1718
27 6952 1447 1635 6547 376 2695 599 947 3123 9190 4957 6756 7504 1237 8504 4590 4535 2452 7128 2137 308 7905 2779 4134 6943 3198 995
13 6269 7198 3017 7444 4415 5384 503 555 6468 4333 7591 6388 4540
23 1888 7911 9768 7249 4733 6466 896 1160 1104 9474 7579 6298 7272 2023 177 989 8524 7411 3178 3285 2394 1427 204
24 4637 8587 5358 9412 7657 656 823 8804 1660 6864 9671 498 8160 5101 5498 2687 8164 3194 9293 2369 1351 8999 2693 5432
10 7716 8954 8360 9904 7443 1567 7786 8341 6014 7600
13 6457 9401 8351 9254 3616 4914 8652 1067 301 7087 6789 1418 1705
15 6321 2913 4835 5194 5231 4912 2607 121 7541 8224 6236 9521 9307 8888 5412
17 6724 5332 7645 1121 7682 7392 782 9322 6072 5129 1893 2193 8006 9369 5942 421 1185
5 4437 2718 1411 4610 2669
24 61 400 2735 5668 1465 5324 1511 9313 2332 409 9118 3261 1870 5656 3894 4098 1857 1727 6075 7280 977 3718 1894 5977
13 2176 3438 7743 7963 6551 8474 9222 6599 7096 8015 1262 1295 7753
22 3371 5510 4665 6822 2883 4034 3735 2089 5730 5240 285 6940 9378 7865 6820 8822 6720 5980 3844 6827 366 1131
14 3103 6912 5879 3845 6799 1587 1455 4159 2042 3432 600 5518 3071 7376
23 273 19 2788 4761 7685 7759 6381 9563 779 3753 5990 7769 1628 6332 8656 8105 7420 7921 2572 3058 276 9428 2620
18 6913 3024 4349 3840 169 6570 3904 6757 3466 639 6858 9930 5167 6883 6376 467 5281 3536
18 8342 7346 194 2330 104 7081 2414 2948 2037 8627 7178 9762 5 9197 540 9010 3702 9967
13 9691 4080 6101 1023 7113 5965 829 386 341 1544 8755 2069 5248
8 3025 8967 7659 7514 3192 8151 6509 3478
24 6735 8133 3051 9505 3765 3443 1402 2979 7197 1597 9458 2093 215 1485 3874 8651 4169 6852 8479 5128 5910 4457 3892 8278
12 7804 4603 2295 2365 363 4283 7583 7336 8082 2258 26 3000
19 5227 8448 1845 3513 6587 2467 7296 9179 7732 870 6692 3008 5104 9218 958 6635 9596 1118 1107
17 6916 3168 8557 7975 3375 1627 7041 5899 6921 9462 5031 5076 9801 2732 2256 4398 8730
24 961 2531 7585 4225 950 5766 7558 7794 7647 457 3905 997 385 6375 6758 6996 8665 4055 4552 9946 2087 7880 9301 3507
11 5402 6296 1830 4742 7499 8071 712 5436 8405 4281 6524
26 7104 1995 9757 672 6244 2107 6987 1592 6574 1355 3811 596 2351 3930 7914 3575 4096 6488 815 5197 8790 625 4522 7034 2795 9909
21 3410 6875 3200 2465 986 9846 8631 6562 3053 8990 7812 4635 1428 8958 4148 891 2474 3015 6769 4339 7568
16 117 2166 4467 6122 4270 2665 223 3263 105 127 8037 2798 2518 5762 7095 3028
16 3005 6304 565 3398 7956 7134 1105 1977 8032 8845 6588 4375 8076 6151 9977 2764
11 8758 8803 568 3364 3675 6677 3340 1563 7295 8862 2816
14 610 8699 200 211 461 2972 5380 5308 1852 1436 7588 4730 1519 4417
16 8736 627 3603 7092 6618 6333 9421 2429 622 8493 3915 5851 2918 4627 3577 7482
14 7993 5721 9925 1423 1775 9695 5509 2400 201 1812 4785 7426 5974 4286
9 6228 3147 4353 8605 4052 3301 7221 6701 3914
8 1269 6053 306 5239 4991 4316 5900 7192
26 1593 7314 2934 6831 9325 553 1348 280 3999 8539 4105 5981 6054 4851 2068 7887 7016 9028 9006 6666 40 5927 3434 7416 6351 5439
23 2123 6265 4020 1097 3817 7118 1560 7701 5698 4493 5872 3714 3908 4845 4342 8318 2459 9973 9624 5897 3448 1341 2664
18 9996 6410 8653 422 444 1589 5256 4121 1078 9972 2645 5292 5166 8906 7966 6530 3102 1022
14 8406 7357 1200 483 2720 4494 5970 7366 7384 1031 2314 9392 6238 1087
26 6695 2507 4648 1313 4071 4601 9707 4355 4677 4167 1914 7278 3731 786 1996 8844 9435 3365 8536 2811 6542 2962 6088 4364 6955 8217
17 4307 3197 271 5205 7557 6402 4090 5967 2082 6463 4367 3485 2080 9942 1514 4215 8943
20 4984 3067 825 1503 6575 6399 4249 5143 8020 2395 8148 1396 9687 6284 4533 4559 9437 5560 4751 1473
6 6418 9459 9609 1820 9271 1216
19 2986 9974 5049 502 4115 102 3530 4072 1123 9246 5748 5792 1921 3342 1578 1175 2466 1766 1114
16 7141 1372 5282 8085 2751 1365 621 3404 8027 4053 1608 5795 3195 8144 8005 240
20 6239 3445 9202 2110 3278 1345 5045 6213 7274 5734 1525 1571 8794 8706 9040 8946 6482 5685 3464 4795
8 8370 3972 2696 5868 8182 4138 8397 926
14 975 9625 8112 1189 5782 3672 4879 6764 3648 991 6452 7608 7006 3086
9 1609 9965 1240 4028 8306 652 8386 9808 3850
25 6189 7230 8832 3544 7994 5713 8694 6426 6519 9187 6261 4441 4085 2311 1501 2462 9352 5061 2063 5075 314 9958 2342 3733 3931
18 734 2297 2444 7064 5043 9033 2899 8917 9055 359 5951 9342 5288 1096 4427 3943 4479 1633
23 328 2783 2060 187 5087 76 9778 150 8426 8960 4372 7570 4739 505 3659 5007 1016 3864 5177 4904 327 4813 6624
14 2278 6139 4112 6711 208 7816 2412 486 3957 8647 3256 9217 6676 3286
19 7430 9314 8878 9718 4452 6609 9460 6215 7897 7421 6106 8205 4534 4126 1148 3214 5832 1928 828
8 2436 5983 5475 8092 9221 8097 2007 2625
11 2603 3758 854 8642 2675 4078 5391 5915 232 3893 4941
17 3693 2784 9349 9886 9469 10 151 5154 6709 7523 3707 4856 6207 7719 3535 9661 131
17 9347 4935 4980 856 1146 9232 8812 6363 1678 6092 8834 9181 9597 4896 7959 8707 6365
6 5856 6879 5367 4736 8753 3871
14 6424 8792 6220 6076 8864 2078 2230 233 4952 1638 7184 5122 5666 7304
20 3546 7319 6003 119 9464 8118 4958 3373 4532 5208 6625 867 5779 7987 3967 3161 968 7218 2454 1009
22 6607 7768 417 3468 9409 4282 7004 601 1106 5584 2178 7007 740 8930 2102 2004 3674 45 2569 6941 3298 7937
18 8787 4693 1002 9103 9939 6803 1045 887 1790 2510 4340 8828 460 6876 197 5609 7744 6087
15 3294 2538 6206 57 7253 1613 1620 4653 713 7823 7779 8860 1661 13 4142
16 8262 1674 5887 7190 7109 8294 3680 5943 1358 3150 9434 6107 5098 3059 5274 2953
23 3281 8484 8784 2112 6132 3133 9992 1871 2291 6674 1217 2274 3553 7254 2239 1382 5448 7835 4230 1581 3627 1909 2300
10 5086 8559 5727 3608 6387 6442 4359 387 7542 7362
16 394 9805 7243 6742 1529 7250 4822 8010 8924 2440 6224 5492 4862 7818 7577 9736
14 3647 5140 7923 1769 7256 162 5805 4061 7345 139 9371 9787 6016 9831
12 8203 7465 4657 1319 4824 6083 2215 745 547 4765 6499 8825
23 6004 6327 1557 6216 5866 9156 3157 8814 9114 2515 6009 1999 2740 3968 8325 5785 912 7317 3070 8765 2277 6315 2964
12 4794 9869 2245 2464 5853 6013 5356 4784 3454 1785 1706 9865
15 3321 6793 3421 2263 6531 6495 1971 6860 7721 3769 7845 6992 5095 7402 9608
19 1512 9306 3411 511 6182 1422 3394 4104 8731 7567 2799 6563 1668 2236 5694 3177 1370 1960 7909
16 4455 3821 1206 1800 6159 239 1667 5366 1033 2081 6385 5310 6077 4975 6341 3861
6 8435 2566 5234 5091 3959 9677
7 519 3555 3540 4910 4717 2777 7206
13 9670 7677 7373 225 772 8505 4821 7757 3117 9136 2944 8875 2951
30 489 5654 9078 6922 8059 1079 1311 7150 7594 7394 9194 3101 219 1767 5309 1761 2956 8416 703 3895 3582 8764 6328 429 3800 5703 4567 5831 2976 8276
8 7088 7471 277 7196 9763 6325 9603 7432
12 3708 3534 4344 2702 4326 1591 2075 3516 8473 6214 7303 7524
13 7575 6953 2041 9991 7532 3201 1762 5378 8058 7409 3040 5728 7239
13 3692 8104 1267 6293 9249 9275 3935 8495 1621 1278 8756 4284 6665
11 5948 1090 4507 4659 775 7837 1376 7310 1822 5435 3035
25 3855 3245 1054 7934 2578 8243 7103 3425 5658 572 1791 202 6030 6357 1918 2546 5217 9094 5328 7859 5839 1901 983 7898 795
22 5387 1869 7572 3585 9345 9138 8373 618 3583 865 3072 9039 3689 8914 9173 4997 1234 9423 8515 1488 2922 7133
25 6123 6804 8868 6119 1441 7693 2234 4204 1340 8560 9224 8750 9889 8987 4899 2473 9098 8579 4438 103 1953 3002 4504 395 7459
7 2316 5615 3188 9549 4450 6190 7813
33 1866 6849 9274 3830 9654 8128 2217 2377 7234 1584 9508 7666 1796 2386 326 6806 4828 6552 4278 1053 8003 2841 1253 5298 9978 9373 9343 5418 7642 6585 8517 2886 8941
21 1803 2184 9362 5184 9288 5962 5027 8645 7333 4039 9704 2884 2150 4051 9518 1361 2083 4265 4680 9323 2487
22 4428 206 6718 7690 3778 6746 5569 6059 8025 1709 4074 319 5511 1434 3293 5258 1548 4462 2827 6968 7136 8490
16 9733 109 8588 7884 921 2108 4496 4698 5503 2468 3163 5914 3330 5401 4728 6995
18 8489 8586 3129 6645 7019 4247 7078 3606 9283 4035 7724 3049 863 5211 6707 9822 5830 5578
18 4842 2838 6307 4502 4973 6222 6571 1387 482 4857 874 4482 2678 628 2391 3486 21 5147
13 6361 9137 3426 4411 569 5898 7736 5767 5972 2608 4251 7496 1507
26 24 3849 2881 2999 9466 3622 8956 4293 3799 4566 6085 9651 5862 4433 5610 2065 9235 9855 5165 6754 2685 9873 8574 1849 6795 2409
9 5716 2026 6536 3047 2981 5486 2791 3696 4476
15 8102 2512 9559 956 8614 3435 7988 7920 4843 6255 6420 9556 6862 4874 773
18 4346 8086 1984 6851 7355 1132 1907 1352 3136 696 717 7082 6352 5938 1103 2331 8340 3755
20 5598 7186 2357 513 3381 1879 883 3501 3912 6469 9367 6395 2792 7500 4508 8810 6049 1074 7051 3492
27 6160 8158 3068 3605 8155 4713 9031 7900 2710 938 1896 4044 8542 8687 9853 6778 6604 5085 1964 3260 2422 4408 6411 7839 420 8581 2926
13 9411 3358 5530 1499 4527 5019 9908 9760 2692 3920 6637 5002 6976
19 8675 1228 3976 5025 3816 8856 6023 8190 6541 2910 5472 9263 6245 1163 586 8415 9943 4262 9515
29 3564 3891 6338 9680 9511 3732 4966 374 2415 5188 8903 6008 1741 545 4801 4289 6629 9233 9093 7340 6628 228 2317 5385 4745 8389 8083 1149 1823
24 2941 8458 5089 4153 8681 6133 2072 1944 3772 3989 6263 682 5622 1724 6043 9647 1308 2496 9755 7806 8 6847 5676 7252
16 3208 41 1111 8445 2385 6098 7614 9436 2284 8550 6648 1498 1243 3881 7155 2866
8 1363 8088 5284 609 2475 7955 9955 8870
14 9806 6430 633 175 6041 8826 1037 8231 9073 9324 9689 8929 8606 1602
29 4661 4228 7494 2919 3393 4939 2935 7287 8970 4834 1532 370 3667 5083 2640 7598 3818 346 5421 509 8836 1183 3529 7424 1841 705 401 3558 9637
18 1530 3541 7554 1430 4872 8239 3686 8835 8284 8439 2051 8034 8494 8399 87 9812 6386 3367
21 375 3148 3362 5417 529 1294 7629 8796 1672 9327 3351 9375 1298 3296 8478 5787 4541 8567 7888 7100 5659
23 6786 1986 8795 8555 3122 523 9226 4642 3625 1963 6425 7236 9225 3650 8108 5271 7658 1440 6673 9177 6046 5505 9721
14 9626 6502 2520 7406 6942 9819 853 8996 5523 3867 3691 7546 7971 2265
18 4194 2973 1777 92 6484 4832 527 5829 2942 1747 6292 2109 5532 8692 1071 2945 2282 835
25 4233 3786 284 4704 156 6379 9800 8300 9813 9457 5835 9419 3406 8928 2565 2997 4280 3300 1049 5209 1895 1919 5119 2010 220
22 3170 5295 3112 8671 9140 7048 8799 6201 4782 4318 4384 3459 2017 155 5639 798 9997 9266 6489 6086 6233 8923
17 2828 6740 4048 2390 3108 5495 5169 4560 838 8475 8600 4647 2807 7584 255 8561 1356
6 5406 7347 663 408 9579 9530
8 1170 4511 4421 9705 3420 9037 4027 6285
21 8055 7428 3557 8367 6172 4113 1981 3222 5514 4489 1750 7643 2984 5945 3258 8657 9414 8313 2747 3687 5669
16 8302 892 6202 6903 992 5437 4068 3251 5291 2031 2033 3328 6129 9017 9470 4325
20 2559 1773 4836 380 8585 6548 6066 7205 3704 5614 7062 6369 2708 42 2749 5869 5073 7832 3408 4432
10 8184 3685 9823 2670 4256 5704 8437 6747 4655 5975
27 7116 1625 8157 381 942 6805 8644 5933 9785 1551 2497 399 659 1145 9027 9053 6957 6267 6097 8944 4963 6796 9646 8183 4261 8641 2880
20 2742 3632 8191 9619 4525 6596 338 199 6268 7503 9547 8916 7531 9453 8418 4572 9041 3179 3890 1680
16 4536 2536 9282 6186 5678 8529 1864 987 4718 6102 7389 3470 7927 4244 125 2939
26 8728 4056 726 1908 6340 704 8782 5998 7164 9278 1913 8933 3738 9408 9575 3678 5925 6343 6841 3882 2943 9590 9007 4180 1056 1083
16 1794 8449 4815 9071 9134 9561 8664 9752 93 7043 9228 7631 5582 3213 7294 7025
25 3030 7612 4706 5189 5516 3542 2781 3205 9478 7490 580 352 4830 6382 7491 373 7449 9091 7012 4946 5617 9783 2855 5318 1713
22 3655 8566 4826 1835 1475 4767 2319 1030 8296 4992 521 1711 687 7817 2472 2801 4146 7419 9961 1462 6445 1343
16 2869 6199 9503 5955 2480 4969 2893 6833 8421 9795 3573 1316 7153 6726 243 6610
21 3578 5465 3267 6029 477 4043 1169 5372 2085 909 3937 8052 99 8315 6791 349 1703 5490 4303 7476 2090
21 7020 2511 210 4017 1912 8072 9397 9410 871 2557 2741 2690 5100 6508 2336 9966 8663 4676 6423 1128 2908
19 5381 1323 3176 615 7174 9564 7569 5317 8981 5120 2153 4629 2381 2812 8452 6145 3518 9700 9206
24 9090 5771 3036 6026 6639 7457 8620 1041 6407 1429 2613 3474 6975 7726 8562 3127 6938 2162 2344 5667 2894 9644 1225 667
24 9166 166 9011 5477 9610 5409 5160 2393 8326 6927 3083 4776 3574 7363 2856 9062 3918 7777 5185 597 1180 1846 4925 6080
25 1384 2963 4630 2036 8955 7477 3203 1220 7493 8134 2729 8548 4686 3211 5314 3089 1039 785 8307 8117 9562 9066 1280 8526 8230
26 1040 7188 7451 1843 1863 2585 4756 1309 1271 9734 2684 9075 7551 3796 6370 1742 5638 1719 7852 3217 810 2194 2631 8398 4402 8080
12 7114 4255 6141 3729 8992 5660 4202 6256 3942 8114 1623 6465
24 3697 3196 2711 655 9450 5628 1494 1433 916 1392 8995 4675 6478 9583 1162 2095 38 4562 4780 1391 8041 6553 7408 6520
25 9207 6485 9087 69 8747 4913 550 3877 4944 396 1955 9183 279 6337 6171 7875 7695 4201 3306 4754 4837 2460 8781 1487 3111
15 1735 3409 2293 9890 830 9538 300 5934 6689 9513 5769 1524 9424 318 6527
21 9291 7129 8786 9289 6784 7873 1264 9023 3493 244 2882 5908 1461 5152 2860 1957 2946 2120 2698 8221 4133
21 8425 1100 5686 100 9429 9394 799 3065 382 8821 3121 1541 7578 2991 5338 8356 9076 6819 8372 811 7166
9 7040 4475 5480 3155 9379 2925 3234 4390 7182
15 2912 9820 9744 5287 9817 852 4058 8492 5878 1302 5733 3521 2570 806 7760
21 6965 8462 4207 4205 6237 138 8225 8261 5875 7762 7210 6755 8886 5206 2825 2833 2637 9214 3734 8541 706
4 8962 7889 3066 4887
18 4143 4882 5218 5507 2992 5371 2584 8851 9440 2333 4681 3419 3995 6577 8455 6958 1579 9354
27 4855 419 1550 3270 6652 9737 8075 7931 2737 3601 3462 7140 9195 9874 9425 4587 4217 6162 8679 8732 6055 9643 7412 5204 1400 8126 1813
26 2313 9255 9947 266 9761 2240 9370 15 4002 6450 4990 4045 6163 716 250 6272 9080 7637 7698 4362 9519 5604 9604 5302 4911 7688
18 9316 718 4585 4593 2453 7894 1424 9658 2760 6802 7145 453 4800 1583 4596 8537 8754 3870
21 6843 4208 9926 5602 761 1968 8272 4937 3316 9292 293 5541 5479 8872 2931 3768 3634 7652 9105 1736 9569
22 7864 8338 3795 3414 1215 1862 2292 9720 5901 7266 3317 4024 3450 8121 6608 880 5004 3315 5917 5893 6576 7519
16 5060 212 9341 9481 5070 320 6989 4584 5352 2834 9372 5141 3243 4000 7844 2617
19 3276 499 5464 5689 1057 5632 6081 9363 6887 9356 5786 7545 5015 9063 1152 3658 3336 9615 5819
26 8290 95 4410 9477 6630 9790 728 2174 4806 6923 4173 9400 3085 4582 94 4368 9142 123 574 6651 642 8369 2728 6194 5363 3012
25 7709 1010 2305 1601 922 7364 691 355 4365 8798 5958 7417 9962 1945 286 4304 7745 167 6787 2433 8404 5024 136 1139 6492
25 4873 435 4139 3418 4327 8869 9729 8534 5892 2470 5134 946 814 7858 6660 1904 4516 2974 3175 3641 7752 5591 5806 9791 8618
23 439 2577 617 9035 1101 1799 9838 282 8951 8932 4623 6064 827 96 4625 9951 1954 28 3766 594 6384 343 9568
23 5920 3057 6698 8686 9611 9229 4663 3565 2179 3593 723 9337 931 6454 3822 5249 3062 885 5170 5373 8282 566 9312
24 7704 9495 8464 6809 4636 3077 161 541 5844 1224 2632 5106 50 8811 1850 6472 2994 2970 6211 5956 1383 9389 7242 7405
23 554 3029 1527 172 2181 3190 3770 4147 8918 7009 933 8481 357 6264 9933 1749 5580 8931 1607 3273 9616 9555 5476
9 2006 1970 9199 7445 5907 1844 2987 3595 4292
16 3138 8040 4520 9928 8813 8254 369 2574 5420 7885 6684 9248 9746 1654 488 7042
23 6329 6924 7379 5426 2907 2151 8094 5690 2682 2580 9366 1988 7883 8388 3610 3183 9802 4581 3551 16 6176 6229 3883
20 7877 1406 873 4136 4046 7217 8247 2362 1310 7868 9081 8776 8344 6564 4442 9059 2929 3254 1158 2724
15 1227 8274 3833 8379 1062 9346 6184 5488 2199 9984 2767 3681 4 7126 7450
20 1784 4959 8979 1326 6537 5809 3173 1834 4699 2626 1281 8339 8348 6951 2562 5153 6435 454 5812 8113
9 3239 1605 2426 6409 6647 8023 6670 3947 5903
12 1135 8601 9111 6262 819 9426 4616 1219 9147 1486 5118 8885
17 1883 842 5746 8328 9557 4544 2673 2260 5064 918 7912 5838 3307 120 283 1538 7972
13 8213 3311 2605 3325 6476 7075 7947 1811 4357 1044 9193 1092 6775
22 957 8323 9109 9127 64 8506 9303 3292 3970 7679 1325 5168 2646 3592 2705 9529 4797 8602 5768 4418 4971 1663
8 3990 4088 241 2706 4528 7675 6146 3705
26 3579 3384 2904 6316 8187 708 4227 4924 624 5351 1872 4921 1493 6655 8695 5963 4890 8841 9989 8757 8145 5671 6589 4769 3407 4678
19 1630 5034 5554 5711 3482 6579 8610 1431 8993 8761 826 689 9879 924 3873 6167 7711 952 6960
7 7948 9798 4498 436 3327 5774 2269
23 9685 6836 9104 4376 5069 3669 1568 7065 8343 5849 6366 9570 1827 6904 7727 3392 1389 8894 6204 4447 4945 2059 3324
25 4586 4387 3334 9497 934 4981 5473 3621 8617 5123 4770 2279 1717 4762 3308 1743 1916 4391 1099 5759 6528 4976 3023 6177 5461
23 372 3596 9452 4109 3105 7434 3477 9364 9526 7654 1681 6513 9395 1509 7403 9896 2903 684 8014 9051 31 262 418
23 6877 5285 6526 5241 8028 9022 6474 428 9300 2924 6156 52 2837 2380 3668 8689 2222 1334 4669 8580 1927 2155 3014
24 5245 6058 6739 6305 7191 3790 5306 5954 9929 8181 8030 4889 7327 5097 8051 4454 8060 9807 736 7359 6464 3383 5202 8939
21 1113 7097 4063 4206 3584 8551 5860 7180 8214 2501 9510 5904 4164 4371 2891 7511 1940 2149 4808 1172 5646
20 9402 7846 3875 5012 7246 8882 4664 2220 4224 1047 5393 3038 8748 6974 5452 7907 1596 6486 5164 5067
17 7398 6473 9751 5695 2809 7383 9839 9835 3511 6915 5337 4574 8678 5320 7660 4626 9601
20 583 9702 7162 9151 5250 5172 5158 967 6777 3082 9924 8544 3823 3598 4738 2367 5581 1859 6661 807
11 8892 1994 5783 9273 8485 6218 2601 9270 9082 4317 229
24 4788 4673 2639 4643 1553 3859 3722 3490 2525 85 2957 8720 634 5156 7893 4740 426 9455 6653 2027 1748 447 796 3741
4 3202 9189 2593 2491
22 2738 8309 9743 7901 6956 6902 8952 7341 9376 5054 1842 6581 3953 5330 3906 5550 4688 8592 6568 6317 4401 7487
21 1221 849 9842 9265 6582 8640 9070 4246 965 9548 8432 9506 6785 809 4190 5026 5546 7377 3312 7152 5784
20 2681 248 802 6173 1480 8901 8212 744 5567 5187 3210 6593 5103 8011 6506 6095 2125 2131 1764 784
14 2143 9845 146 4792 8945 2141 9779 8173 816 1965 969 4903 9416 9360
25 493 1500 1910 9546 2661 1109 147 7609 2805 8991 1255 6149 1612 6727 1151 7547 919 4791 5276 5789 1329 3400 2372 7670 4900
21 8198 8637 6985 7135 9133 1930 3436 137 694 4880 2947 2364 8752 4464 3144 331 4422 1648 2218 8218 9600
16 29 6767 9473 5636 5712 4481 7595 6248 1774 7463 3699 7633 4930 2254 3808 7655
9 9406 9144 1755 1263 9731 4031 6067 2402 8563
12 902 9830 3966 7211 7535 3146 8444 9015 1177 7534 9188 7015
17 7512 9286 8940 8176 7941 1639 6857 8599 2343 6945 6231 6432 4768 5644 4311 4484 6011
23 2020 5808 8902 1272 7548 1256 6121 9000 5583 7999 4658 4221 3354 178 4299 8248 1063 2392 7544 6914 2182 1483 2202
17 6663 8698 6745 91 6946 2989 4667 1513 9298 290 889 8643 2567 7798 9260 407 766
4 2008 730 9483 1546
8 6649 4352 2648 680 8189 5562 4275 2032
16 1833 1208 3233 5702 4979 397 4727 3187 7291 3554 5277 7386 3304 2879 5918 3559
23 661 5535 4875 9002 141 7764 2622 8624 2039 857 5600 3483 6205 256 4477 1737 2328 9047 8815 5022 5989 9331 7771
11 3249 5377 8575 6280 1725 5001 6642 7707 6808 2214 4588
4 1697 9735 6279 4796
19 1414 9128 3779 1491 1381 6006 8852 7529 8871 3142 3399 7132 469 7596 4897 5797 7831 3099 8216
9 9449 8791 4709 9623 4515 9152 3717 1027 9642
7 8520 6884 7255 6966 9044 5139 1626
9 8848 4011 4004 3777 7582 8982 7151 246 1699
17 8021 4863 1222 348 2797 7515 3851 4394 7807 4345 6324 5552 4259 1531 2350 1265 4604
15 5359 9696 507 7309 7903 2599 6000 4291 5375 552 8926 9420 4198 1959 6834
12 7687 7224 4807 2551 5557 7334 688 5674 8909 9828 7782 3491
20 7891 908 575 2077 9297 7668 1286 907 3182 5180 7331 5691 9607 8570 362 5058 4216 3244 7485 6917
3 1142 3193 4469
24 1407 245 9182 3721 4130 6367 5700 8431 3489 1746 4595 6736 514 8584 5993 496 4086 7158 1362 2643 4288 9241 648 9726
15 5304 8713 6634 7448 1521 7267 4154 4050 9950 5451 5360 510 8335 3900 7621
6 4867 7787 9617 9836 7843 1339
25 9679 8840 8376 6012 2207 2954 4866 4628 7440 2916 4802 7259 929 6056 1765 6034 2043 1126 5247 937 6057 6079 9115 2490 8740
22 4223 832 6893 5847 9038 6939 1518 6601 8545 8470 1451 7960 6309 8056 7850 3226 4633 2024 8141 4118 4492 1293
22 5237 5539 9262 3326 8038 1980 9640 7922 9112 979 7543 7231 9143 5763 7107 3004 6543 6837 2011 1696 36 6060
12 8629 1997 3366 1415 6865 9987 2714 7684 2349 6522 8556 2321
11 4260 3050 2787 494 5764 8988 5444 2354 2683 9129 3523
8 3453 7342 3901 2206 2959 3016 9666 2736
15 9613 66 2543 5021 1695 6980 1985 2146 3506 7030 866 8849 5570 4069 8441
21 164 1369 8667 6699 2600 7014 6669 3682 7130 4322 4621 5947 5905 3074 1144 4010 8488 3716 8461 504 4755
21 1046 9272 3754 1470 2228 173 3938 3946 6970 841 2558 1457 4954 9863 6646 5681 2388 158 3676 9048 6935
14 4537 5996 6729 646 1700 7770 9167 8591 3461 9512 516 543 8632 2486
13 6523 2930 3952 9789 2383 8745 8793 8721 9964 6287 3385 613 6441
14 4656 2105 5400 3230 3955 6697 5871 7717 1611 3283 9056 2821 7358 3069
8 2140 4485 1721 9980 4014 6772 456 2212
18 846 3993 4965 8063 4703 2424 3433 4135 7212 5171 7003 9240 4294 9861 4598 3109 5705 8893
19 4781 6208 415 649 833 582 8285 7870 1496 7778 4470 4089 3079 9949 1536 1014 4737 2097 2998
15 3651 3807 7916 4888 9912 463 4711 6196 7636 3537 6932 692 3813 4915 1018
24 5902 5213 1729 7840 7456 3986 3487 1860 7587 7360 4330 4920 4234 3649 765 2849 2995 8096 9767 3019 4670 7974 7828 707
8 2327 2641 6752 1102 2556 4772 8785 8303
8 6633 9738 9165 2790 8099 3709 2133 5293
5 4666 1884 8719 25 5886
13 364 3750 5627 1179 4634 1684 9161 2302 9585 654 8735 3690 8215
5 3291 3052 4561 23 3791
18 7628 2171 6605 5913 3007 4219 7498 7195 882 9096 1818 7031 7400 8442 4097 2347 1659 5275
18 2442 5263 7811 4117 6437 5210 7962 481 6297 7796 2478 539 7538 7378 5928 3853 675 7053
8 9595 4615 560 4347 4111 9418 389 7713
17 6198 3773 8194 3746 377 9160 9809 2857 3657 2451 3888 9665 4065 129 6867 6354 7168
6 476 2583 4905 2730 2905 3048
10 1564 7323 8042 5799 7010 8257 6909 9694 683 2660
7 3430 3615 1676 6120 2021 4405 2346
16 5369 2717 9219 4825 5382 6743 9880 1239 8746 5053 9699 602 9883 2689 5339 1868
18 8346 7380 6762 7691 5386 6983 643 2407 1065 4409 647 5755 8393 2733 5131 360 8623 4005
22 7156 168 665 313 5994 897 8502 7791 7793 8101 5537 9102 7177 7047 4152 4380 4183 6781 4019 2301 8508 7375
16 9920 8434 6984 7284 589 8912 9919 2435 5283 9318 1166 7073 5257 6959 3662 3238
17 5881 5663 9065 7808 2548 4128 4645 6414 97 9899 7505 2527 3519 6015 4252 571 5618
10 6377 3774 5186 5365 8354 4231 5033 3039 1698 5599
21 6749 2952 39 893 6815 6529 1201 8659 8530 3231 4858 8937 6036 9422 3309 6406 4995 9008 1354 8718 5973
12 5425 6842 6356 9645 6850 216 4758 3910 5565 2854 4397 6753
19 9463 1723 6825 8062 1282 9574 7148 4008 3009 6771 6567 8244 1885 7797 5013 4609 3352 4519 9693
22 4200 9485 2982 6247 3044 5305 6730 1692 4624 6897 3701 9247 1911 9456 558 2405 9715 5115 9793 8724 8202 8971
11 7117 7574 7686 6580 2652 1048 9482 6462 7365 5548 3936
9 2523 8521 9712 4070 2769 7076 517 8153 9914
23 8207 2261 7232 9897 2885 4426 7176 2495 518 3841 2428 8969 890 2789 404 5740 3095 8919 7803 3447 2847 1701 9749
21 9030 506 6967 8486 9106 4690 74 6020 9407 4682 8359 8749 1535 2340 77 2001 2195 3390 3387 1249 3745
22 1223 2967 6538 8806 9641 2272 3216 7312 2771 2246 2768 5484 5145 9016 1068 3481 8107 6460 7776 1312 4295 3633
24 2657 5888 9537 843 193 2439 3424 1537 1779 6800 126 1610 6429 7495 5447 2003 1728 2870 221 9200 7781 4506 5508 8797
18 2074 8035 2867 6641 3174 1534 7344 2122 8833 714 7935 118 62 3118 9841 8347 4102 1284
18 4877 9815 2180 3839 2568 5163 7860 4764 7661 7510 3191 3948 7497 576 7332 4977 2019 3971
5 1332 8739 2573 5138 6702
25 741 1194 9769 5662 8595 8984 5709 6708 458 1051 3141 1471 8233 9944 2800 9892 6937 1373 9605 8281 2612 7244 1903 3505 6019
8 2061 8774 5816 2352 6969 6672 7415 2758
25 2928 7372 4245 7203 1644 1193 8760 4906 8143 4549 6203 260 4033 5099 7137 6854 7033 30 3960 4707 5781 1506 188 6257 4779
11 2399 4602 7209 4331 7316 724 4170 5626 4420 6999 6675
5 7119 4404 3539 5891 3897
9 7580 6818 9276 8968 4465 1007 2094 7052 2096
16 7108 9319 5340 9159 5525 7749 3757 7550 8531 7142 7279 2283 619 8619 6545 3825
8 4546 9628 4869 4652 9981 1143 2177 5825
7 5491 1580 9116 4986 5679 5262 7110
16 7401 1013 5182 7882 5279 7422 9433 7077 7663 4942 1409 3752 5200 551 6174 6090
12 1637 6168 7226 9576 876 1922 8456 189 9986 2752 5474 1374
24 2975 3566 1250 6491 2315 6888 8009 252 5023 5715 839 154 4902 9113 771 5196 4999 450 1739 8142 7530 7624 8084 6417
15 128 780 9180 1942 7080 5976 9985 1119 6622 5229 6140 1925 9239 371 2411
14 739 6125 607 9019 1416 725 6303 2237 5924 9383 5368 7725 5720 6302
20 2216 881 7984 8401 2829 2375 5941 720 6413 433 3416 6179 3116 4351 7308 5191 7672 9509 4448 8119
23 8783 8823 354 3623 1299 2722 9649 2285 2960 6253 9728 4016 9634 2674 6926 2588 4182 8095 1476 2456 1141 1164 9461
16 55 5466 2167 3775 1595 4689 1771 8477 9052 8843 8029 2667 9975 3331 591 1998
22 6662 7792 9586 5433 709 8820 3295 2614 8616 2653 2062 7090 7746 6801 6668 7780 8846 7165 8197 4510 6453 5884
14 3826 1634 6871 2187 8800 7830 8547 8590 3476 2762 5050 8779 1810 7433
20 3475 3663 8876 5014 6566 2715 2348 5692 7849 3756 9602 5341 4571 2471 7106 5326 2545 5215 7079 7410
25 1838 2748 8915 2338 1232 1738 715 6885 9934 6920 4396 3879 6977 9882 3360 9077 8593 767 9708 3348 9074 2161 6998 5750 6600
19 5161 1778 473 4607 7361 2602 2476 7653 3803 7939 9036 4743 861 5345 5752 8295 2550 2449 9448
22 5743 5757 6550 2927 6597 2397 2513 2431 3949 2662 698 9107 1032 309 2057 351 1 5677 4702 9589 5876 4042
21 2233 3104 3073 3220 9684 1412 3469 9784 5579 6716 3139 5708 4871 2542 7387 8208 940 3801 6830 9413 1385
14 1734 1276 3885 6615 7245 7066 3710 4125 405 812 6855 8245 3003 7522
15 3640 1251 7602 98 982 3169 2121 6181 4443 2634 1218 4369 1181 1061 3749
23 7929 2132 660 8263 4209 1967 8682 1902 4406 8450 7101 2668 7521 7435 7838 6728 721 8460 898 78 1366 4909 5046
25 8073 4705 9158 4195 4594 6451 7650 4029 275 4617 9902 9706 4816 5651 8807 7945 3018 9911 6773 2985 6732 3670 9365 5148 432
10 5017 3119 9186 1236 2168 8436 1926 9660 1390 3246
11 9045 3740 5405 6161 2835 1783 1198 5307 288 941 4483
12 6493 6200 8768 2304 949 1330 7502 6816 9335 6290 6116 6517
6 1399 9124 6973 679 3344 3620
21 6455 8816 6480 3974 65 6138 8188 1297 332 2111 3846 4026 917 7324 8702 5469 3561 9446 7981 1751 8654
18 5500 7172 1693 3181 2898 9881 4685 3939 7627 7037 7425 5670 2582 8998 5623 4697 6748 79
20 2079 4196 7193 5837 459 7143 4264 9636 5116 3602 3212 1854 8394 8867 6306 4458 6187 7300 4553 7467
13 1689 8192 7815 33 4814 4463 5242 7896 3162 5923 274 6500 8838
7 4495 5777 6392 8615 403 2053 4023
14 4644 2270 7712 3992 6042 561 6131 2232 8250 5496 6683 6797 8743 1140
21 8395 864 1949 4605 3793 5009 5394 7237 5520 1008 1828 2793 1989 8881 5732 2050 4998 3094 7315 8424 9673
7 2235 3054 5082 6907 1199 6982 9377
8 1685 8973 1211 1831 122 4366 1246 6521
18 8420 3666 8854 2482 4274 8150 6638 5858 2048 4529 9833 7139 1606 791 1025 5319 269 1015
13 47 671 9475 4006 2744 2379 844 3186 3106 6760 6844 51 1599
18 9620 6814 5457 5684 6821 8510 9388 3865 847 2850 1770 7872 4431 9223 3227 6005 1085 143
6 7876 5815 8953 4654 9205 1817
7 9487 8831 6512 353 6910 7662 2591
22 4285 4938 6078 254 7045 8007 2589 7501 578 7507 8428 2560 4486 5527 1117 7774 2877 7297 9269 149 5811 9099
19 9046 3092 2382 1443 2477 2846 7610 4970 2016 7194 7982 2303 4565 7620 9588 6183 5813 6621 3388
20 6360 2663 2320 6659 3862 3271 6874 6741 7741 9539 2154 8383 5642 8288 4774 6627 6779 6401 7978 8726
17 8766 4953 4300 6197 8693 230 6251 34 5810 1464 1124 7240 8186 9667 1292 9664 8722
20 5818 7874 6498 4854 674 9054 5040 3907 4884 2635 1937 4335 2688 6336 2810 4639 4480 3831 9149 3638
27 4066 3160 2118 5212 5620 2937 2802 4213 8237 7630 9566 7829 8440 3266 4892 4710 8961 1094 5321 3091 3268 3604 5630 9308 5051 5587 7338
11 1005 8447 3199 3370 4749 2288 5178 5462 6335 9898 9336
10 2324 3403 5756 3760 9231 3624 5657 3415 4771 7842
21 3866 1873 8546 9321 9710 2539 2128 4276 8228 130 5181 3962 2403 8649 4030 1673 8380 4674 6035 5867 9999
21 5885 9543 6021 475 4099 1110 9632 9859 1861 2159 2247 81 6192 4775 9594 6679 6892 8491 3143 9840 4181
15 8179 3991 951 8368 1324 5008 8111 1814 5329 1321 5056 3280 8417 1347 5988
9 7810 3510 4141 2126 2969 365 4523 1459 3088
13 4583 697 3512 3802 872 7483 5772 2624 5109 7517 1205 3804 9849
5 7799 3396 3921 3789 5982
9 3149 5112 7102 292 5603 7122 2088 3355 8000
12 4150 1024 9631 4940 6062 3225 3660 595 6614 451 3010 5840
10 315 5540 9681 1523 9264 6722 970 1466 8571 5883
7 5699 9871 8259 3785 8033 7967 5226
23 4003 8609 993 4819 9141 8334 425 4714 9130 3323 2268 9725 4619 8400 7694 4618 981 470 2734 4517 5494 2858 6448
14 4558 2250 9209 7301 7857 4248 6908 2231 2119 3747 5041 8220 1432 2430
8 1489 935 4744 3751 4232 8597 4093 7061
21 8277 35 3636 2355 8827 6345 3135 7321 7933 5929 9724 7564 3382 6254 2761 4253 6823 8240 9493 9257 8048
22 4720 3783 6584 1081 1004 1598 774 4423 8873 7474 6719 114 9348 7549 2483 7452 1802 9877 3046 7427 7722 8468
24 8573 1252 645 9284 402 9072 6925 2875 1516 1603 7187 3502 7055 2699 4176 9468 4161 4237 5392 1720 6358 2294 9940 8377
11 8715 448 9171 1453 6832 272 9355 6319 7352 588 9803
25 2335 9382 9657 7208 9923 2115 2248 9554 1920 6963 9101 9866 2398 2052 6094 7071 7740 9727 4487 7785 9905 787 7518 1011 5561
19 1186 2900 4696 8266 9810 6900 5593 5260 6554 6972 7199 5216 7765 2965 5413 5645 8305 2259 7767
14 9191 1655 6503 751 4119 8413 133 3338 1716 4838 3724 8255 8527 7288
20 2782 2731 6896 5803 8407 4499 5214 5243 8324 9328 2596 5827 9686 8353 2514 1617 4172 5325 6112 6288
22 5971 7000 9100 7513 4787 2 1394 1733 6398 9330 8672 5605 9593 8496 2757 9535 2575 317 1133 4752 9827 2773
21 6961 2455 5566 8079 8298 5995 6751 8268 8246 2190 2713 5042 4521 1671 2406 8476 1759 2647 4672 3923 437
